Running in Lattice mode

Starting:    C:\lscc\diamond\3.10_x64\synpbase\bin64\mbin\synbatch.exe
Install:     C:\lscc\diamond\3.10_x64\synpbase
Hostname:    LAPTOP-VIKJBT0U
Date:        Mon Sep  9 11:56:06 2019
Version:     M-2017.03L-SP1-1

Arguments:   -product synplify_pro -batch shiftRL00_shiftRL0_synplify.tcl
ProductType: synplify_pro




log file: "C:\Users\Mario\Desktop\Semestre 10\Arquitectura de Computadoras\Practicas\PrimerParcial\Practica16\shiftRL00\shiftRL0\shiftRL00_shiftRL0.srr"
Running: hdl_info_gen in foreground

Generating HDL info...

hdl_info_gen completed
# Mon Sep  9 11:56:09 2019

Return Code: 0
Run Time:00h:00m:02s
log file: "C:\Users\Mario\Desktop\Semestre 10\Arquitectura de Computadoras\Practicas\PrimerParcial\Practica16\shiftRL00\shiftRL0\shiftRL00_shiftRL0.srr"
Running: shiftRL0 in foreground

Running proj_1|shiftRL0

Running: compile (Compile) on proj_1|shiftRL0
# Mon Sep  9 11:56:09 2019

Running: compile_flow (Compile Process) on proj_1|shiftRL0
# Mon Sep  9 11:56:09 2019

Running: compiler (Compile Input) on proj_1|shiftRL0
# Mon Sep  9 11:56:09 2019
Copied C:\Users\Mario\Desktop\Semestre 10\Arquitectura de Computadoras\Practicas\PrimerParcial\Practica16\shiftRL00\shiftRL0\synwork\shiftRL00_shiftRL0_comp.srs to C:\Users\Mario\Desktop\Semestre 10\Arquitectura de Computadoras\Practicas\PrimerParcial\Practica16\shiftRL00\shiftRL0\shiftRL00_shiftRL0.srs

compiler completed
# Mon Sep  9 11:56:14 2019

Return Code: 0
Run Time:00h:00m:05s

Running: multi_srs_gen (Multi-srs Generator) on proj_1|shiftRL0
# Mon Sep  9 11:56:14 2019

multi_srs_gen completed
# Mon Sep  9 11:56:15 2019

Return Code: 0
Run Time:00h:00m:01s
Copied C:\Users\Mario\Desktop\Semestre 10\Arquitectura de Computadoras\Practicas\PrimerParcial\Practica16\shiftRL00\shiftRL0\synwork\shiftRL00_shiftRL0_mult.srs to C:\Users\Mario\Desktop\Semestre 10\Arquitectura de Computadoras\Practicas\PrimerParcial\Practica16\shiftRL00\shiftRL0\shiftRL00_shiftRL0.srs
Copied C:\Users\Mario\Desktop\Semestre 10\Arquitectura de Computadoras\Practicas\PrimerParcial\Practica16\shiftRL00\shiftRL0\shiftRL00_shiftRL0.srr to C:\Users\Mario\Desktop\Semestre 10\Arquitectura de Computadoras\Practicas\PrimerParcial\Practica16\shiftRL00\shiftRL0\shiftRL00_shiftRL0.srf
Complete: Compile Process on proj_1|shiftRL0

Running: premap (Pre-mapping) on proj_1|shiftRL0
# Mon Sep  9 11:56:15 2019

premap completed with warnings
# Mon Sep  9 11:56:19 2019

Return Code: 1
Run Time:00h:00m:04s
Complete: Compile on proj_1|shiftRL0

Running: map (Map) on proj_1|shiftRL0
# Mon Sep  9 11:56:19 2019
License granted for 4 parallel jobs

Running: fpga_mapper (Map & Optimize) on proj_1|shiftRL0
# Mon Sep  9 11:56:19 2019
Copied C:\Users\Mario\Desktop\Semestre 10\Arquitectura de Computadoras\Practicas\PrimerParcial\Practica16\shiftRL00\shiftRL0\synwork\shiftRL00_shiftRL0_m.srm to C:\Users\Mario\Desktop\Semestre 10\Arquitectura de Computadoras\Practicas\PrimerParcial\Practica16\shiftRL00\shiftRL0\shiftRL00_shiftRL0.srm

fpga_mapper completed with warnings
# Mon Sep  9 11:56:25 2019

Return Code: 1
Run Time:00h:00m:06s
Complete: Map on proj_1|shiftRL0
Copied C:\Users\Mario\Desktop\Semestre 10\Arquitectura de Computadoras\Practicas\PrimerParcial\Practica16\shiftRL00\shiftRL0\shiftRL00_shiftRL0.srr to C:\Users\Mario\Desktop\Semestre 10\Arquitectura de Computadoras\Practicas\PrimerParcial\Practica16\shiftRL00\shiftRL0\shiftRL00_shiftRL0.srf
Complete: Logic Synthesis on proj_1|shiftRL0
TCL script complete: "shiftRL00_shiftRL0_synplify.tcl"
exit status=0
exit status=0
Save changes for project:
C:\Users\Mario\Desktop\Semestre 10\Arquitectura de Computadoras\Practicas\PrimerParcial\Practica16\shiftRL00\shiftRL0\proj_1.prj
batch mode default:no
