Running in Lattice mode

Starting:    C:\lscc\diamond\3.10_x64\synpbase\bin64\mbin\synbatch.exe
Install:     C:\lscc\diamond\3.10_x64\synpbase
Hostname:    LAPTOP-VIKJBT0U
Date:        Mon Sep  2 11:47:39 2019
Version:     M-2017.03L-SP1-1

Arguments:   -product synplify_pro -batch div00_div0_synplify.tcl
ProductType: synplify_pro




log file: "C:\Users\Mario\Desktop\Semestre 10\Arquitectura de Computadoras\Practicas\PrimerParcial\Practica13\div00\div0\div00_div0.srr"
Running: hdl_info_gen in foreground

Generating HDL info...

hdl_info_gen completed
# Mon Sep  2 11:47:43 2019

Return Code: 0
Run Time:00h:00m:02s
log file: "C:\Users\Mario\Desktop\Semestre 10\Arquitectura de Computadoras\Practicas\PrimerParcial\Practica13\div00\div0\div00_div0.srr"
Running: div0 in foreground

Running proj_1|div0

Running: compile (Compile) on proj_1|div0
# Mon Sep  2 11:47:43 2019

Running: compile_flow (Compile Process) on proj_1|div0
# Mon Sep  2 11:47:43 2019

Running: compiler (Compile Input) on proj_1|div0
# Mon Sep  2 11:47:43 2019
Copied C:\Users\Mario\Desktop\Semestre 10\Arquitectura de Computadoras\Practicas\PrimerParcial\Practica13\div00\div0\synwork\div00_div0_comp.srs to C:\Users\Mario\Desktop\Semestre 10\Arquitectura de Computadoras\Practicas\PrimerParcial\Practica13\div00\div0\div00_div0.srs

compiler completed
# Mon Sep  2 11:47:47 2019

Return Code: 0
Run Time:00h:00m:04s

Running: multi_srs_gen (Multi-srs Generator) on proj_1|div0
# Mon Sep  2 11:47:47 2019

multi_srs_gen completed
# Mon Sep  2 11:47:48 2019

Return Code: 0
Run Time:00h:00m:01s
Copied C:\Users\Mario\Desktop\Semestre 10\Arquitectura de Computadoras\Practicas\PrimerParcial\Practica13\div00\div0\synwork\div00_div0_mult.srs to C:\Users\Mario\Desktop\Semestre 10\Arquitectura de Computadoras\Practicas\PrimerParcial\Practica13\div00\div0\div00_div0.srs
Copied C:\Users\Mario\Desktop\Semestre 10\Arquitectura de Computadoras\Practicas\PrimerParcial\Practica13\div00\div0\div00_div0.srr to C:\Users\Mario\Desktop\Semestre 10\Arquitectura de Computadoras\Practicas\PrimerParcial\Practica13\div00\div0\div00_div0.srf
Complete: Compile Process on proj_1|div0

Running: premap (Pre-mapping) on proj_1|div0
# Mon Sep  2 11:47:48 2019

premap completed with warnings
# Mon Sep  2 11:47:53 2019

Return Code: 1
Run Time:00h:00m:05s
Complete: Compile on proj_1|div0

Running: map (Map) on proj_1|div0
# Mon Sep  2 11:47:53 2019
License granted for 4 parallel jobs

Running: fpga_mapper (Map & Optimize) on proj_1|div0
# Mon Sep  2 11:47:53 2019
Copied C:\Users\Mario\Desktop\Semestre 10\Arquitectura de Computadoras\Practicas\PrimerParcial\Practica13\div00\div0\synwork\div00_div0_m.srm to C:\Users\Mario\Desktop\Semestre 10\Arquitectura de Computadoras\Practicas\PrimerParcial\Practica13\div00\div0\div00_div0.srm

fpga_mapper completed with warnings
# Mon Sep  2 11:47:58 2019

Return Code: 1
Run Time:00h:00m:05s
Complete: Map on proj_1|div0
Copied C:\Users\Mario\Desktop\Semestre 10\Arquitectura de Computadoras\Practicas\PrimerParcial\Practica13\div00\div0\div00_div0.srr to C:\Users\Mario\Desktop\Semestre 10\Arquitectura de Computadoras\Practicas\PrimerParcial\Practica13\div00\div0\div00_div0.srf
Complete: Logic Synthesis on proj_1|div0
TCL script complete: "div00_div0_synplify.tcl"
exit status=0
exit status=0
Save changes for project:
C:\Users\Mario\Desktop\Semestre 10\Arquitectura de Computadoras\Practicas\PrimerParcial\Practica13\div00\div0\proj_1.prj
batch mode default:no
