
synpwrap -msg -prj "lcd00_lcd00_synplify.tcl" -log "lcd00_lcd00.srf"
Copyright (C) 1992-2017 Lattice Semiconductor Corporation. All rights reserved.
Lattice Diamond Version 3.10.0.111.2
    <postMsg mid="2011000" type="Info"    dynamic="0" navigation="0"  />

==contents of lcd00_lcd00.srf
#Build: Synplify Pro (R) M-2017.03L-SP1-1, Build 086R, Aug  4 2017
#install: C:\lscc\diamond\3.10_x64\synpbase
#OS: Windows 7 6.1
#Hostname: WIN-EMSL2UK4DFL

# Thu Oct 24 11:33:44 2019

#Implementation: lcd00

Synopsys HDL Compiler, version comp2017q2p1, Build 190R, built Aug  4 2017
@N|Running in 64-bit mode
Copyright (C) 1994-2017 Synopsys, Inc. This Synopsys software and all associated documentation are proprietary to Synopsys, Inc. and may only be used pursuant to the terms and conditions of a written license agreement with Synopsys, Inc. All other use, reproduction, modification, or distribution of the Synopsys software or the associated documentation is strictly prohibited.

Synopsys VHDL Compiler, version comp2017q2p1, Build 190R, built Aug  4 2017
@N|Running in 64-bit mode
Copyright (C) 1994-2017 Synopsys, Inc. This Synopsys software and all associated documentation are proprietary to Synopsys, Inc. and may only be used pursuant to the terms and conditions of a written license agreement with Synopsys, Inc. All other use, reproduction, modification, or distribution of the Synopsys software or the associated documentation is strictly prohibited.

@N: CD720 :"C:\lscc\diamond\3.10_x64\synpbase\lib\vhd\std.vhd":123:18:123:21|Setting time resolution to ps
@N:"C:\Users\Ariadna Gracida\Documents\arqui2020\2\lcd00\topLCD00.vhdl":10:7:10:14|Top entity is set to topLCD00.
Options changed - recompiling
VHDL syntax check successful!
Options changed - recompiling
@N: CD630 :"C:\Users\Ariadna Gracida\Documents\arqui2020\2\lcd00\topLCD00.vhdl":10:7:10:14|Synthesizing work.toplcd00.toplcd0.
@N: CD630 :"C:\Users\Ariadna Gracida\Documents\arqui2020\2\lcd00\muxLCD00.vhdl":10:7:10:14|Synthesizing work.muxlcd00.muxlcd0.
Post processing for work.muxlcd00.muxlcd0
@N: CD630 :"C:\Users\Ariadna Gracida\Documents\arqui2020\2\lcd00\dataLCD00.vhdl":8:7:8:15|Synthesizing work.datalcd00.datalcd0.
Post processing for work.datalcd00.datalcd0
@N: CL189 :"C:\Users\Ariadna Gracida\Documents\arqui2020\2\lcd00\dataLCD00.vhdl":39:2:39:3|Register bit outchar(7) is always 0.
@W: CL260 :"C:\Users\Ariadna Gracida\Documents\arqui2020\2\lcd00\dataLCD00.vhdl":39:2:39:3|Pruning register bit 7 of outchar(7 downto 0). If this is not the intended behavior, drive the input with valid values, or an input from the top level.
@N: CD630 :"C:\Users\Ariadna Gracida\Documents\arqui2020\2\lcd00\contdataLCD00.vhdl":8:7:8:19|Synthesizing work.contdatalcd00.contdatalcd0.
@N: CD364 :"C:\Users\Ariadna Gracida\Documents\arqui2020\2\lcd00\contdataLCD00.vhdl":46:7:46:15|Removing redundant assignment.
Post processing for work.contdatalcd00.contdatalcd0
@N: CD630 :"C:\Users\Ariadna Gracida\Documents\arqui2020\2\lcd00\configLCD00.vhdl":7:7:7:17|Synthesizing work.configlcd00.configlcd0.
Post processing for work.configlcd00.configlcd0
@N: CD630 :"C:\Users\Ariadna Gracida\Documents\arqui2020\2\lcd00\contconfigLCD00.vhdl":8:7:8:21|Synthesizing work.contconfiglcd00.contconfiglcd0.
@N: CD364 :"C:\Users\Ariadna Gracida\Documents\arqui2020\2\lcd00\contconfigLCD00.vhdl":33:6:33:10|Removing redundant assignment.
Post processing for work.contconfiglcd00.contconfiglcd0
@N: CD630 :"C:\Users\Ariadna Gracida\Documents\arqui2020\1\div00\topdiv00.vhdl":7:7:7:14|Synthesizing work.topdiv00.topdiv0.
@N: CD630 :"C:\Users\Ariadna Gracida\Documents\arqui2020\1\div00\div00.vhdl":8:7:8:11|Synthesizing work.div00.div0.
Post processing for work.div00.div0
@N: CD630 :"C:\Users\Ariadna Gracida\Documents\arqui2020\1\div00\osc00.vhdl":6:7:6:11|Synthesizing work.osc00.osc0.
@W: CD326 :"C:\Users\Ariadna Gracida\Documents\arqui2020\1\div00\osc00.vhdl":21:0:21:7|Port sedstdby of entity work.osch is unconnected. If a port needs to remain unconnected, use the keyword open.
@N: CD630 :"C:\lscc\diamond\3.10_x64\cae_library\synthesis\vhdl\machxo2.vhd":2291:10:2291:13|Synthesizing work.osch.syn_black_box.
Post processing for work.osch.syn_black_box
Post processing for work.osc00.osc0
Post processing for work.topdiv00.topdiv0
Post processing for work.toplcd00.toplcd0
@W: CL240 :"C:\Users\Ariadna Gracida\Documents\arqui2020\2\lcd00\topLCD00.vhdl":25:2:25:10|Signal outRWLED0 is floating; a simulation mismatch is possible.
@W: CL240 :"C:\Users\Ariadna Gracida\Documents\arqui2020\2\lcd00\topLCD00.vhdl":23:2:23:10|Signal outRSLCD0 is floating; a simulation mismatch is possible.
@W: CL138 :"C:\Users\Ariadna Gracida\Documents\arqui2020\2\lcd00\configLCD00.vhdl":27:2:27:3|Removing register 'RScf' because it is only assigned 0 or its original value.
@W: CL138 :"C:\Users\Ariadna Gracida\Documents\arqui2020\2\lcd00\configLCD00.vhdl":27:2:27:3|Removing register 'RWcf' because it is only assigned 0 or its original value.
@N: CL189 :"C:\Users\Ariadna Gracida\Documents\arqui2020\2\lcd00\configLCD00.vhdl":27:2:27:3|Register bit commandcf(6) is always 0.
@N: CL189 :"C:\Users\Ariadna Gracida\Documents\arqui2020\2\lcd00\configLCD00.vhdl":27:2:27:3|Register bit commandcf(7) is always 0.
@W: CL279 :"C:\Users\Ariadna Gracida\Documents\arqui2020\2\lcd00\configLCD00.vhdl":27:2:27:3|Pruning register bits 7 to 6 of commandcf(7 downto 0). If this is not the intended behavior, drive the inputs with valid values, or inputs from the top level.
@W: CL138 :"C:\Users\Ariadna Gracida\Documents\arqui2020\2\lcd00\contdataLCD00.vhdl":27:2:27:3|Removing register 'RWcd' because it is only assigned 0 or its original value.
@N: CL189 :"C:\Users\Ariadna Gracida\Documents\arqui2020\2\lcd00\contdataLCD00.vhdl":27:2:27:3|Register bit RScd is always 1.
@N: CL159 :"C:\Users\Ariadna Gracida\Documents\arqui2020\2\lcd00\dataLCD00.vhdl":13:2:13:10|Input inFlagcfd is unused.
@N: CL159 :"C:\Users\Ariadna Gracida\Documents\arqui2020\2\lcd00\muxLCD00.vhdl":14:1:14:9|Input inFlagcdm is unused.

At c_vhdl Exit (Real Time elapsed 0h:00m:00s; CPU Time elapsed 0h:00m:00s; Memory used current: 76MB peak: 79MB)

Process took 0h:00m:01s realtime, 0h:00m:01s cputime

Process completed successfully.
# Thu Oct 24 11:33:44 2019

###########################################################]
Synopsys Netlist Linker, version comp2017q2p1, Build 190R, built Aug  4 2017
@N|Running in 64-bit mode
File C:\Users\Ariadna Gracida\Documents\arqui2020\2\lcd00\lcd00\synwork\layer0.srs changed - recompiling

At syn_nfilter Exit (Real Time elapsed 0h:00m:00s; CPU Time elapsed 0h:00m:00s; Memory used current: 67MB peak: 68MB)

Process took 0h:00m:01s realtime, 0h:00m:01s cputime

Process completed successfully.
# Thu Oct 24 11:33:44 2019

###########################################################]
@END

At c_hdl Exit (Real Time elapsed 0h:00m:00s; CPU Time elapsed 0h:00m:00s; Memory used current: 3MB peak: 4MB)

Process took 0h:00m:01s realtime, 0h:00m:01s cputime

Process completed successfully.
# Thu Oct 24 11:33:44 2019

###########################################################]
Synopsys Netlist Linker, version comp2017q2p1, Build 190R, built Aug  4 2017
@N|Running in 64-bit mode
File C:\Users\Ariadna Gracida\Documents\arqui2020\2\lcd00\lcd00\synwork\lcd00_lcd00_comp.srs changed - recompiling

At syn_nfilter Exit (Real Time elapsed 0h:00m:00s; CPU Time elapsed 0h:00m:00s; Memory used current: 67MB peak: 68MB)

Process took 0h:00m:01s realtime, 0h:00m:01s cputime

Process completed successfully.
# Thu Oct 24 11:33:45 2019

###########################################################]
Pre-mapping Report

# Thu Oct 24 11:33:46 2019

Synopsys Lattice Technology Pre-mapping, Version maplat, Build 1796R, Built Aug  4 2017 11:10:16
Copyright (C) 1994-2017 Synopsys, Inc. This Synopsys software and all associated documentation are proprietary to Synopsys, Inc. and may only be used pursuant to the terms and conditions of a written license agreement with Synopsys, Inc. All other use, reproduction, modification, or distribution of the Synopsys software or the associated documentation is strictly prohibited.
Product Version M-2017.03L-SP1-1

Mapper Startup Complete (Real Time elapsed 0h:00m:00s; CPU Time elapsed 0h:00m:00s; Memory used current: 99MB peak: 99MB)

@A: MF827 |No constraint file specified.
@L: C:\Users\Ariadna Gracida\Documents\arqui2020\2\lcd00\lcd00\lcd00_lcd00_scck.rpt 
Printing clock  summary report in "C:\Users\Ariadna Gracida\Documents\arqui2020\2\lcd00\lcd00\lcd00_lcd00_scck.rpt" file 
@N: MF248 |Running in 64-bit mode.
@N: MF666 |Clock conversion enabled. (Command "set_option -fix_gated_and_generated_clocks 1" in the project file.)

Design Input Complete (Real Time elapsed 0h:00m:00s; CPU Time elapsed 0h:00m:00s; Memory used current: 100MB peak: 102MB)


Mapper Initialization Complete (Real Time elapsed 0h:00m:00s; CPU Time elapsed 0h:00m:00s; Memory used current: 100MB peak: 102MB)


Start loading timing files (Real Time elapsed 0h:00m:00s; CPU Time elapsed 0h:00m:00s; Memory used current: 112MB peak: 112MB)


Finished loading timing files (Real Time elapsed 0h:00m:00s; CPU Time elapsed 0h:00m:00s; Memory used current: 112MB peak: 114MB)

@W: FX474 |User-specified initial value defined for some sequential elements which can prevent optimum synthesis results from being achieved. 
ICG Latch Removal Summary:
Number of ICG latches removed:	0
Number of ICG latches not removed:	0
syn_allowed_resources : blockrams=26  set on top level netlist topLCD00

Finished netlist restructuring (Real Time elapsed 0h:00m:00s; CPU Time elapsed 0h:00m:00s; Memory used current: 139MB peak: 141MB)



Clock Summary
******************

          Start                            Requested     Requested     Clock                                           Clock                   Clock
Level     Clock                            Frequency     Period        Type                                            Group                   Load 
----------------------------------------------------------------------------------------------------------------------------------------------------
0 -       osc00|osc_int_inferred_clock     2.1 MHz       480.769       inferred                                        Inferred_clkgroup_0     23   
1 .         div00|oscout_derived_clock     2.1 MHz       480.769       derived (from osc00|osc_int_inferred_clock)     Inferred_clkgroup_0     29   
====================================================================================================================================================

@W: MT529 :"c:\users\ariadna gracida\documents\arqui2020\1\div00\div00.vhdl":20:2:20:3|Found inferred clock osc00|osc_int_inferred_clock which controls 23 sequential elements including LD00.D01.sdiv[21:0]. This clock has no specified timing constraint which may prevent conversion of gated or generated clocks and may adversely impact design performance. 

Finished Pre Mapping Phase.

Starting constraint checker (Real Time elapsed 0h:00m:00s; CPU Time elapsed 0h:00m:00s; Memory used current: 139MB peak: 141MB)


Finished constraint checker preprocessing (Real Time elapsed 0h:00m:00s; CPU Time elapsed 0h:00m:00s; Memory used current: 139MB peak: 141MB)

None
None

Finished constraint checker (Real Time elapsed 0h:00m:00s; CPU Time elapsed 0h:00m:00s; Memory used current: 139MB peak: 141MB)

Pre-mapping successful!

At Mapper Exit (Real Time elapsed 0h:00m:00s; CPU Time elapsed 0h:00m:00s; Memory used current: 55MB peak: 141MB)

Process took 0h:00m:01s realtime, 0h:00m:01s cputime
# Thu Oct 24 11:33:46 2019

###########################################################]
Map & Optimize Report

# Thu Oct 24 11:33:47 2019

Synopsys Lattice Technology Mapper, Version maplat, Build 1796R, Built Aug  4 2017 11:10:16
Copyright (C) 1994-2017 Synopsys, Inc. This Synopsys software and all associated documentation are proprietary to Synopsys, Inc. and may only be used pursuant to the terms and conditions of a written license agreement with Synopsys, Inc. All other use, reproduction, modification, or distribution of the Synopsys software or the associated documentation is strictly prohibited.
Product Version M-2017.03L-SP1-1

Mapper Startup Complete (Real Time elapsed 0h:00m:00s; CPU Time elapsed 0h:00m:00s; Memory used current: 99MB peak: 99MB)

@N: MF248 |Running in 64-bit mode.
@N: MF666 |Clock conversion enabled. (Command "set_option -fix_gated_and_generated_clocks 1" in the project file.)

Design Input Complete (Real Time elapsed 0h:00m:00s; CPU Time elapsed 0h:00m:00s; Memory used current: 98MB peak: 100MB)


Mapper Initialization Complete (Real Time elapsed 0h:00m:00s; CPU Time elapsed 0h:00m:00s; Memory used current: 98MB peak: 100MB)


Start loading timing files (Real Time elapsed 0h:00m:00s; CPU Time elapsed 0h:00m:00s; Memory used current: 111MB peak: 112MB)


Finished loading timing files (Real Time elapsed 0h:00m:00s; CPU Time elapsed 0h:00m:00s; Memory used current: 111MB peak: 114MB)



Starting Optimization and Mapping (Real Time elapsed 0h:00m:00s; CPU Time elapsed 0h:00m:00s; Memory used current: 139MB peak: 141MB)


Available hyper_sources - for debug and ip models
	None Found

@W: FA239 :"c:\users\ariadna gracida\documents\arqui2020\2\lcd00\datalcd00.vhdl":44:16:44:20|ROM outchar_1_1[6:5] (in view: work.dataLCD00(datalcd0)) mapped in logic. To map to a technology ROM, apply attribute syn_romstyle on this instance.
@W: FA239 :"c:\users\ariadna gracida\documents\arqui2020\2\lcd00\datalcd00.vhdl":44:16:44:20|ROM outchar_1_1[3:0] (in view: work.dataLCD00(datalcd0)) mapped in logic. To map to a technology ROM, apply attribute syn_romstyle on this instance.
@W: FA239 :"c:\users\ariadna gracida\documents\arqui2020\2\lcd00\datalcd00.vhdl":44:16:44:20|ROM outchar_1_1[6:5] (in view: work.dataLCD00(datalcd0)) mapped in logic. To map to a technology ROM, apply attribute syn_romstyle on this instance.
@N: MO106 :"c:\users\ariadna gracida\documents\arqui2020\2\lcd00\datalcd00.vhdl":44:16:44:20|Found ROM .delname. (in view: work.dataLCD00(datalcd0)) with 32 words by 2 bits.
@W: FA239 :"c:\users\ariadna gracida\documents\arqui2020\2\lcd00\datalcd00.vhdl":44:16:44:20|ROM outchar_1_1[3:0] (in view: work.dataLCD00(datalcd0)) mapped in logic. To map to a technology ROM, apply attribute syn_romstyle on this instance.
@N: MO106 :"c:\users\ariadna gracida\documents\arqui2020\2\lcd00\datalcd00.vhdl":44:16:44:20|Found ROM .delname. (in view: work.dataLCD00(datalcd0)) with 32 words by 4 bits.

Finished RTL optimizations (Real Time elapsed 0h:00m:00s; CPU Time elapsed 0h:00m:00s; Memory used current: 140MB peak: 141MB)


Starting factoring (Real Time elapsed 0h:00m:00s; CPU Time elapsed 0h:00m:00s; Memory used current: 140MB peak: 141MB)


Finished factoring (Real Time elapsed 0h:00m:00s; CPU Time elapsed 0h:00m:00s; Memory used current: 141MB peak: 141MB)


Starting gated-clock and generated-clock conversion (Real Time elapsed 0h:00m:00s; CPU Time elapsed 0h:00m:00s; Memory used current: 140MB peak: 141MB)


Finished gated-clock and generated-clock conversion (Real Time elapsed 0h:00m:00s; CPU Time elapsed 0h:00m:00s; Memory used current: 140MB peak: 141MB)


Finished generic timing optimizations - Pass 1 (Real Time elapsed 0h:00m:00s; CPU Time elapsed 0h:00m:00s; Memory used current: 142MB peak: 142MB)


Starting Early Timing Optimization (Real Time elapsed 0h:00m:00s; CPU Time elapsed 0h:00m:00s; Memory used current: 142MB peak: 143MB)


Finished Early Timing Optimization (Real Time elapsed 0h:00m:00s; CPU Time elapsed 0h:00m:00s; Memory used current: 142MB peak: 143MB)


Finished generic timing optimizations - Pass 2 (Real Time elapsed 0h:00m:00s; CPU Time elapsed 0h:00m:00s; Memory used current: 142MB peak: 143MB)


Finished preparing to map (Real Time elapsed 0h:00m:01s; CPU Time elapsed 0h:00m:00s; Memory used current: 142MB peak: 143MB)


Finished technology mapping (Real Time elapsed 0h:00m:01s; CPU Time elapsed 0h:00m:01s; Memory used current: 147MB peak: 149MB)

Pass		 CPU time		Worst Slack		Luts / Registers
------------------------------------------------------------
   1		0h:00m:01s		   468.81ns		 106 /        52

Finished technology timing optimizations and critical path resynthesis (Real Time elapsed 0h:00m:01s; CPU Time elapsed 0h:00m:01s; Memory used current: 147MB peak: 149MB)

@N: FX164 |The option to pack registers in the IOB has not been specified. Please set syn_useioff attribute.  
@A: BN291 :"c:\users\ariadna gracida\documents\arqui2020\2\lcd00\contconfiglcd00.vhdl":22:1:22:2|Boundary register LD01.outcc_4_.fb (in view: work.topLCD00(toplcd0)) is packed into a complex cell. To disable register packing, set syn_keep=1 on the net between the register and the complex cell. 
@A: BN291 :"c:\users\ariadna gracida\documents\arqui2020\2\lcd00\contconfiglcd00.vhdl":22:1:22:2|Boundary register LD01.outcc_3_.fb (in view: work.topLCD00(toplcd0)) is packed into a complex cell. To disable register packing, set syn_keep=1 on the net between the register and the complex cell. 
@A: BN291 :"c:\users\ariadna gracida\documents\arqui2020\2\lcd00\contconfiglcd00.vhdl":22:1:22:2|Boundary register LD01.outcc_2_.fb (in view: work.topLCD00(toplcd0)) is packed into a complex cell. To disable register packing, set syn_keep=1 on the net between the register and the complex cell. 
@A: BN291 :"c:\users\ariadna gracida\documents\arqui2020\2\lcd00\contconfiglcd00.vhdl":22:1:22:2|Boundary register LD01.outcc_1_.fb (in view: work.topLCD00(toplcd0)) is packed into a complex cell. To disable register packing, set syn_keep=1 on the net between the register and the complex cell. 
@A: BN291 :"c:\users\ariadna gracida\documents\arqui2020\2\lcd00\contconfiglcd00.vhdl":22:1:22:2|Boundary register LD01.outcc_0_.fb (in view: work.topLCD00(toplcd0)) is packed into a complex cell. To disable register packing, set syn_keep=1 on the net between the register and the complex cell. 
@A: BN291 :"c:\users\ariadna gracida\documents\arqui2020\2\lcd00\contdatalcd00.vhdl":27:2:27:3|Boundary register LD03.outcontcd_0_.fb (in view: work.topLCD00(toplcd0)) is packed into a complex cell. To disable register packing, set syn_keep=1 on the net between the register and the complex cell. 
@A: BN291 :"c:\users\ariadna gracida\documents\arqui2020\2\lcd00\contdatalcd00.vhdl":27:2:27:3|Boundary register LD03.outcontcd_1_.fb (in view: work.topLCD00(toplcd0)) is packed into a complex cell. To disable register packing, set syn_keep=1 on the net between the register and the complex cell. 
@A: BN291 :"c:\users\ariadna gracida\documents\arqui2020\2\lcd00\contdatalcd00.vhdl":27:2:27:3|Boundary register LD03.outcontcd_2_.fb (in view: work.topLCD00(toplcd0)) is packed into a complex cell. To disable register packing, set syn_keep=1 on the net between the register and the complex cell. 
@A: BN291 :"c:\users\ariadna gracida\documents\arqui2020\2\lcd00\contdatalcd00.vhdl":27:2:27:3|Boundary register LD03.outcontcd_3_.fb (in view: work.topLCD00(toplcd0)) is packed into a complex cell. To disable register packing, set syn_keep=1 on the net between the register and the complex cell. 
@A: BN291 :"c:\users\ariadna gracida\documents\arqui2020\2\lcd00\contdatalcd00.vhdl":27:2:27:3|Boundary register LD03.outcontcd_4_.fb (in view: work.topLCD00(toplcd0)) is packed into a complex cell. To disable register packing, set syn_keep=1 on the net between the register and the complex cell. 
@A: BN291 :"c:\users\ariadna gracida\documents\arqui2020\2\lcd00\contdatalcd00.vhdl":27:2:27:3|Boundary register LD03.outFlagcd.fb (in view: work.topLCD00(toplcd0)) is packed into a complex cell. To disable register packing, set syn_keep=1 on the net between the register and the complex cell. 
@A: BN291 :"c:\users\ariadna gracida\documents\arqui2020\2\lcd00\contconfiglcd00.vhdl":22:1:22:2|Boundary register LD01.outFlagcc.fb (in view: work.topLCD00(toplcd0)) is packed into a complex cell. To disable register packing, set syn_keep=1 on the net between the register and the complex cell. 
@A: BN291 :"c:\users\ariadna gracida\documents\arqui2020\2\lcd00\configlcd00.vhdl":27:2:27:3|Boundary register LD02.outFlagcf.fb (in view: work.topLCD00(toplcd0)) is packed into a complex cell. To disable register packing, set syn_keep=1 on the net between the register and the complex cell. 

Finished restoring hierarchy (Real Time elapsed 0h:00m:01s; CPU Time elapsed 0h:00m:01s; Memory used current: 147MB peak: 149MB)

@N: MT611 :|Automatically generated clock div00|oscout_derived_clock is not used and is being removed


@S |Clock Optimization Summary


#### START OF CLOCK OPTIMIZATION REPORT #####[

0 non-gated/non-generated clock tree(s) driving 0 clock pin(s) of sequential element(s)
1 gated/generated clock tree(s) driving 52 clock pin(s) of sequential element(s)
0 instances converted, 52 sequential instances remain driven by gated/generated clocks

================================================================================================== Gated/Generated Clocks ===================================================================================================
Clock Tree ID     Driving Element       Drive Element Type     Fanout     Sample Instance      Explanation                                                                                                                   
-----------------------------------------------------------------------------------------------------------------------------------------------------------------------------------------------------------------------------
@K:CKID0001       LD00.D00.OSCInst0     OSCH                   52         LD01_outFlagccio     Gating structure creates improper gating logic. See the Gated Clocks description in the user guide for conversion requirements
=============================================================================================================================================================================================================================


##### END OF CLOCK OPTIMIZATION REPORT ######]


Start Writing Netlists (Real Time elapsed 0h:00m:01s; CPU Time elapsed 0h:00m:01s; Memory used current: 114MB peak: 149MB)

Writing Analyst data base C:\Users\Ariadna Gracida\Documents\arqui2020\2\lcd00\lcd00\synwork\lcd00_lcd00_m.srm

Finished Writing Netlist Databases (Real Time elapsed 0h:00m:01s; CPU Time elapsed 0h:00m:01s; Memory used current: 146MB peak: 149MB)

Writing EDIF Netlist and constraint files
@N: FX1056 |Writing EDF file: C:\Users\Ariadna Gracida\Documents\arqui2020\2\lcd00\lcd00\lcd00_lcd00.edi
M-2017.03L-SP1-1
@N: BW106 |Synplicity Constraint File capacitance units using default value of 1pF 

Finished Writing EDIF Netlist and constraint files (Real Time elapsed 0h:00m:03s; CPU Time elapsed 0h:00m:02s; Memory used current: 151MB peak: 153MB)


Start final timing analysis (Real Time elapsed 0h:00m:04s; CPU Time elapsed 0h:00m:03s; Memory used current: 152MB peak: 153MB)

@W: MT420 |Found inferred clock osc00|osc_int_inferred_clock with period 480.77ns. Please declare a user-defined clock on object "n:LD00.D00.osc_int"


##### START OF TIMING REPORT #####[
# Timing Report written on Thu Oct 24 11:33:51 2019
#


Top view:               topLCD00
Requested Frequency:    2.1 MHz
Wire load mode:         top
Paths requested:        5
Constraint File(s):    
@N: MT320 |This timing report is an estimate of place and route data. For final timing results, use the FPGA vendor place and route report.

@N: MT322 |Clock constraints include only register-to-register paths associated with each individual clock.



Performance Summary
*******************


Worst slack in design: 467.629

                                 Requested     Estimated     Requested     Estimated                 Clock        Clock              
Starting Clock                   Frequency     Frequency     Period        Period        Slack       Type         Group              
-------------------------------------------------------------------------------------------------------------------------------------
osc00|osc_int_inferred_clock     2.1 MHz       76.1 MHz      480.769       13.140        467.629     inferred     Inferred_clkgroup_0
=====================================================================================================================================





Clock Relationships
*******************

Clocks                                                      |    rise  to  rise     |    fall  to  fall   |    rise  to  fall   |    fall  to  rise 
----------------------------------------------------------------------------------------------------------------------------------------------------
Starting                      Ending                        |  constraint  slack    |  constraint  slack  |  constraint  slack  |  constraint  slack
----------------------------------------------------------------------------------------------------------------------------------------------------
osc00|osc_int_inferred_clock  osc00|osc_int_inferred_clock  |  480.769     467.629  |  No paths    -      |  No paths    -      |  No paths    -    
====================================================================================================================================================
 Note: 'No paths' indicates there are no paths in the design for that pair of clock edges.
       'Diff grp' indicates that paths exist but the starting clock and ending clock are in different clock groups.



Interface Information 
*********************

No IO constraint found



====================================
Detailed Report for Clock: osc00|osc_int_inferred_clock
====================================



Starting Points with Worst Slack
********************************

                      Starting                                                          Arrival            
Instance              Reference                        Type        Pin     Net          Time        Slack  
                      Clock                                                                                
-----------------------------------------------------------------------------------------------------------
LD00.D01.sdiv[10]     osc00|osc_int_inferred_clock     FD1S3IX     Q       sdiv[10]     1.044       467.629
LD00.D01.sdiv[11]     osc00|osc_int_inferred_clock     FD1S3IX     Q       sdiv[11]     1.044       467.629
LD00.D01.sdiv[18]     osc00|osc_int_inferred_clock     FD1S3IX     Q       sdiv[18]     1.188       468.438
LD00.D01.sdiv[15]     osc00|osc_int_inferred_clock     FD1S3IX     Q       sdiv[15]     1.180       468.445
LD00.D01.sdiv[16]     osc00|osc_int_inferred_clock     FD1S3IX     Q       sdiv[16]     1.180       468.445
LD00.D01.sdiv[20]     osc00|osc_int_inferred_clock     FD1S3IX     Q       sdiv[20]     1.180       468.445
LD00.D01.sdiv[0]      osc00|osc_int_inferred_clock     FD1S3IX     Q       sdiv[0]      1.044       468.646
LD00.D01.sdiv[1]      osc00|osc_int_inferred_clock     FD1S3IX     Q       sdiv[1]      1.044       468.646
LD00.D01.sdiv[2]      osc00|osc_int_inferred_clock     FD1S3IX     Q       sdiv[2]      1.044       468.646
LD00.D01.sdiv[3]      osc00|osc_int_inferred_clock     FD1S3IX     Q       sdiv[3]      1.044       468.646
===========================================================================================================


Ending Points with Worst Slack
******************************

                      Starting                                                              Required            
Instance              Reference                        Type        Pin     Net              Time         Slack  
                      Clock                                                                                     
----------------------------------------------------------------------------------------------------------------
LD00.D01.sdiv[21]     osc00|osc_int_inferred_clock     FD1S3IX     D       un1_sdiv[22]     480.664      467.629
LD00.D01.sdiv[19]     osc00|osc_int_inferred_clock     FD1S3IX     D       un1_sdiv[20]     480.664      467.772
LD00.D01.sdiv[20]     osc00|osc_int_inferred_clock     FD1S3IX     D       un1_sdiv[21]     480.664      467.772
LD00.D01.sdiv[17]     osc00|osc_int_inferred_clock     FD1S3IX     D       un1_sdiv[18]     480.664      467.914
LD00.D01.sdiv[18]     osc00|osc_int_inferred_clock     FD1S3IX     D       un1_sdiv[19]     480.664      467.914
LD00.D01.sdiv[15]     osc00|osc_int_inferred_clock     FD1S3IX     D       un1_sdiv[16]     480.664      468.057
LD00.D01.sdiv[16]     osc00|osc_int_inferred_clock     FD1S3IX     D       un1_sdiv[17]     480.664      468.057
LD00.D01.sdiv[13]     osc00|osc_int_inferred_clock     FD1S3IX     D       un1_sdiv[14]     480.664      468.200
LD00.D01.sdiv[14]     osc00|osc_int_inferred_clock     FD1S3IX     D       un1_sdiv[15]     480.664      468.200
LD00.D01.sdiv[11]     osc00|osc_int_inferred_clock     FD1S3IX     D       un1_sdiv[12]     480.664      468.343
================================================================================================================



Worst Path Information
***********************


Path information for path number 1: 
      Requested Period:                      480.769
    - Setup time:                            0.106
    + Clock delay at ending point:           0.000 (ideal)
    = Required time:                         480.664

    - Propagation time:                      13.035
    - Clock delay at starting point:         0.000 (ideal)
    = Slack (critical) :                     467.629

    Number of logic level(s):                19
    Starting point:                          LD00.D01.sdiv[10] / Q
    Ending point:                            LD00.D01.sdiv[21] / D
    The start point is clocked by            osc00|osc_int_inferred_clock [rising] on pin CK
    The end   point is clocked by            osc00|osc_int_inferred_clock [rising] on pin CK

Instance / Net                                                  Pin      Pin               Arrival     No. of    
Name                                               Type         Name     Dir     Delay     Time        Fan Out(s)
-----------------------------------------------------------------------------------------------------------------
LD00.D01.sdiv[10]                                  FD1S3IX      Q        Out     1.044     1.044       -         
sdiv[10]                                           Net          -        -       -         -           2         
LD00.D01.sdiv_RNI19NC[10]                          ORCALUT4     A        In      0.000     1.044       -         
LD00.D01.sdiv_RNI19NC[10]                          ORCALUT4     Z        Out     1.017     2.061       -         
un1_cdiv_3_i_0_a2_8_0                              Net          -        -       -         -           1         
LD00.D01.sdiv_RNIU4G71[4]                          ORCALUT4     D        In      0.000     2.061       -         
LD00.D01.sdiv_RNIU4G71[4]                          ORCALUT4     Z        Out     1.089     3.149       -         
un1_cdiv_3_i_0_a2_8_9                              Net          -        -       -         -           2         
LD00.D01.un1_oscout_0_sqmuxa_1_i_a2_1              ORCALUT4     B        In      0.000     3.149       -         
LD00.D01.un1_oscout_0_sqmuxa_1_i_a2_1              ORCALUT4     Z        Out     1.225     4.374       -         
N_74                                               Net          -        -       -         -           5         
LD00.D01.un1_oscout_0_sqmuxa_1_i_a2_1_RNIT8SD2     ORCALUT4     C        In      0.000     4.374       -         
LD00.D01.un1_oscout_0_sqmuxa_1_i_a2_1_RNIT8SD2     ORCALUT4     Z        Out     1.089     5.463       -         
N_47                                               Net          -        -       -         -           2         
LD00.D01.un1_sdiv_cry_0_0_RNO_1                    ORCALUT4     C        In      0.000     5.463       -         
LD00.D01.un1_sdiv_cry_0_0_RNO_1                    ORCALUT4     Z        Out     1.017     6.480       -         
un1_cdiv_3_i_0_0                                   Net          -        -       -         -           1         
LD00.D01.un1_sdiv_cry_0_0_RNO_0                    ORCALUT4     A        In      0.000     6.480       -         
LD00.D01.un1_sdiv_cry_0_0_RNO_0                    ORCALUT4     Z        Out     1.017     7.497       -         
un1_cdiv_3_i_0_2                                   Net          -        -       -         -           1         
LD00.D01.un1_sdiv_cry_0_0_RNO                      ORCALUT4     A        In      0.000     7.497       -         
LD00.D01.un1_sdiv_cry_0_0_RNO                      ORCALUT4     Z        Out     1.017     8.513       -         
un1_cdiv_3_i_0                                     Net          -        -       -         -           1         
LD00.D01.un1_sdiv_cry_0_0                          CCU2D        B0       In      0.000     8.513       -         
LD00.D01.un1_sdiv_cry_0_0                          CCU2D        COUT     Out     1.544     10.058      -         
un1_sdiv_cry_0                                     Net          -        -       -         -           1         
LD00.D01.un1_sdiv_cry_1_0                          CCU2D        CIN      In      0.000     10.058      -         
LD00.D01.un1_sdiv_cry_1_0                          CCU2D        COUT     Out     0.143     10.201      -         
un1_sdiv_cry_2                                     Net          -        -       -         -           1         
LD00.D01.un1_sdiv_cry_3_0                          CCU2D        CIN      In      0.000     10.201      -         
LD00.D01.un1_sdiv_cry_3_0                          CCU2D        COUT     Out     0.143     10.344      -         
un1_sdiv_cry_4                                     Net          -        -       -         -           1         
LD00.D01.un1_sdiv_cry_5_0                          CCU2D        CIN      In      0.000     10.344      -         
LD00.D01.un1_sdiv_cry_5_0                          CCU2D        COUT     Out     0.143     10.486      -         
un1_sdiv_cry_6                                     Net          -        -       -         -           1         
LD00.D01.un1_sdiv_cry_7_0                          CCU2D        CIN      In      0.000     10.486      -         
LD00.D01.un1_sdiv_cry_7_0                          CCU2D        COUT     Out     0.143     10.629      -         
un1_sdiv_cry_8                                     Net          -        -       -         -           1         
LD00.D01.un1_sdiv_cry_9_0                          CCU2D        CIN      In      0.000     10.629      -         
LD00.D01.un1_sdiv_cry_9_0                          CCU2D        COUT     Out     0.143     10.772      -         
un1_sdiv_cry_10                                    Net          -        -       -         -           1         
LD00.D01.un1_sdiv_cry_11_0                         CCU2D        CIN      In      0.000     10.772      -         
LD00.D01.un1_sdiv_cry_11_0                         CCU2D        COUT     Out     0.143     10.915      -         
un1_sdiv_cry_12                                    Net          -        -       -         -           1         
LD00.D01.un1_sdiv_cry_13_0                         CCU2D        CIN      In      0.000     10.915      -         
LD00.D01.un1_sdiv_cry_13_0                         CCU2D        COUT     Out     0.143     11.057      -         
un1_sdiv_cry_14                                    Net          -        -       -         -           1         
LD00.D01.un1_sdiv_cry_15_0                         CCU2D        CIN      In      0.000     11.057      -         
LD00.D01.un1_sdiv_cry_15_0                         CCU2D        COUT     Out     0.143     11.200      -         
un1_sdiv_cry_16                                    Net          -        -       -         -           1         
LD00.D01.un1_sdiv_cry_17_0                         CCU2D        CIN      In      0.000     11.200      -         
LD00.D01.un1_sdiv_cry_17_0                         CCU2D        COUT     Out     0.143     11.343      -         
un1_sdiv_cry_18                                    Net          -        -       -         -           1         
LD00.D01.un1_sdiv_cry_19_0                         CCU2D        CIN      In      0.000     11.343      -         
LD00.D01.un1_sdiv_cry_19_0                         CCU2D        COUT     Out     0.143     11.486      -         
un1_sdiv_cry_20                                    Net          -        -       -         -           1         
LD00.D01.un1_sdiv_s_21_0                           CCU2D        CIN      In      0.000     11.486      -         
LD00.D01.un1_sdiv_s_21_0                           CCU2D        S0       Out     1.549     13.035      -         
un1_sdiv[22]                                       Net          -        -       -         -           1         
LD00.D01.sdiv[21]                                  FD1S3IX      D        In      0.000     13.035      -         
=================================================================================================================



##### END OF TIMING REPORT #####]

Timing exceptions that could not be applied
None

Finished final timing analysis (Real Time elapsed 0h:00m:04s; CPU Time elapsed 0h:00m:03s; Memory used current: 152MB peak: 153MB)


Finished timing report (Real Time elapsed 0h:00m:04s; CPU Time elapsed 0h:00m:03s; Memory used current: 152MB peak: 153MB)

---------------------------------------
Resource Usage Report
Part: lcmxo2_7000he-5

Register bits: 52 of 6864 (1%)
PIC Latch:       0
I/O cells:       42


Details:
CCU2D:          12
FD1P3AX:        15
FD1P3IX:        12
FD1S3AX:        2
FD1S3IX:        22
GSR:            1
IB:             6
INV:            2
OB:             36
OFS1P3IX:       1
ORCALUT4:       102
OSCH:           1
PFUMX:          2
PUR:            1
VHI:            9
VLO:            9
Mapper successful!

At Mapper Exit (Real Time elapsed 0h:00m:04s; CPU Time elapsed 0h:00m:03s; Memory used current: 32MB peak: 153MB)

Process took 0h:00m:04s realtime, 0h:00m:03s cputime
# Thu Oct 24 11:33:51 2019

###########################################################]


Synthesis exit by 0.

edif2ngd  -l "MachXO2" -d LCMXO2-7000HE -path "C:/Users/Ariadna Gracida/Documents/arqui2020/2/lcd00/lcd00" -path "C:/Users/Ariadna Gracida/Documents/arqui2020/2/lcd00"   "C:/Users/Ariadna Gracida/Documents/arqui2020/2/lcd00/lcd00/lcd00_lcd00.edi" "lcd00_lcd00.ngo"   
edif2ngd:  version Diamond (64-bit) 3.10.0.111.2

Copyright (c) 1991-1994 by NeoCAD Inc. All rights reserved.
Copyright (c) 1995 AT&T Corp.   All rights reserved.
Copyright (c) 1995-2001 Lucent Technologies Inc.  All rights reserved.
Copyright (c) 2001 Agere Systems   All rights reserved.
Copyright (c) 2002-2017 Lattice Semiconductor Corporation,  All rights reserved.
Writing the design to lcd00_lcd00.ngo...

Total CPU Time: 0 secs  

Total REAL Time: 0 secs  


ngdbuild  -a "MachXO2" -d LCMXO2-7000HE  -p "C:/lscc/diamond/3.10_x64/ispfpga/xo2c00/data"  -p "C:/Users/Ariadna Gracida/Documents/arqui2020/2/lcd00/lcd00" -p "C:/Users/Ariadna Gracida/Documents/arqui2020/2/lcd00"  "lcd00_lcd00.ngo" "lcd00_lcd00.ngd"  	
ngdbuild:  version Diamond (64-bit) 3.10.0.111.2

Copyright (c) 1991-1994 by NeoCAD Inc. All rights reserved.
Copyright (c) 1995 AT&T Corp.   All rights reserved.
Copyright (c) 1995-2001 Lucent Technologies Inc.  All rights reserved.
Copyright (c) 2001 Agere Systems   All rights reserved.
Copyright (c) 2002-2017 Lattice Semiconductor Corporation,  All rights reserved.
Reading 'lcd00_lcd00.ngo' ...
Loading NGL library 'C:/lscc/diamond/3.10_x64/ispfpga/xo2c00a/data/xo2alib.ngl'...
Loading NGL library 'C:/lscc/diamond/3.10_x64/ispfpga/xo2c00/data/xo2clib.ngl'...
Loading NGL library 'C:/lscc/diamond/3.10_x64/ispfpga/mg5g00/data/mg5glib.ngl'...
Loading NGL library 'C:/lscc/diamond/3.10_x64/ispfpga/or5g00/data/orc5glib.ngl'...


Running DRC...

    <postMsg mid="1166052" type="Warning" dynamic="2" navigation="1" arg0="logical" arg1="LD00/D00/OSCInst0_SEDSTDBY" arg2="LD00/D00/OSCInst0_SEDSTDBY"  />
    <postMsg mid="1163101" type="Warning" dynamic="1" navigation="0" arg0="1"  />

Design Results:
    232 blocks expanded
Complete the first expansion.
Writing 'lcd00_lcd00.ngd' ...
Total CPU Time: 0 secs  

Total REAL Time: 0 secs  


map -a "MachXO2" -p LCMXO2-7000HE -t TQFP144 -s 5 -oc Commercial   "lcd00_lcd00.ngd" -o "lcd00_lcd00_map.ncd" -pr "lcd00_lcd00.prf" -mp "lcd00_lcd00.mrp" -lpf "C:/Users/Ariadna Gracida/Documents/arqui2020/2/lcd00/lcd00/lcd00_lcd00_synplify.lpf" -lpf "C:/Users/Ariadna Gracida/Documents/arqui2020/2/lcd00/lcd00.lpf" -c 0            
map:  version Diamond (64-bit) 3.10.0.111.2

Copyright (c) 1991-1994 by NeoCAD Inc. All rights reserved.
Copyright (c) 1995 AT&T Corp.   All rights reserved.
Copyright (c) 1995-2001 Lucent Technologies Inc.  All rights reserved.
Copyright (c) 2001 Agere Systems   All rights reserved.
Copyright (c) 2002-2017 Lattice Semiconductor Corporation,  All rights reserved.
   Process the file: lcd00_lcd00.ngd
   Picdevice="LCMXO2-7000HE"

   Pictype="TQFP144"

   Picspeed=5

   Remove unused logic

   Do not produce over sized NCDs.

Part used: LCMXO2-7000HETQFP144, Performance used: 5.

Loading device for application map from file 'xo2c7000.nph' in environment: C:/lscc/diamond/3.10_x64/ispfpga.
Package Status:                     Final          Version 1.39.

Running general design DRC...

Removing unused logic...

Optimizing...




Design Summary:
   Number of registers:     52 out of  7209 (1%)
      PFU registers:           51 out of  6864 (1%)
      PIO registers:            1 out of   345 (0%)
   Number of SLICEs:        65 out of  3432 (2%)
      SLICEs as Logic/ROM:     65 out of  3432 (2%)
      SLICEs as RAM:            0 out of  2574 (0%)
      SLICEs as Carry:         12 out of  3432 (0%)
   Number of LUT4s:        129 out of  6864 (2%)
      Number used as logic LUTs:        105
      Number used as distributed RAM:     0
      Number used as ripple logic:       24
      Number used as shift registers:     0
   Number of PIO sites used: 42 + 4(JTAG) out of 115 (40%)
   Number of block RAMs:  0 out of 26 (0%)
   Number of GSRs:  0 out of 1 (0%)
   EFB used :       No
   JTAG used :      No
   Readback used :  No
   Oscillator used :  Yes
   Startup used :   No
   POR :            On
   Bandgap :        On
   Number of Power Controller:  0 out of 1 (0%)
   Number of Dynamic Bank Controller (BCINRD):  0 out of 6 (0%)
   Number of Dynamic Bank Controller (BCLVDSO):  0 out of 1 (0%)
   Number of DCCA:  0 out of 8 (0%)
   Number of DCMA:  0 out of 2 (0%)
   Number of PLLs:  0 out of 2 (0%)
   Number of DQSDLLs:  0 out of 2 (0%)
   Number of CLKDIVC:  0 out of 4 (0%)
   Number of ECLKSYNCA:  0 out of 4 (0%)
   Number of ECLKBRIDGECS:  0 out of 2 (0%)
   Notes:-
      1. Total number of LUT4s = (Number of logic LUT4s) + 2*(Number of distributed RAMs) + 2*(Number of ripple logic)
      2. Number of logic LUT4s does not include count of distributed RAM and ripple logic.
   Number of clocks:  1
     Net LD00.sclk_0: 32 loads, 32 rising, 0 falling (Driver: LD00/D00/OSCInst0 )
   Number of Clock Enables:  6
     Net outcontcd_36: 1 loads, 0 LSLICEs
     Net ENcf_cnv: 5 loads, 5 LSLICEs
     Net G_17: 6 loads, 6 LSLICEs
     Net LD03/ENcd_RNO_0: 1 loads, 1 LSLICEs
     Net LD03/outFlagcd_RNO: 1 loads, 1 LSLICEs
     Net LD02/commandcf23_RNI52V61: 4 loads, 4 LSLICEs
   Number of LSRs:  5
     Net outcontcd_36: 3 loads, 3 LSLICEs
     Net G_19: 4 loads, 3 LSLICEs
     Net outFlagcf_RNI5LF31: 1 loads, 1 LSLICEs
     Net LD02/outFlagcf_RNO: 1 loads, 1 LSLICEs
     Net LD00/D01/un1_oscout_0_sqmuxa_1_i_o3_RNIMP8P2: 12 loads, 12 LSLICEs
   Number of nets driven by tri-state buffers:  0
   Top 10 highest fanout non-clock nets:
     Net outFlagcf0_c: 21 loads
     Net reset0_c: 20 loads
     Net G_17: 15 loads
     Net outcontcd0_c[2]: 14 loads
     Net outcontcc0_c[2]: 13 loads
     Net LD00/D01/un1_oscout_0_sqmuxa_1_i_o3_RNIMP8P2: 12 loads
     Net outcontcc0_c[3]: 12 loads
     Net outcontcd0_c[0]: 11 loads
     Net outcontcd0_c[1]: 11 loads
     Net outcontcd0_c[3]: 10 loads
 

   Number of warnings:  0
   Number of errors:    0



Total CPU Time: 0 secs  
Total REAL Time: 0 secs  
Peak Memory Usage: 33 MB

Dumping design to file lcd00_lcd00_map.ncd.

mpartrce -p "lcd00_lcd00.p2t" -f "lcd00_lcd00.p3t" -tf "lcd00_lcd00.pt" "lcd00_lcd00_map.ncd" "lcd00_lcd00.ncd"

---- MParTrce Tool ----
Removing old design directory at request of -rem command line option to this program.
Running par. Please wait . . .

Lattice Place and Route Report for Design "lcd00_lcd00_map.ncd"
Thu Oct 24 11:33:55 2019

PAR: Place And Route Diamond (64-bit) 3.10.0.111.2.
Command Line: par -w -l 5 -i 6 -t 1 -c 0 -e 0 -gui -msgset "C:/Users/Ariadna Gracida/Documents/arqui2020/2/lcd00/promote.xml" -exp parUseNBR=1:parCDP=0:parCDR=0:parPathBased=OFF lcd00_lcd00_map.ncd lcd00_lcd00.dir/5_1.ncd lcd00_lcd00.prf
Preference file: lcd00_lcd00.prf.
Placement level-cost: 5-1.
Routing Iterations: 6

Loading design for application par from file lcd00_lcd00_map.ncd.
Design name: topLCD00
NCD version: 3.3
Vendor:      LATTICE
Device:      LCMXO2-7000HE
Package:     TQFP144
Performance: 5
Loading device for application par from file 'xo2c7000.nph' in environment: C:/lscc/diamond/3.10_x64/ispfpga.
Package Status:                     Final          Version 1.39.
Performance Hardware Data Status:   Final          Version 34.4.
License checked out.


Ignore Preference Error(s):  True
Device utilization summary:

   PIO (prelim)   42+4(JTAG)/336     14% used
                  42+4(JTAG)/115     40% bonded
   IOLOGIC            1/336          <1% used

   SLICE             65/3432          1% used

   OSC                1/1           100% used


Number of Signals: 195
Number of Connections: 550

Pin Constraint Summary:
   0 out of 42 pins locked (0% locked).

The following 1 signal is selected to use the primary clock routing resources:
    LD00.sclk_0 (driver: LD00/D00/OSCInst0, clk load #: 32)


The following 1 signal is selected to use the secondary clock routing resources:
    LD00/D01/un1_oscout_0_sqmuxa_1_i_o3_RNIMP8P2 (driver: LD00/D01/SLICE_40, clk load #: 0, sr load #: 12, ce load #: 0)

No signal is selected as Global Set/Reset.
.
Starting Placer Phase 0.
...........
Finished Placer Phase 0.  REAL time: 3 secs 

Starting Placer Phase 1.
.....................
Placer score = 29730.
Finished Placer Phase 1.  REAL time: 1 mins 20 secs 

Starting Placer Phase 2.
.
Placer score =  29707
Finished Placer Phase 2.  REAL time: 1 mins 20 secs 


------------------ Clock Report ------------------

Global Clock Resources:
  CLK_PIN    : 0 out of 8 (0%)
  PLL        : 0 out of 2 (0%)
  DCM        : 0 out of 2 (0%)
  DCC        : 0 out of 8 (0%)

Quadrants All (TL, TR, BL, BR) - Global Clocks:
  PRIMARY "LD00.sclk_0" from OSC on comp "LD00/D00/OSCInst0" on site "OSC", clk load = 32
  SECONDARY "LD00/D01/un1_oscout_0_sqmuxa_1_i_o3_RNIMP8P2" from F0 on comp "LD00/D01/SLICE_40" on site "R14C18C", clk load = 0, ce load = 0, sr load = 12

  PRIMARY  : 1 out of 8 (12%)
  SECONDARY: 1 out of 8 (12%)

Edge Clocks:
  No edge clock selected.

--------------- End of Clock Report ---------------


I/O Usage Summary (final):
   42 + 4(JTAG) out of 336 (13.7%) PIO sites used.
   42 + 4(JTAG) out of 115 (40.0%) bonded PIO sites used.
   Number of PIO comps: 42; differential: 0.
   Number of Vref pins used: 0.

I/O Bank Usage Summary:
+----------+----------------+------------+-----------+
| I/O Bank | Usage          | Bank Vccio | Bank Vref |
+----------+----------------+------------+-----------+
| 0        | 4 / 28 ( 14%)  | 2.5V       | -         |
| 1        | 5 / 29 ( 17%)  | 2.5V       | -         |
| 2        | 20 / 29 ( 68%) | 2.5V       | -         |
| 3        | 9 / 9 (100%)   | 2.5V       | -         |
| 4        | 4 / 10 ( 40%)  | 2.5V       | -         |
| 5        | 0 / 10 (  0%)  | -          | -         |
+----------+----------------+------------+-----------+

Total placer CPU time: 21 secs 

Dumping design to file lcd00_lcd00.dir/5_1.ncd.

0 connections routed; 550 unrouted.
Starting router resource preassignment

Completed router resource preassignment. Real time: 1 mins 24 secs 

Start NBR router at 11:35:20 10/24/19

*****************************************************************
Info: NBR allows conflicts(one node used by more than one signal)
      in the earlier iterations. In each iteration, it tries to  
      solve the conflicts while keeping the critical connections 
      routed as short as possible. The routing process is said to
      be completed when no conflicts exist and all connections   
      are routed.                                                
Note: NBR uses a different method to calculate timing slacks. The
      worst slack and total negative slack may not be the same as
      that in TRCE report. You should always run TRCE to verify  
      your design.                                               
*****************************************************************

Start NBR special constraint process at 11:35:20 10/24/19

Start NBR section for initial routing at 11:35:20 10/24/19
Level 4, iteration 1
11(0.00%) conflicts; 0(0.00%) untouched conn; 0 (nbr) score; 
Estimated worst slack/total negative slack<setup>: 466.392ns/0.000ns; real time: 1 mins 25 secs 

Info: Initial congestion level at 75% usage is 0
Info: Initial congestion area  at 75% usage is 0 (0.00%)

Start NBR section for normal routing at 11:35:20 10/24/19
Level 4, iteration 1
5(0.00%) conflicts; 0(0.00%) untouched conn; 0 (nbr) score; 
Estimated worst slack/total negative slack<setup>: 466.288ns/0.000ns; real time: 1 mins 25 secs 
Level 4, iteration 2
2(0.00%) conflicts; 0(0.00%) untouched conn; 0 (nbr) score; 
Estimated worst slack/total negative slack<setup>: 466.288ns/0.000ns; real time: 1 mins 25 secs 
Level 4, iteration 3
2(0.00%) conflicts; 0(0.00%) untouched conn; 0 (nbr) score; 
Estimated worst slack/total negative slack<setup>: 466.288ns/0.000ns; real time: 1 mins 25 secs 
Level 4, iteration 4
0(0.00%) conflict; 0(0.00%) untouched conn; 0 (nbr) score; 
Estimated worst slack/total negative slack<setup>: 466.288ns/0.000ns; real time: 1 mins 25 secs 

Start NBR section for setup/hold timing optimization with effort level 3 at 11:35:20 10/24/19

Start NBR section for re-routing at 11:35:21 10/24/19
Level 4, iteration 1
0(0.00%) conflict; 0(0.00%) untouched conn; 0 (nbr) score; 
Estimated worst slack/total negative slack<setup>: 466.288ns/0.000ns; real time: 1 mins 26 secs 

Start NBR section for post-routing at 11:35:21 10/24/19

End NBR router with 0 unrouted connection

NBR Summary
-----------
  Number of unrouted connections : 0 (0.00%)
  Number of connections with timing violations : 0 (0.00%)
  Estimated worst slack<setup> : 466.288ns
  Timing score<setup> : 0
-----------
Notes: The timing info is calculated for SETUP only and all PAR_ADJs are ignored.



Total CPU time 26 secs 
Total REAL time: 1 mins 27 secs 
Completely routed.
End of route.  550 routed (100.00%); 0 unrouted.

Hold time timing score: 0, hold timing errors: 0

Timing score: 0 

Dumping design to file lcd00_lcd00.dir/5_1.ncd.


PAR_SUMMARY::Run status = Success
PAR_SUMMARY::Number of unrouted conns = 0
PAR_SUMMARY::Worst  slack<setup/<ns>> = 466.288
PAR_SUMMARY::Timing score<setup/<ns>> = 0.000
PAR_SUMMARY::Worst  slack<hold /<ns>> = 0.379
PAR_SUMMARY::Timing score<hold /<ns>> = 0.000
PAR_SUMMARY::Number of errors = 0

Total CPU  time to completion: 26 secs 
Total REAL time to completion: 1 mins 27 secs 

par done!

Copyright (c) 1991-1994 by NeoCAD Inc. All rights reserved.
Copyright (c) 1995 AT&T Corp.   All rights reserved.
Copyright (c) 1995-2001 Lucent Technologies Inc.  All rights reserved.
Copyright (c) 2001 Agere Systems   All rights reserved.
Copyright (c) 2002-2017 Lattice Semiconductor Corporation,  All rights reserved.
Exiting par with exit code 0
Exiting mpartrce with exit code 0

bitgen -f "lcd00_lcd00.t2b" -w "lcd00_lcd00.ncd" -jedec "lcd00_lcd00.prf"


BITGEN: Bitstream Generator Diamond (64-bit) 3.10.0.111.2
Copyright (c) 1991-1994 by NeoCAD Inc. All rights reserved.
Copyright (c) 1995 AT&T Corp.   All rights reserved.
Copyright (c) 1995-2001 Lucent Technologies Inc.  All rights reserved.
Copyright (c) 2001 Agere Systems   All rights reserved.
Copyright (c) 2002-2017 Lattice Semiconductor Corporation,  All rights reserved.


Loading design for application Bitgen from file lcd00_lcd00.ncd.
Design name: topLCD00
NCD version: 3.3
Vendor:      LATTICE
Device:      LCMXO2-7000HE
Package:     TQFP144
Performance: 5
Loading device for application Bitgen from file 'xo2c7000.nph' in environment: C:/lscc/diamond/3.10_x64/ispfpga.
Package Status:                     Final          Version 1.39.
Performance Hardware Data Status:   Final          Version 34.4.

Running DRC.
DRC detected 0 errors and 0 warnings.
Reading Preference File from lcd00_lcd00.prf.

Preference Summary:
+---------------------------------+---------------------------------+
|  Preference                     |  Current Setting                |
+---------------------------------+---------------------------------+
|                         RamCfg  |                        Reset**  |
+---------------------------------+---------------------------------+
|                     MCCLK_FREQ  |                         2.08**  |
+---------------------------------+---------------------------------+
|                  CONFIG_SECURE  |                          OFF**  |
+---------------------------------+---------------------------------+
|                          INBUF  |                           ON**  |
+---------------------------------+---------------------------------+
|                      JTAG_PORT  |                       ENABLE**  |
+---------------------------------+---------------------------------+
|                       SDM_PORT  |                      DISABLE**  |
+---------------------------------+---------------------------------+
|                 SLAVE_SPI_PORT  |                      DISABLE**  |
+---------------------------------+---------------------------------+
|                MASTER_SPI_PORT  |                      DISABLE**  |
+---------------------------------+---------------------------------+
|                       I2C_PORT  |                      DISABLE**  |
+---------------------------------+---------------------------------+
|        MUX_CONFIGURATION_PORTS  |                      DISABLE**  |
+---------------------------------+---------------------------------+
|                  CONFIGURATION  |                          CFG**  |
+---------------------------------+---------------------------------+
|                COMPRESS_CONFIG  |                           ON**  |
+---------------------------------+---------------------------------+
|                        MY_ASSP  |                          OFF**  |
+---------------------------------+---------------------------------+
|               ONE_TIME_PROGRAM  |                          OFF**  |
+---------------------------------+---------------------------------+
|                 ENABLE_TRANSFR  |                      DISABLE**  |
+---------------------------------+---------------------------------+
|                  SHAREDEBRINIT  |                      DISABLE**  |
+---------------------------------+---------------------------------+
|            BACKGROUND_RECONFIG  |                          OFF**  |
+---------------------------------+---------------------------------+
 *  Default setting.
 ** The specified setting matches the default setting.


Creating bit map...
 
Bitstream Status: Final           Version 1.94.
 
Saving bit stream in "lcd00_lcd00.jed".
 
===========
UFM Summary.
===========
UFM Size:        2046 Pages (128*2046 Bits).
UFM Utilization: General Purpose Flash Memory.
 
Available General Purpose Flash Memory: 2046 Pages (Page 0 to Page 2045).
Initialized UFM Pages:                     0 Page.
 
