Running in Lattice mode

Starting:    C:\lscc\diamond\3.10_x64\synpbase\bin64\mbin\synbatch.exe
Install:     C:\lscc\diamond\3.10_x64\synpbase
Hostname:    WIN-EMSL2UK4DFL
Date:        Thu Oct 24 11:33:43 2019
Version:     M-2017.03L-SP1-1

Arguments:   -product synplify_pro -batch lcd00_lcd00_synplify.tcl
ProductType: synplify_pro




log file: "C:\Users\Ariadna Gracida\Documents\arqui2020\2\lcd00\lcd00\lcd00_lcd00.srr"
Running: hdl_info_gen in foreground

Generating HDL info...

hdl_info_gen completed
# Thu Oct 24 11:33:44 2019

Return Code: 0
Run Time:00h:00m:01s
Copied C:\Users\Ariadna Gracida\Documents\arqui2020\2\lcd00\lcd00\lcd00_lcd00.srr to C:\Users\Ariadna Gracida\Documents\arqui2020\2\lcd00\lcd00\lcd00_lcd00.srf
log file: "C:\Users\Ariadna Gracida\Documents\arqui2020\2\lcd00\lcd00\lcd00_lcd00.srr"
Running: lcd00 in foreground

Running proj_1|lcd00

Running: compile (Compile) on proj_1|lcd00
# Thu Oct 24 11:33:44 2019

Running: compile_flow (Compile Process) on proj_1|lcd00
# Thu Oct 24 11:33:44 2019

Running: compiler (Compile Input) on proj_1|lcd00
# Thu Oct 24 11:33:44 2019
Copied C:\Users\Ariadna Gracida\Documents\arqui2020\2\lcd00\lcd00\synwork\lcd00_lcd00_comp.srs to C:\Users\Ariadna Gracida\Documents\arqui2020\2\lcd00\lcd00\lcd00_lcd00.srs

compiler completed
# Thu Oct 24 11:33:45 2019

Return Code: 0
Run Time:00h:00m:01s

Running: multi_srs_gen (Multi-srs Generator) on proj_1|lcd00
# Thu Oct 24 11:33:45 2019

multi_srs_gen completed
# Thu Oct 24 11:33:46 2019

Return Code: 0
Run Time:00h:00m:01s
Copied C:\Users\Ariadna Gracida\Documents\arqui2020\2\lcd00\lcd00\synwork\lcd00_lcd00_mult.srs to C:\Users\Ariadna Gracida\Documents\arqui2020\2\lcd00\lcd00\lcd00_lcd00.srs
Copied C:\Users\Ariadna Gracida\Documents\arqui2020\2\lcd00\lcd00\lcd00_lcd00.srr to C:\Users\Ariadna Gracida\Documents\arqui2020\2\lcd00\lcd00\lcd00_lcd00.srf
Complete: Compile Process on proj_1|lcd00

Running: premap (Pre-mapping) on proj_1|lcd00
# Thu Oct 24 11:33:46 2019

premap completed with warnings
# Thu Oct 24 11:33:47 2019

Return Code: 1
Run Time:00h:00m:01s
Complete: Compile on proj_1|lcd00

Running: map (Map) on proj_1|lcd00
# Thu Oct 24 11:33:47 2019
License granted for 4 parallel jobs

Running: fpga_mapper (Map & Optimize) on proj_1|lcd00
# Thu Oct 24 11:33:47 2019
Copied C:\Users\Ariadna Gracida\Documents\arqui2020\2\lcd00\lcd00\synwork\lcd00_lcd00_m.srm to C:\Users\Ariadna Gracida\Documents\arqui2020\2\lcd00\lcd00\lcd00_lcd00.srm

fpga_mapper completed with warnings
# Thu Oct 24 11:33:51 2019

Return Code: 1
Run Time:00h:00m:04s
Complete: Map on proj_1|lcd00
Copied C:\Users\Ariadna Gracida\Documents\arqui2020\2\lcd00\lcd00\lcd00_lcd00.srr to C:\Users\Ariadna Gracida\Documents\arqui2020\2\lcd00\lcd00\lcd00_lcd00.srf
Complete: Logic Synthesis on proj_1|lcd00
TCL script complete: "lcd00_lcd00_synplify.tcl"
exit status=0
exit status=0
Save changes for project:
C:\Users\Ariadna Gracida\Documents\arqui2020\2\lcd00\lcd00\proj_1.prj
batch mode default:no
