Running in Lattice mode

Starting:    C:\lscc\diamond\3.10_x64\synpbase\bin64\mbin\synbatch.exe
Install:     C:\lscc\diamond\3.10_x64\synpbase
Hostname:    LAPTOP-VIKJBT0U
Date:        Fri Aug  9 11:23:38 2019
Version:     M-2017.03L-SP1-1

Arguments:   -product synplify_pro -batch and00_and0_synplify.tcl
ProductType: synplify_pro




log file: "C:\Users\Mario\Desktop\Semestre 10\Arquitectura de Computadoras\Practicas\PrimerParcial\Practica5\and00\and0\and00_and0.srr"
Running: hdl_info_gen in foreground

Generating HDL info...

hdl_info_gen completed
# Fri Aug  9 11:23:41 2019

Return Code: 0
Run Time:00h:00m:02s
log file: "C:\Users\Mario\Desktop\Semestre 10\Arquitectura de Computadoras\Practicas\PrimerParcial\Practica5\and00\and0\and00_and0.srr"
Running: and0 in foreground

Running proj_1|and0

Running: compile (Compile) on proj_1|and0
# Fri Aug  9 11:23:41 2019

Running: compile_flow (Compile Process) on proj_1|and0
# Fri Aug  9 11:23:41 2019

Running: compiler (Compile Input) on proj_1|and0
# Fri Aug  9 11:23:41 2019
Copied C:\Users\Mario\Desktop\Semestre 10\Arquitectura de Computadoras\Practicas\PrimerParcial\Practica5\and00\and0\synwork\and00_and0_comp.srs to C:\Users\Mario\Desktop\Semestre 10\Arquitectura de Computadoras\Practicas\PrimerParcial\Practica5\and00\and0\and00_and0.srs

compiler completed
# Fri Aug  9 11:23:45 2019

Return Code: 0
Run Time:00h:00m:04s

Running: multi_srs_gen (Multi-srs Generator) on proj_1|and0
# Fri Aug  9 11:23:45 2019

multi_srs_gen completed
# Fri Aug  9 11:23:46 2019

Return Code: 0
Run Time:00h:00m:01s
Copied C:\Users\Mario\Desktop\Semestre 10\Arquitectura de Computadoras\Practicas\PrimerParcial\Practica5\and00\and0\synwork\and00_and0_mult.srs to C:\Users\Mario\Desktop\Semestre 10\Arquitectura de Computadoras\Practicas\PrimerParcial\Practica5\and00\and0\and00_and0.srs
Copied C:\Users\Mario\Desktop\Semestre 10\Arquitectura de Computadoras\Practicas\PrimerParcial\Practica5\and00\and0\and00_and0.srr to C:\Users\Mario\Desktop\Semestre 10\Arquitectura de Computadoras\Practicas\PrimerParcial\Practica5\and00\and0\and00_and0.srf
Complete: Compile Process on proj_1|and0

Running: premap (Pre-mapping) on proj_1|and0
# Fri Aug  9 11:23:46 2019

premap completed
# Fri Aug  9 11:23:50 2019

Return Code: 0
Run Time:00h:00m:04s
Complete: Compile on proj_1|and0

Running: map (Map) on proj_1|and0
# Fri Aug  9 11:23:50 2019
License granted for 4 parallel jobs

Running: fpga_mapper (Map & Optimize) on proj_1|and0
# Fri Aug  9 11:23:50 2019
Copied C:\Users\Mario\Desktop\Semestre 10\Arquitectura de Computadoras\Practicas\PrimerParcial\Practica5\and00\and0\synwork\and00_and0_m.srm to C:\Users\Mario\Desktop\Semestre 10\Arquitectura de Computadoras\Practicas\PrimerParcial\Practica5\and00\and0\and00_and0.srm

fpga_mapper completed
# Fri Aug  9 11:23:55 2019

Return Code: 0
Run Time:00h:00m:05s
Complete: Map on proj_1|and0
Copied C:\Users\Mario\Desktop\Semestre 10\Arquitectura de Computadoras\Practicas\PrimerParcial\Practica5\and00\and0\and00_and0.srr to C:\Users\Mario\Desktop\Semestre 10\Arquitectura de Computadoras\Practicas\PrimerParcial\Practica5\and00\and0\and00_and0.srf
Complete: Logic Synthesis on proj_1|and0
TCL script complete: "and00_and0_synplify.tcl"
exit status=0
exit status=0
Save changes for project:
C:\Users\Mario\Desktop\Semestre 10\Arquitectura de Computadoras\Practicas\PrimerParcial\Practica5\and00\and0\proj_1.prj
batch mode default:no
