Running in Lattice mode

Starting:    C:\lscc\diamond\3.10_x64\synpbase\bin64\mbin\synbatch.exe
Install:     C:\lscc\diamond\3.10_x64\synpbase
Hostname:    LAPTOP-VIKJBT0U
Date:        Tue Aug 13 11:51:19 2019
Version:     M-2017.03L-SP1-1

Arguments:   -product synplify_pro -batch mux00_mux0_synplify.tcl
ProductType: synplify_pro




log file: "C:\Users\Mario\Desktop\Semestre 10\Arquitectura de Computadoras\Practicas\PrimerParcial\Practica6\mux00\mux0\mux00_mux0.srr"
Running: hdl_info_gen in foreground

Generating HDL info...

hdl_info_gen completed
# Tue Aug 13 11:51:20 2019

Return Code: 0
Run Time:00h:00m:01s
log file: "C:\Users\Mario\Desktop\Semestre 10\Arquitectura de Computadoras\Practicas\PrimerParcial\Practica6\mux00\mux0\mux00_mux0.srr"
Running: mux0 in foreground

Running proj_1|mux0

Running: compile (Compile) on proj_1|mux0
# Tue Aug 13 11:51:20 2019

Running: compile_flow (Compile Process) on proj_1|mux0
# Tue Aug 13 11:51:20 2019

Running: compiler (Compile Input) on proj_1|mux0
# Tue Aug 13 11:51:20 2019
Copied C:\Users\Mario\Desktop\Semestre 10\Arquitectura de Computadoras\Practicas\PrimerParcial\Practica6\mux00\mux0\synwork\mux00_mux0_comp.srs to C:\Users\Mario\Desktop\Semestre 10\Arquitectura de Computadoras\Practicas\PrimerParcial\Practica6\mux00\mux0\mux00_mux0.srs

compiler completed
# Tue Aug 13 11:51:23 2019

Return Code: 0
Run Time:00h:00m:03s

Running: multi_srs_gen (Multi-srs Generator) on proj_1|mux0
# Tue Aug 13 11:51:23 2019

multi_srs_gen completed
# Tue Aug 13 11:51:23 2019

Return Code: 0
Run Time:00h:00m:00s
Copied C:\Users\Mario\Desktop\Semestre 10\Arquitectura de Computadoras\Practicas\PrimerParcial\Practica6\mux00\mux0\synwork\mux00_mux0_mult.srs to C:\Users\Mario\Desktop\Semestre 10\Arquitectura de Computadoras\Practicas\PrimerParcial\Practica6\mux00\mux0\mux00_mux0.srs
Copied C:\Users\Mario\Desktop\Semestre 10\Arquitectura de Computadoras\Practicas\PrimerParcial\Practica6\mux00\mux0\mux00_mux0.srr to C:\Users\Mario\Desktop\Semestre 10\Arquitectura de Computadoras\Practicas\PrimerParcial\Practica6\mux00\mux0\mux00_mux0.srf
Complete: Compile Process on proj_1|mux0

Running: premap (Pre-mapping) on proj_1|mux0
# Tue Aug 13 11:51:23 2019

premap completed
# Tue Aug 13 11:51:26 2019

Return Code: 0
Run Time:00h:00m:03s
Complete: Compile on proj_1|mux0

Running: map (Map) on proj_1|mux0
# Tue Aug 13 11:51:26 2019
License granted for 4 parallel jobs

Running: fpga_mapper (Map & Optimize) on proj_1|mux0
# Tue Aug 13 11:51:26 2019
Copied C:\Users\Mario\Desktop\Semestre 10\Arquitectura de Computadoras\Practicas\PrimerParcial\Practica6\mux00\mux0\synwork\mux00_mux0_m.srm to C:\Users\Mario\Desktop\Semestre 10\Arquitectura de Computadoras\Practicas\PrimerParcial\Practica6\mux00\mux0\mux00_mux0.srm

fpga_mapper completed
# Tue Aug 13 11:51:30 2019

Return Code: 0
Run Time:00h:00m:04s
Complete: Map on proj_1|mux0
Copied C:\Users\Mario\Desktop\Semestre 10\Arquitectura de Computadoras\Practicas\PrimerParcial\Practica6\mux00\mux0\mux00_mux0.srr to C:\Users\Mario\Desktop\Semestre 10\Arquitectura de Computadoras\Practicas\PrimerParcial\Practica6\mux00\mux0\mux00_mux0.srf
Complete: Logic Synthesis on proj_1|mux0
TCL script complete: "mux00_mux0_synplify.tcl"
exit status=0
exit status=0
Save changes for project:
C:\Users\Mario\Desktop\Semestre 10\Arquitectura de Computadoras\Practicas\PrimerParcial\Practica6\mux00\mux0\proj_1.prj
batch mode default:no
