Running in Lattice mode

Starting:    C:\lscc\diamond\3.10_x64\synpbase\bin64\mbin\synbatch.exe
Install:     C:\lscc\diamond\3.10_x64\synpbase
Hostname:    LAPTOP-VIKJBT0U
Date:        Tue Sep 10 09:28:28 2019
Version:     M-2017.03L-SP1-1

Arguments:   -product synplify_pro -batch word00_word0_synplify.tcl
ProductType: synplify_pro




Copied C:\Users\Mario\Desktop\Semestre 10\Arquitectura de Computadoras\Practicas\PrimerParcial\Practica22\word00\word0\word00_word0.srr to C:\Users\Mario\Desktop\Semestre 10\Arquitectura de Computadoras\Practicas\PrimerParcial\Practica22\word00\word0\backup\word00_word0.srr
log file: "C:\Users\Mario\Desktop\Semestre 10\Arquitectura de Computadoras\Practicas\PrimerParcial\Practica22\word00\word0\word00_word0.srr"
Running: hdl_info_gen in foreground

Generating HDL info...

hdl_info_gen completed
# Tue Sep 10 09:28:29 2019

Return Code: 0
Run Time:00h:00m:01s
Copied C:\Users\Mario\Desktop\Semestre 10\Arquitectura de Computadoras\Practicas\PrimerParcial\Practica22\word00\word0\word00_word0.srr to C:\Users\Mario\Desktop\Semestre 10\Arquitectura de Computadoras\Practicas\PrimerParcial\Practica22\word00\word0\word00_word0.srf
log file: "C:\Users\Mario\Desktop\Semestre 10\Arquitectura de Computadoras\Practicas\PrimerParcial\Practica22\word00\word0\word00_word0.srr"
Running: word0 in foreground

Running proj_1|word0

Running: compile (Compile) on proj_1|word0
# Tue Sep 10 09:28:29 2019

Running: compile_flow (Compile Process) on proj_1|word0
# Tue Sep 10 09:28:29 2019

Running: compiler (Compile Input) on proj_1|word0
# Tue Sep 10 09:28:29 2019
Copied C:\Users\Mario\Desktop\Semestre 10\Arquitectura de Computadoras\Practicas\PrimerParcial\Practica22\word00\word0\synwork\word00_word0_comp.srs to C:\Users\Mario\Desktop\Semestre 10\Arquitectura de Computadoras\Practicas\PrimerParcial\Practica22\word00\word0\word00_word0.srs

compiler completed
# Tue Sep 10 09:28:32 2019

Return Code: 0
Run Time:00h:00m:03s

Running: multi_srs_gen (Multi-srs Generator) on proj_1|word0
# Tue Sep 10 09:28:32 2019

multi_srs_gen completed
# Tue Sep 10 09:28:33 2019

Return Code: 0
Run Time:00h:00m:01s
Copied C:\Users\Mario\Desktop\Semestre 10\Arquitectura de Computadoras\Practicas\PrimerParcial\Practica22\word00\word0\synwork\word00_word0_mult.srs to C:\Users\Mario\Desktop\Semestre 10\Arquitectura de Computadoras\Practicas\PrimerParcial\Practica22\word00\word0\word00_word0.srs
Copied C:\Users\Mario\Desktop\Semestre 10\Arquitectura de Computadoras\Practicas\PrimerParcial\Practica22\word00\word0\word00_word0.srr to C:\Users\Mario\Desktop\Semestre 10\Arquitectura de Computadoras\Practicas\PrimerParcial\Practica22\word00\word0\word00_word0.srf
Complete: Compile Process on proj_1|word0

Running: premap (Pre-mapping) on proj_1|word0
# Tue Sep 10 09:28:33 2019

premap completed with warnings
# Tue Sep 10 09:28:35 2019

Return Code: 1
Run Time:00h:00m:02s
Complete: Compile on proj_1|word0

Running: map (Map) on proj_1|word0
# Tue Sep 10 09:28:35 2019
License granted for 4 parallel jobs

Running: fpga_mapper (Map & Optimize) on proj_1|word0
# Tue Sep 10 09:28:35 2019
Copied C:\Users\Mario\Desktop\Semestre 10\Arquitectura de Computadoras\Practicas\PrimerParcial\Practica22\word00\word0\synwork\word00_word0_m.srm to C:\Users\Mario\Desktop\Semestre 10\Arquitectura de Computadoras\Practicas\PrimerParcial\Practica22\word00\word0\word00_word0.srm

fpga_mapper completed with warnings
# Tue Sep 10 09:28:40 2019

Return Code: 1
Run Time:00h:00m:05s
Complete: Map on proj_1|word0
Copied C:\Users\Mario\Desktop\Semestre 10\Arquitectura de Computadoras\Practicas\PrimerParcial\Practica22\word00\word0\word00_word0.srr to C:\Users\Mario\Desktop\Semestre 10\Arquitectura de Computadoras\Practicas\PrimerParcial\Practica22\word00\word0\word00_word0.srf
Complete: Logic Synthesis on proj_1|word0
TCL script complete: "word00_word0_synplify.tcl"
exit status=0
exit status=0
Save changes for project:
C:\Users\Mario\Desktop\Semestre 10\Arquitectura de Computadoras\Practicas\PrimerParcial\Practica22\word00\word0\proj_1.prj
batch mode default:no
