
synpwrap -msg -prj "mult8bit00_mult8bit0_synplify.tcl" -log "mult8bit00_mult8bit0.srf"
Copyright (C) 1992-2018 Lattice Semiconductor Corporation. All rights reserved.
Lattice Diamond Version 3.10.3.144
    <postMsg mid="2011000" type="Info"    dynamic="0" navigation="0"  />

==contents of mult8bit00_mult8bit0.srf
#Build: Synplify Pro (R) M-2017.03L-SP1-1, Build 086R, Aug  4 2017
#install: C:\lscc\diamond\3.10_x64\synpbase
#OS: Windows 8 6.2
#Hostname: LAPTOP-VIKJBT0U

# Thu Mar 21 10:57:38 2019

#Implementation: mult8bit0

Synopsys HDL Compiler, version comp2017q2p1, Build 190R, built Aug  4 2017
@N|Running in 64-bit mode
Copyright (C) 1994-2017 Synopsys, Inc. This Synopsys software and all associated documentation are proprietary to Synopsys, Inc. and may only be used pursuant to the terms and conditions of a written license agreement with Synopsys, Inc. All other use, reproduction, modification, or distribution of the Synopsys software or the associated documentation is strictly prohibited.

Synopsys VHDL Compiler, version comp2017q2p1, Build 190R, built Aug  4 2017
@N|Running in 64-bit mode
Copyright (C) 1994-2017 Synopsys, Inc. This Synopsys software and all associated documentation are proprietary to Synopsys, Inc. and may only be used pursuant to the terms and conditions of a written license agreement with Synopsys, Inc. All other use, reproduction, modification, or distribution of the Synopsys software or the associated documentation is strictly prohibited.

@N: CD720 :"C:\lscc\diamond\3.10_x64\synpbase\lib\vhd\std.vhd":123:18:123:21|Setting time resolution to ps
@N:"C:\Users\Mario\Desktop\Semestre 9\Arquitectura de Computadoras\Practicas\mult8bit\mult8bit00.vhdl":7:7:7:16|Top entity is set to mult8bit00.
VHDL syntax check successful!
@N: CD630 :"C:\Users\Mario\Desktop\Semestre 9\Arquitectura de Computadoras\Practicas\mult8bit\mult8bit00.vhdl":7:7:7:16|Synthesizing work.mult8bit00.mult8bit0.
@W: CD638 :"C:\Users\Mario\Desktop\Semestre 9\Arquitectura de Computadoras\Practicas\mult8bit\mult8bit00.vhdl":17:85:17:88|Signal ss06 is undriven. Either assign the signal a value or remove the signal declaration.
@N: CD630 :"C:\Users\Mario\Desktop\Semestre 9\Arquitectura de Computadoras\Practicas\mult8bit\fa00.vhdl":7:7:7:10|Synthesizing work.fa00.fa0.
@N: CD630 :"C:\Users\Mario\Desktop\Semestre 9\Arquitectura de Computadoras\Practicas\mult8bit\or00.vhdl":6:7:6:10|Synthesizing work.or00.or0.
Post processing for work.or00.or0
@N: CD630 :"C:\Users\Mario\Desktop\Semestre 9\Arquitectura de Computadoras\Practicas\mult8bit\HA00.vhdl":7:7:7:10|Synthesizing work.ha00.ha0.
@N: CD630 :"C:\Users\Mario\Desktop\Semestre 9\Arquitectura de Computadoras\Practicas\mult8bit\and00.vhdl":6:7:6:11|Synthesizing work.and00.and0.
Post processing for work.and00.and0
@N: CD630 :"C:\Users\Mario\Desktop\Semestre 9\Arquitectura de Computadoras\Practicas\mult8bit\xor00.vhdl":6:7:6:11|Synthesizing work.xor00.xor0.
Post processing for work.xor00.xor0
Post processing for work.ha00.ha0
Post processing for work.fa00.fa0
Post processing for work.mult8bit00.mult8bit0

At c_vhdl Exit (Real Time elapsed 0h:00m:01s; CPU Time elapsed 0h:00m:00s; Memory used current: 75MB peak: 76MB)

Process took 0h:00m:01s realtime, 0h:00m:01s cputime

Process completed successfully.
# Thu Mar 21 10:57:41 2019

###########################################################]
Synopsys Netlist Linker, version comp2017q2p1, Build 190R, built Aug  4 2017
@N|Running in 64-bit mode

At syn_nfilter Exit (Real Time elapsed 0h:00m:00s; CPU Time elapsed 0h:00m:00s; Memory used current: 67MB peak: 68MB)

Process took 0h:00m:01s realtime, 0h:00m:01s cputime

Process completed successfully.
# Thu Mar 21 10:57:42 2019

###########################################################]
@END

At c_hdl Exit (Real Time elapsed 0h:00m:02s; CPU Time elapsed 0h:00m:00s; Memory used current: 3MB peak: 4MB)

Process took 0h:00m:02s realtime, 0h:00m:01s cputime

Process completed successfully.
# Thu Mar 21 10:57:42 2019

###########################################################]
Synopsys Netlist Linker, version comp2017q2p1, Build 190R, built Aug  4 2017
@N|Running in 64-bit mode

At syn_nfilter Exit (Real Time elapsed 0h:00m:00s; CPU Time elapsed 0h:00m:00s; Memory used current: 67MB peak: 68MB)

Process took 0h:00m:01s realtime, 0h:00m:01s cputime

Process completed successfully.
# Thu Mar 21 10:57:44 2019

###########################################################]
Pre-mapping Report

# Thu Mar 21 10:57:46 2019

Synopsys Lattice Technology Pre-mapping, Version maplat, Build 1796R, Built Aug  4 2017 11:10:16
Copyright (C) 1994-2017 Synopsys, Inc. This Synopsys software and all associated documentation are proprietary to Synopsys, Inc. and may only be used pursuant to the terms and conditions of a written license agreement with Synopsys, Inc. All other use, reproduction, modification, or distribution of the Synopsys software or the associated documentation is strictly prohibited.
Product Version M-2017.03L-SP1-1

Mapper Startup Complete (Real Time elapsed 0h:00m:00s; CPU Time elapsed 0h:00m:00s; Memory used current: 99MB peak: 100MB)

@A: MF827 |No constraint file specified.
@L: C:\Users\Mario\Desktop\Semestre 9\Arquitectura de Computadoras\Practicas\mult8bit\mult8bit0\mult8bit00_mult8bit0_scck.rpt 
Printing clock  summary report in "C:\Users\Mario\Desktop\Semestre 9\Arquitectura de Computadoras\Practicas\mult8bit\mult8bit0\mult8bit00_mult8bit0_scck.rpt" file 
@N: MF248 |Running in 64-bit mode.
@N: MF666 |Clock conversion enabled. (Command "set_option -fix_gated_and_generated_clocks 1" in the project file.)

Design Input Complete (Real Time elapsed 0h:00m:01s; CPU Time elapsed 0h:00m:00s; Memory used current: 100MB peak: 102MB)


Mapper Initialization Complete (Real Time elapsed 0h:00m:01s; CPU Time elapsed 0h:00m:00s; Memory used current: 100MB peak: 102MB)


Start loading timing files (Real Time elapsed 0h:00m:01s; CPU Time elapsed 0h:00m:00s; Memory used current: 112MB peak: 113MB)


Finished loading timing files (Real Time elapsed 0h:00m:01s; CPU Time elapsed 0h:00m:00s; Memory used current: 112MB peak: 115MB)

@N: BN115 :"c:\users\mario\desktop\semestre 9\arquitectura de computadoras\practicas\mult8bit\ha00.vhdl":22:1:22:3|Removing instance H01 (in view: work.HA00_1_0(ha0)) of type view:work.and00_0_0(and0) because it does not drive other instances.
@N: BN115 :"c:\users\mario\desktop\semestre 9\arquitectura de computadoras\practicas\mult8bit\ha00.vhdl":22:1:22:3|Removing instance H01 (in view: work.HA00_1_13(ha0)) of type view:work.and00_0_14(and0) because it does not drive other instances.
@N: BN115 :"c:\users\mario\desktop\semestre 9\arquitectura de computadoras\practicas\mult8bit\ha00.vhdl":22:1:22:3|Removing instance H01 (in view: work.HA00_1_16(ha0)) of type view:work.and00_0_15(and0) because it does not drive other instances.
@N: BN115 :"c:\users\mario\desktop\semestre 9\arquitectura de computadoras\practicas\mult8bit\ha00.vhdl":22:1:22:3|Removing instance H01 (in view: work.HA00_1_32(ha0)) of type view:work.and00_0_31(and0) because it does not drive other instances.
@N: BN115 :"c:\users\mario\desktop\semestre 9\arquitectura de computadoras\practicas\mult8bit\ha00.vhdl":22:1:22:3|Removing instance H01 (in view: work.HA00_1_48(ha0)) of type view:work.and00_0_47(and0) because it does not drive other instances.
@N: BN115 :"c:\users\mario\desktop\semestre 9\arquitectura de computadoras\practicas\mult8bit\ha00.vhdl":22:1:22:3|Removing instance H01 (in view: work.HA00_1_64(ha0)) of type view:work.and00_0_63(and0) because it does not drive other instances.
@N: BN115 :"c:\users\mario\desktop\semestre 9\arquitectura de computadoras\practicas\mult8bit\ha00.vhdl":22:1:22:3|Removing instance H01 (in view: work.HA00_1_80(ha0)) of type view:work.and00_0_79(and0) because it does not drive other instances.
@N: BN115 :"c:\users\mario\desktop\semestre 9\arquitectura de computadoras\practicas\mult8bit\ha00.vhdl":22:1:22:3|Removing instance H01 (in view: work.HA00_1_96(ha0)) of type view:work.and00_0_95(and0) because it does not drive other instances.
ICG Latch Removal Summary:
Number of ICG latches removed:	0
Number of ICG latches not removed:	0
syn_allowed_resources : blockrams=26  set on top level netlist mult8bit00

Finished netlist restructuring (Real Time elapsed 0h:00m:03s; CPU Time elapsed 0h:00m:00s; Memory used current: 145MB peak: 145MB)



Clock Summary
******************

          Start     Requested     Requested     Clock     Clock     Clock
Level     Clock     Frequency     Period        Type      Group     Load 
-------------------------------------------------------------------------
=========================================================================

Finished Pre Mapping Phase.

Starting constraint checker (Real Time elapsed 0h:00m:03s; CPU Time elapsed 0h:00m:01s; Memory used current: 144MB peak: 145MB)


Finished constraint checker preprocessing (Real Time elapsed 0h:00m:03s; CPU Time elapsed 0h:00m:01s; Memory used current: 144MB peak: 145MB)

None
None

Finished constraint checker (Real Time elapsed 0h:00m:04s; CPU Time elapsed 0h:00m:01s; Memory used current: 144MB peak: 146MB)

Pre-mapping successful!

At Mapper Exit (Real Time elapsed 0h:00m:04s; CPU Time elapsed 0h:00m:01s; Memory used current: 60MB peak: 146MB)

Process took 0h:00m:04s realtime, 0h:00m:01s cputime
# Thu Mar 21 10:57:50 2019

###########################################################]
Map & Optimize Report

# Thu Mar 21 10:57:51 2019

Synopsys Lattice Technology Mapper, Version maplat, Build 1796R, Built Aug  4 2017 11:10:16
Copyright (C) 1994-2017 Synopsys, Inc. This Synopsys software and all associated documentation are proprietary to Synopsys, Inc. and may only be used pursuant to the terms and conditions of a written license agreement with Synopsys, Inc. All other use, reproduction, modification, or distribution of the Synopsys software or the associated documentation is strictly prohibited.
Product Version M-2017.03L-SP1-1

Mapper Startup Complete (Real Time elapsed 0h:00m:00s; CPU Time elapsed 0h:00m:00s; Memory used current: 99MB peak: 100MB)

@N: MF248 |Running in 64-bit mode.
@N: MF666 |Clock conversion enabled. (Command "set_option -fix_gated_and_generated_clocks 1" in the project file.)

Design Input Complete (Real Time elapsed 0h:00m:00s; CPU Time elapsed 0h:00m:00s; Memory used current: 99MB peak: 101MB)


Mapper Initialization Complete (Real Time elapsed 0h:00m:00s; CPU Time elapsed 0h:00m:00s; Memory used current: 99MB peak: 101MB)


Start loading timing files (Real Time elapsed 0h:00m:00s; CPU Time elapsed 0h:00m:00s; Memory used current: 112MB peak: 112MB)


Finished loading timing files (Real Time elapsed 0h:00m:00s; CPU Time elapsed 0h:00m:00s; Memory used current: 112MB peak: 114MB)



Starting Optimization and Mapping (Real Time elapsed 0h:00m:00s; CPU Time elapsed 0h:00m:00s; Memory used current: 139MB peak: 142MB)


Available hyper_sources - for debug and ip models
	None Found


Finished RTL optimizations (Real Time elapsed 0h:00m:01s; CPU Time elapsed 0h:00m:00s; Memory used current: 141MB peak: 143MB)


Starting factoring (Real Time elapsed 0h:00m:01s; CPU Time elapsed 0h:00m:00s; Memory used current: 141MB peak: 143MB)


Finished factoring (Real Time elapsed 0h:00m:02s; CPU Time elapsed 0h:00m:02s; Memory used current: 158MB peak: 158MB)


Starting gated-clock and generated-clock conversion (Real Time elapsed 0h:00m:02s; CPU Time elapsed 0h:00m:02s; Memory used current: 149MB peak: 158MB)


Finished gated-clock and generated-clock conversion (Real Time elapsed 0h:00m:03s; CPU Time elapsed 0h:00m:02s; Memory used current: 149MB peak: 158MB)


Finished generic timing optimizations - Pass 1 (Real Time elapsed 0h:00m:03s; CPU Time elapsed 0h:00m:02s; Memory used current: 151MB peak: 158MB)


Starting Early Timing Optimization (Real Time elapsed 0h:00m:03s; CPU Time elapsed 0h:00m:02s; Memory used current: 151MB peak: 158MB)


Finished Early Timing Optimization (Real Time elapsed 0h:00m:03s; CPU Time elapsed 0h:00m:02s; Memory used current: 151MB peak: 158MB)


Finished generic timing optimizations - Pass 2 (Real Time elapsed 0h:00m:03s; CPU Time elapsed 0h:00m:02s; Memory used current: 151MB peak: 158MB)


Finished preparing to map (Real Time elapsed 0h:00m:03s; CPU Time elapsed 0h:00m:02s; Memory used current: 151MB peak: 158MB)


Finished technology mapping (Real Time elapsed 0h:00m:05s; CPU Time elapsed 0h:00m:04s; Memory used current: 161MB peak: 163MB)

Pass		 CPU time		Worst Slack		Luts / Registers
------------------------------------------------------------
   1		0h:00m:04s		100000.00ns		 126 /         0

Finished technology timing optimizations and critical path resynthesis (Real Time elapsed 0h:00m:05s; CPU Time elapsed 0h:00m:04s; Memory used current: 161MB peak: 163MB)

@N: FX164 |The option to pack registers in the IOB has not been specified. Please set syn_useioff attribute.  

Finished restoring hierarchy (Real Time elapsed 0h:00m:06s; CPU Time elapsed 0h:00m:04s; Memory used current: 162MB peak: 163MB)



@S |Clock Optimization Summary


#### START OF CLOCK OPTIMIZATION REPORT #####[

0 non-gated/non-generated clock tree(s) driving 0 clock pin(s) of sequential element(s)
0 gated/generated clock tree(s) driving 0 clock pin(s) of sequential element(s)
0 instances converted, 0 sequential instances remain driven by gated/generated clocks



##### END OF CLOCK OPTIMIZATION REPORT ######]


Start Writing Netlists (Real Time elapsed 0h:00m:06s; CPU Time elapsed 0h:00m:05s; Memory used current: 126MB peak: 163MB)

Writing Analyst data base C:\Users\Mario\Desktop\Semestre 9\Arquitectura de Computadoras\Practicas\mult8bit\mult8bit0\synwork\mult8bit00_mult8bit0_m.srm

Finished Writing Netlist Databases (Real Time elapsed 0h:00m:08s; CPU Time elapsed 0h:00m:05s; Memory used current: 160MB peak: 163MB)

Writing EDIF Netlist and constraint files
@N: FX1056 |Writing EDF file: C:\Users\Mario\Desktop\Semestre 9\Arquitectura de Computadoras\Practicas\mult8bit\mult8bit0\mult8bit00_mult8bit0.edi
M-2017.03L-SP1-1
@N: BW106 |Synplicity Constraint File capacitance units using default value of 1pF 

Finished Writing EDIF Netlist and constraint files (Real Time elapsed 0h:00m:10s; CPU Time elapsed 0h:00m:07s; Memory used current: 164MB peak: 166MB)


Start final timing analysis (Real Time elapsed 0h:00m:10s; CPU Time elapsed 0h:00m:08s; Memory used current: 166MB peak: 166MB)



##### START OF TIMING REPORT #####[
# Timing Report written on Thu Mar 21 10:58:02 2019
#


Top view:               mult8bit00
Requested Frequency:    1.0 MHz
Wire load mode:         top
Paths requested:        5
Constraint File(s):    
@N: MT320 |This timing report is an estimate of place and route data. For final timing results, use the FPGA vendor place and route report.

@N: MT322 |Clock constraints include only register-to-register paths associated with each individual clock.



Performance Summary
*******************


Worst slack in design: NA






Clock Relationships
*******************

Clocks            |    rise  to  rise   |    fall  to  fall   |    rise  to  fall   |    fall  to  rise 
--------------------------------------------------------------------------------------------------------
Starting  Ending  |  constraint  slack  |  constraint  slack  |  constraint  slack  |  constraint  slack
--------------------------------------------------------------------------------------------------------
========================================================================================================
 Note: 'No paths' indicates there are no paths in the design for that pair of clock edges.
       'Diff grp' indicates that paths exist but the starting clock and ending clock are in different clock groups.



Interface Information 
*********************

No IO constraint found


##### END OF TIMING REPORT #####]

Timing exceptions that could not be applied
None

Finished final timing analysis (Real Time elapsed 0h:00m:10s; CPU Time elapsed 0h:00m:08s; Memory used current: 166MB peak: 167MB)


Finished timing report (Real Time elapsed 0h:00m:10s; CPU Time elapsed 0h:00m:08s; Memory used current: 166MB peak: 167MB)

---------------------------------------
Resource Usage Report
Part: lcmxo2_7000he-5

Register bits: 0 of 6864 (0%)
PIC Latch:       0
I/O cells:       32


Details:
GSR:            1
IB:             16
OB:             16
ORCALUT4:       125
PUR:            1
VHI:            238
VLO:            238
Mapper successful!

At Mapper Exit (Real Time elapsed 0h:00m:11s; CPU Time elapsed 0h:00m:08s; Memory used current: 32MB peak: 167MB)

Process took 0h:00m:11s realtime, 0h:00m:08s cputime
# Thu Mar 21 10:58:03 2019

###########################################################]


Synthesis exit by 0.

edif2ngd  -l "MachXO2" -d LCMXO2-7000HE -path "C:/Users/Mario/Desktop/Semestre 9/Arquitectura de Computadoras/Practicas/mult8bit/mult8bit0" -path "C:/Users/Mario/Desktop/Semestre 9/Arquitectura de Computadoras/Practicas/mult8bit"   "C:/Users/Mario/Desktop/Semestre 9/Arquitectura de Computadoras/Practicas/mult8bit/mult8bit0/mult8bit00_mult8bit0.edi" "mult8bit00_mult8bit0.ngo"   
edif2ngd:  version Diamond (64-bit) 3.10.3.144

Copyright (c) 1991-1994 by NeoCAD Inc. All rights reserved.
Copyright (c) 1995 AT&T Corp.   All rights reserved.
Copyright (c) 1995-2001 Lucent Technologies Inc.  All rights reserved.
Copyright (c) 2001 Agere Systems   All rights reserved.
Copyright (c) 2002-2017 Lattice Semiconductor Corporation,  All rights reserved.
Writing the design to mult8bit00_mult8bit0.ngo...

Total CPU Time: 0 secs  

Total REAL Time: 0 secs  


ngdbuild  -a "MachXO2" -d LCMXO2-7000HE  -p "C:/lscc/diamond/3.10_x64/ispfpga/xo2c00/data"  -p "C:/Users/Mario/Desktop/Semestre 9/Arquitectura de Computadoras/Practicas/mult8bit/mult8bit0" -p "C:/Users/Mario/Desktop/Semestre 9/Arquitectura de Computadoras/Practicas/mult8bit"  "mult8bit00_mult8bit0.ngo" "mult8bit00_mult8bit0.ngd"  	
ngdbuild:  version Diamond (64-bit) 3.10.3.144

Copyright (c) 1991-1994 by NeoCAD Inc. All rights reserved.
Copyright (c) 1995 AT&T Corp.   All rights reserved.
Copyright (c) 1995-2001 Lucent Technologies Inc.  All rights reserved.
Copyright (c) 2001 Agere Systems   All rights reserved.
Copyright (c) 2002-2017 Lattice Semiconductor Corporation,  All rights reserved.
Reading 'mult8bit00_mult8bit0.ngo' ...
Loading NGL library 'C:/lscc/diamond/3.10_x64/ispfpga/xo2c00a/data/xo2alib.ngl'...
Loading NGL library 'C:/lscc/diamond/3.10_x64/ispfpga/xo2c00/data/xo2clib.ngl'...
Loading NGL library 'C:/lscc/diamond/3.10_x64/ispfpga/mg5g00/data/mg5glib.ngl'...
Loading NGL library 'C:/lscc/diamond/3.10_x64/ispfpga/or5g00/data/orc5glib.ngl'...


Running DRC...

DRC complete with no errors or warnings

Design Results:
    634 blocks expanded
Complete the first expansion.
Writing 'mult8bit00_mult8bit0.ngd' ...
Total CPU Time: 0 secs  

Total REAL Time: 0 secs  


map -a "MachXO2" -p LCMXO2-7000HE -t TQFP144 -s 5 -oc Commercial   "mult8bit00_mult8bit0.ngd" -o "mult8bit00_mult8bit0_map.ncd" -pr "mult8bit00_mult8bit0.prf" -mp "mult8bit00_mult8bit0.mrp" -lpf "C:/Users/Mario/Desktop/Semestre 9/Arquitectura de Computadoras/Practicas/mult8bit/mult8bit0/mult8bit00_mult8bit0_synplify.lpf" -lpf "C:/Users/Mario/Desktop/Semestre 9/Arquitectura de Computadoras/Practicas/mult8bit/mult8bit00.lpf" -c 0            
map:  version Diamond (64-bit) 3.10.3.144

Copyright (c) 1991-1994 by NeoCAD Inc. All rights reserved.
Copyright (c) 1995 AT&T Corp.   All rights reserved.
Copyright (c) 1995-2001 Lucent Technologies Inc.  All rights reserved.
Copyright (c) 2001 Agere Systems   All rights reserved.
Copyright (c) 2002-2017 Lattice Semiconductor Corporation,  All rights reserved.
   Process the file: mult8bit00_mult8bit0.ngd
   Picdevice="LCMXO2-7000HE"

   Pictype="TQFP144"

   Picspeed=5

   Remove unused logic

   Do not produce over sized NCDs.

Part used: LCMXO2-7000HETQFP144, Performance used: 5.

Loading device for application map from file 'xo2c7000.nph' in environment: C:/lscc/diamond/3.10_x64/ispfpga.
Package Status:                     Final          Version 1.39.

Running general design DRC...

Removing unused logic...

Optimizing...




Design Summary:
   Number of registers:      0 out of  7209 (0%)
      PFU registers:            0 out of  6864 (0%)
      PIO registers:            0 out of   345 (0%)
   Number of SLICEs:        63 out of  3432 (2%)
      SLICEs as Logic/ROM:     63 out of  3432 (2%)
      SLICEs as RAM:            0 out of  2574 (0%)
      SLICEs as Carry:          0 out of  3432 (0%)
   Number of LUT4s:        125 out of  6864 (2%)
      Number used as logic LUTs:        125
      Number used as distributed RAM:     0
      Number used as ripple logic:        0
      Number used as shift registers:     0
   Number of PIO sites used: 32 + 4(JTAG) out of 115 (31%)
   Number of block RAMs:  0 out of 26 (0%)
   Number of GSRs:  0 out of 1 (0%)
   EFB used :       No
   JTAG used :      No
   Readback used :  No
   Oscillator used :  No
   Startup used :   No
   POR :            On
   Bandgap :        On
   Number of Power Controller:  0 out of 1 (0%)
   Number of Dynamic Bank Controller (BCINRD):  0 out of 6 (0%)
   Number of Dynamic Bank Controller (BCLVDSO):  0 out of 1 (0%)
   Number of DCCA:  0 out of 8 (0%)
   Number of DCMA:  0 out of 2 (0%)
   Number of PLLs:  0 out of 2 (0%)
   Number of DQSDLLs:  0 out of 2 (0%)
   Number of CLKDIVC:  0 out of 4 (0%)
   Number of ECLKSYNCA:  0 out of 4 (0%)
   Number of ECLKBRIDGECS:  0 out of 2 (0%)
   Notes:-
      1. Total number of LUT4s = (Number of logic LUT4s) + 2*(Number of distributed RAMs) + 2*(Number of ripple logic)
      2. Number of logic LUT4s does not include count of distributed RAM and ripple logic.
   Number of clocks:  0
   Number of Clock Enables:  0
   Number of LSRs:  0
   Number of nets driven by tri-state buffers:  0
   Top 10 highest fanout non-clock nets:
     Net Ai_c[3]: 16 loads
     Net Ai_c[7]: 16 loads
     Net Bi_c[2]: 16 loads
     Net Bi_c[3]: 16 loads
     Net Bi_c[4]: 16 loads
     Net Bi_c[5]: 16 loads
     Net Ai_c[0]: 15 loads
     Net Ai_c[1]: 15 loads
     Net Ai_c[2]: 15 loads
     Net Ai_c[5]: 15 loads
 

   Number of warnings:  0
   Number of errors:    0



Total CPU Time: 0 secs  
Total REAL Time: 3 secs  
Peak Memory Usage: 36 MB

Dumping design to file mult8bit00_mult8bit0_map.ncd.

mpartrce -p "mult8bit00_mult8bit0.p2t" -f "mult8bit00_mult8bit0.p3t" -tf "mult8bit00_mult8bit0.pt" "mult8bit00_mult8bit0_map.ncd" "mult8bit00_mult8bit0.ncd"

---- MParTrce Tool ----
Removing old design directory at request of -rem command line option to this program.
Running par. Please wait . . .

Lattice Place and Route Report for Design "mult8bit00_mult8bit0_map.ncd"
Thu Mar 21 10:58:16 2019

PAR: Place And Route Diamond (64-bit) 3.10.3.144.
Command Line: par -w -l 5 -i 6 -t 1 -c 0 -e 0 -gui -exp parUseNBR=1:parCDP=0:parCDR=0:parPathBased=OFF mult8bit00_mult8bit0_map.ncd mult8bit00_mult8bit0.dir/5_1.ncd mult8bit00_mult8bit0.prf
Preference file: mult8bit00_mult8bit0.prf.
Placement level-cost: 5-1.
Routing Iterations: 6

Loading design for application par from file mult8bit00_mult8bit0_map.ncd.
Design name: mult8bit00
NCD version: 3.3
Vendor:      LATTICE
Device:      LCMXO2-7000HE
Package:     TQFP144
Performance: 5
Loading device for application par from file 'xo2c7000.nph' in environment: C:/lscc/diamond/3.10_x64/ispfpga.
Package Status:                     Final          Version 1.39.
Performance Hardware Data Status:   Final          Version 34.4.
License checked out.


Ignore Preference Error(s):  True
Device utilization summary:

   PIO (prelim)   32+4(JTAG)/336     11% used
                  32+4(JTAG)/115     31% bonded

   SLICE             63/3432          1% used



Number of Signals: 141
Number of Connections: 477

Pin Constraint Summary:
   0 out of 32 pins locked (0% locked).

No signal is selected as primary clock.


No signal is selected as secondary clock.

No signal is selected as Global Set/Reset.
.
Starting Placer Phase 0.
.............
Finished Placer Phase 0.  REAL time: 4 secs 

Starting Placer Phase 1.
.....................
Placer score = 24016.
Finished Placer Phase 1.  REAL time: 27 secs 

Starting Placer Phase 2.
.
Placer score =  24009
Finished Placer Phase 2.  REAL time: 27 secs 


------------------ Clock Report ------------------

Global Clock Resources:
  CLK_PIN    : 0 out of 8 (0%)
  PLL        : 0 out of 2 (0%)
  DCM        : 0 out of 2 (0%)
  DCC        : 0 out of 8 (0%)

Quadrants All (TL, TR, BL, BR) - Global Clocks:

  PRIMARY  : 0 out of 8 (0%)
  SECONDARY: 0 out of 8 (0%)

Edge Clocks:
  No edge clock selected.

--------------- End of Clock Report ---------------


I/O Usage Summary (final):
   32 + 4(JTAG) out of 336 (10.7%) PIO sites used.
   32 + 4(JTAG) out of 115 (31.3%) bonded PIO sites used.
   Number of PIO comps: 32; differential: 0.
   Number of Vref pins used: 0.

I/O Bank Usage Summary:
+----------+----------------+------------+-----------+
| I/O Bank | Usage          | Bank Vccio | Bank Vref |
+----------+----------------+------------+-----------+
| 0        | 8 / 28 ( 28%)  | 2.5V       | -         |
| 1        | 24 / 29 ( 82%) | 2.5V       | -         |
| 2        | 0 / 29 (  0%)  | -          | -         |
| 3        | 0 / 9 (  0%)   | -          | -         |
| 4        | 0 / 10 (  0%)  | -          | -         |
| 5        | 0 / 10 (  0%)  | -          | -         |
+----------+----------------+------------+-----------+

Total placer CPU time: 25 secs 

Dumping design to file mult8bit00_mult8bit0.dir/5_1.ncd.


-----------------------------------------------------------------
INFO - par: ASE feature is off due to non timing-driven settings.  
-----------------------------------------------------------------

0 connections routed; 477 unrouted.
Starting router resource preassignment

Completed router resource preassignment. Real time: 33 secs 

Start NBR router at 10:58:50 03/21/19

*****************************************************************
Info: NBR allows conflicts(one node used by more than one signal)
      in the earlier iterations. In each iteration, it tries to  
      solve the conflicts while keeping the critical connections 
      routed as short as possible. The routing process is said to
      be completed when no conflicts exist and all connections   
      are routed.                                                
Note: NBR uses a different method to calculate timing slacks. The
      worst slack and total negative slack may not be the same as
      that in TRCE report. You should always run TRCE to verify  
      your design.                                               
*****************************************************************

Start NBR special constraint process at 10:58:50 03/21/19

Start NBR section for initial routing at 10:58:50 03/21/19
Level 4, iteration 1
11(0.00%) conflicts; 0(0.00%) untouched conn; 0 (nbr) score; real time: 34 secs 

Info: Initial congestion level at 75% usage is 0
Info: Initial congestion area  at 75% usage is 0 (0.00%)

Start NBR section for normal routing at 10:58:50 03/21/19
Level 4, iteration 1
4(0.00%) conflicts; 0(0.00%) untouched conn; 0 (nbr) score; real time: 34 secs 
Level 4, iteration 2
1(0.00%) conflict; 0(0.00%) untouched conn; 0 (nbr) score; real time: 34 secs 
Level 4, iteration 3
0(0.00%) conflict; 0(0.00%) untouched conn; 0 (nbr) score; real time: 34 secs 

Start NBR section for re-routing at 10:58:50 03/21/19
Level 4, iteration 1
0(0.00%) conflict; 0(0.00%) untouched conn; 0 (nbr) score; real time: 34 secs 

Start NBR section for post-routing at 10:58:50 03/21/19

End NBR router with 0 unrouted connection

NBR Summary
-----------
  Number of unrouted connections : 0 (0.00%)
  Number of connections with timing violations : 0 (0.00%)
  Estimated worst slack<setup> : <n/a>
  Timing score<setup> : 0
-----------
Notes: The timing info is calculated for SETUP only and all PAR_ADJs are ignored.



Total CPU time 30 secs 
Total REAL time: 35 secs 
Completely routed.
End of route.  477 routed (100.00%); 0 unrouted.

Hold time timing score: 0, hold timing errors: 0

Timing score: 0 

Dumping design to file mult8bit00_mult8bit0.dir/5_1.ncd.


PAR_SUMMARY::Run status = Success
PAR_SUMMARY::Number of unrouted conns = 0
PAR_SUMMARY::Worst  slack<setup/<ns>> = <n/a>
PAR_SUMMARY::Timing score<setup/<ns>> = <n/a>
PAR_SUMMARY::Worst  slack<hold /<ns>> = <n/a>
PAR_SUMMARY::Timing score<hold /<ns>> = <n/a>
PAR_SUMMARY::Number of errors = 0

Total CPU  time to completion: 31 secs 
Total REAL time to completion: 37 secs 

par done!

Copyright (c) 1991-1994 by NeoCAD Inc. All rights reserved.
Copyright (c) 1995 AT&T Corp.   All rights reserved.
Copyright (c) 1995-2001 Lucent Technologies Inc.  All rights reserved.
Copyright (c) 2001 Agere Systems   All rights reserved.
Copyright (c) 2002-2017 Lattice Semiconductor Corporation,  All rights reserved.
Exiting par with exit code 0
Exiting mpartrce with exit code 0

bitgen -f "mult8bit00_mult8bit0.t2b" -w "mult8bit00_mult8bit0.ncd" -jedec "mult8bit00_mult8bit0.prf"


BITGEN: Bitstream Generator Diamond (64-bit) 3.10.3.144
Copyright (c) 1991-1994 by NeoCAD Inc. All rights reserved.
Copyright (c) 1995 AT&T Corp.   All rights reserved.
Copyright (c) 1995-2001 Lucent Technologies Inc.  All rights reserved.
Copyright (c) 2001 Agere Systems   All rights reserved.
Copyright (c) 2002-2017 Lattice Semiconductor Corporation,  All rights reserved.


Loading design for application Bitgen from file mult8bit00_mult8bit0.ncd.
Design name: mult8bit00
NCD version: 3.3
Vendor:      LATTICE
Device:      LCMXO2-7000HE
Package:     TQFP144
Performance: 5
Loading device for application Bitgen from file 'xo2c7000.nph' in environment: C:/lscc/diamond/3.10_x64/ispfpga.
Package Status:                     Final          Version 1.39.
Performance Hardware Data Status:   Final          Version 34.4.

Running DRC.
DRC detected 0 errors and 0 warnings.
Reading Preference File from mult8bit00_mult8bit0.prf.

Preference Summary:
+---------------------------------+---------------------------------+
|  Preference                     |  Current Setting                |
+---------------------------------+---------------------------------+
|                         RamCfg  |                        Reset**  |
+---------------------------------+---------------------------------+
|                     MCCLK_FREQ  |                         2.08**  |
+---------------------------------+---------------------------------+
|                  CONFIG_SECURE  |                          OFF**  |
+---------------------------------+---------------------------------+
|                          INBUF  |                           ON**  |
+---------------------------------+---------------------------------+
|                      JTAG_PORT  |                       ENABLE**  |
+---------------------------------+---------------------------------+
|                       SDM_PORT  |                      DISABLE**  |
+---------------------------------+---------------------------------+
|                 SLAVE_SPI_PORT  |                      DISABLE**  |
+---------------------------------+---------------------------------+
|                MASTER_SPI_PORT  |                      DISABLE**  |
+---------------------------------+---------------------------------+
|                       I2C_PORT  |                      DISABLE**  |
+---------------------------------+---------------------------------+
|        MUX_CONFIGURATION_PORTS  |                      DISABLE**  |
+---------------------------------+---------------------------------+
|                  CONFIGURATION  |                          CFG**  |
+---------------------------------+---------------------------------+
|                COMPRESS_CONFIG  |                           ON**  |
+---------------------------------+---------------------------------+
|                        MY_ASSP  |                          OFF**  |
+---------------------------------+---------------------------------+
|               ONE_TIME_PROGRAM  |                          OFF**  |
+---------------------------------+---------------------------------+
|                 ENABLE_TRANSFR  |                      DISABLE**  |
+---------------------------------+---------------------------------+
|                  SHAREDEBRINIT  |                      DISABLE**  |
+---------------------------------+---------------------------------+
|            BACKGROUND_RECONFIG  |                          OFF**  |
+---------------------------------+---------------------------------+
 *  Default setting.
 ** The specified setting matches the default setting.


Creating bit map...
 
Bitstream Status: Final           Version 1.94.
 
Saving bit stream in "mult8bit00_mult8bit0.jed".
 
===========
UFM Summary.
===========
UFM Size:        2046 Pages (128*2046 Bits).
UFM Utilization: General Purpose Flash Memory.
 
Available General Purpose Flash Memory: 2046 Pages (Page 0 to Page 2045).
Initialized UFM Pages:                     0 Page.
 
