
          Lattice Mapping Report File for Design Module 'mult8bit00'


Design Information
------------------

Command line:   map -a MachXO2 -p LCMXO2-7000HE -t TQFP144 -s 5 -oc Commercial
     mult8bit00_mult8bit0.ngd -o mult8bit00_mult8bit0_map.ncd -pr
     mult8bit00_mult8bit0.prf -mp mult8bit00_mult8bit0.mrp -lpf
     C:/Users/Mario/Desktop/Semestre 9/Arquitectura de Computadoras/Practicas/mu
     lt8bit/mult8bit0/mult8bit00_mult8bit0_synplify.lpf -lpf
     C:/Users/Mario/Desktop/Semestre 9/Arquitectura de
     Computadoras/Practicas/mult8bit/mult8bit00.lpf -c 0 -gui 
Target Vendor:  LATTICE
Target Device:  LCMXO2-7000HETQFP144
Target Performance:   5
Mapper:  xo2c00,  version:  Diamond (64-bit) 3.10.3.144
Mapped on:  03/21/19  10:58:11

Design Summary
--------------

   Number of registers:      0 out of  7209 (0%)
      PFU registers:            0 out of  6864 (0%)
      PIO registers:            0 out of   345 (0%)
   Number of SLICEs:        63 out of  3432 (2%)
      SLICEs as Logic/ROM:     63 out of  3432 (2%)
      SLICEs as RAM:            0 out of  2574 (0%)
      SLICEs as Carry:          0 out of  3432 (0%)
   Number of LUT4s:        125 out of  6864 (2%)
      Number used as logic LUTs:        125
      Number used as distributed RAM:     0
      Number used as ripple logic:        0
      Number used as shift registers:     0
   Number of PIO sites used: 32 + 4(JTAG) out of 115 (31%)
   Number of block RAMs:  0 out of 26 (0%)
   Number of GSRs:  0 out of 1 (0%)
   EFB used :       No
   JTAG used :      No
   Readback used :  No
   Oscillator used :  No
   Startup used :   No
   POR :            On
   Bandgap :        On
   Number of Power Controller:  0 out of 1 (0%)
   Number of Dynamic Bank Controller (BCINRD):  0 out of 6 (0%)
   Number of Dynamic Bank Controller (BCLVDSO):  0 out of 1 (0%)
   Number of DCCA:  0 out of 8 (0%)
   Number of DCMA:  0 out of 2 (0%)
   Number of PLLs:  0 out of 2 (0%)
   Number of DQSDLLs:  0 out of 2 (0%)
   Number of CLKDIVC:  0 out of 4 (0%)
   Number of ECLKSYNCA:  0 out of 4 (0%)
   Number of ECLKBRIDGECS:  0 out of 2 (0%)
   Notes:-
      1. Total number of LUT4s = (Number of logic LUT4s) + 2*(Number of
     distributed RAMs) + 2*(Number of ripple logic)
      2. Number of logic LUT4s does not include count of distributed RAM and
     ripple logic.
   Number of clocks:  0
   Number of Clock Enables:  0

                                    Page 1




Design:  mult8bit00                                    Date:  03/21/19  10:58:11

Design Summary (cont)
---------------------
   Number of LSRs:  0
   Number of nets driven by tri-state buffers:  0
   Top 10 highest fanout non-clock nets:
     Net Ai_c[3]: 16 loads
     Net Ai_c[7]: 16 loads
     Net Bi_c[2]: 16 loads
     Net Bi_c[3]: 16 loads
     Net Bi_c[4]: 16 loads
     Net Bi_c[5]: 16 loads
     Net Ai_c[0]: 15 loads
     Net Ai_c[1]: 15 loads
     Net Ai_c[2]: 15 loads
     Net Ai_c[5]: 15 loads




   Number of warnings:  0
   Number of errors:    0
     

Design Errors/Warnings
----------------------

   No errors or warnings present.

IO (PIO) Attributes
-------------------

+---------------------+-----------+-----------+------------+
| IO Name             | Direction | Levelmode | IO         |
|                     |           |  IO_TYPE  | Register   |
+---------------------+-----------+-----------+------------+
| R[0]                | OUTPUT    | LVCMOS25  |            |
+---------------------+-----------+-----------+------------+
| Ai[0]               | INPUT     | LVCMOS25  |            |
+---------------------+-----------+-----------+------------+
| R[15]               | OUTPUT    | LVCMOS25  |            |
+---------------------+-----------+-----------+------------+
| R[14]               | OUTPUT    | LVCMOS25  |            |
+---------------------+-----------+-----------+------------+
| R[13]               | OUTPUT    | LVCMOS25  |            |
+---------------------+-----------+-----------+------------+
| R[12]               | OUTPUT    | LVCMOS25  |            |
+---------------------+-----------+-----------+------------+
| R[11]               | OUTPUT    | LVCMOS25  |            |
+---------------------+-----------+-----------+------------+
| R[10]               | OUTPUT    | LVCMOS25  |            |
+---------------------+-----------+-----------+------------+
| R[9]                | OUTPUT    | LVCMOS25  |            |
+---------------------+-----------+-----------+------------+
| R[8]                | OUTPUT    | LVCMOS25  |            |
+---------------------+-----------+-----------+------------+
| R[7]                | OUTPUT    | LVCMOS25  |            |
+---------------------+-----------+-----------+------------+
| R[6]                | OUTPUT    | LVCMOS25  |            |

                                    Page 2




Design:  mult8bit00                                    Date:  03/21/19  10:58:11

IO (PIO) Attributes (cont)
--------------------------
+---------------------+-----------+-----------+------------+
| R[5]                | OUTPUT    | LVCMOS25  |            |
+---------------------+-----------+-----------+------------+
| R[4]                | OUTPUT    | LVCMOS25  |            |
+---------------------+-----------+-----------+------------+
| R[3]                | OUTPUT    | LVCMOS25  |            |
+---------------------+-----------+-----------+------------+
| R[2]                | OUTPUT    | LVCMOS25  |            |
+---------------------+-----------+-----------+------------+
| R[1]                | OUTPUT    | LVCMOS25  |            |
+---------------------+-----------+-----------+------------+
| Bi[7]               | INPUT     | LVCMOS25  |            |
+---------------------+-----------+-----------+------------+
| Bi[6]               | INPUT     | LVCMOS25  |            |
+---------------------+-----------+-----------+------------+
| Bi[5]               | INPUT     | LVCMOS25  |            |
+---------------------+-----------+-----------+------------+
| Bi[4]               | INPUT     | LVCMOS25  |            |
+---------------------+-----------+-----------+------------+
| Bi[3]               | INPUT     | LVCMOS25  |            |
+---------------------+-----------+-----------+------------+
| Bi[2]               | INPUT     | LVCMOS25  |            |
+---------------------+-----------+-----------+------------+
| Bi[1]               | INPUT     | LVCMOS25  |            |
+---------------------+-----------+-----------+------------+
| Bi[0]               | INPUT     | LVCMOS25  |            |
+---------------------+-----------+-----------+------------+
| Ai[7]               | INPUT     | LVCMOS25  |            |
+---------------------+-----------+-----------+------------+
| Ai[6]               | INPUT     | LVCMOS25  |            |
+---------------------+-----------+-----------+------------+
| Ai[5]               | INPUT     | LVCMOS25  |            |
+---------------------+-----------+-----------+------------+
| Ai[4]               | INPUT     | LVCMOS25  |            |
+---------------------+-----------+-----------+------------+
| Ai[3]               | INPUT     | LVCMOS25  |            |
+---------------------+-----------+-----------+------------+
| Ai[2]               | INPUT     | LVCMOS25  |            |
+---------------------+-----------+-----------+------------+
| Ai[1]               | INPUT     | LVCMOS25  |            |
+---------------------+-----------+-----------+------------+

Removed logic
-------------

Block VCC undriven or does not drive anything - clipped.
Block GSR_INST undriven or does not drive anything - clipped.
Block GND undriven or does not drive anything - clipped.
Block Mu000/VCC undriven or does not drive anything - clipped.
Block Mu000/GND undriven or does not drive anything - clipped.
Block Mu002/VCC undriven or does not drive anything - clipped.
Block Mu002/GND undriven or does not drive anything - clipped.
Block Mu004/VCC undriven or does not drive anything - clipped.
Block Mu004/GND undriven or does not drive anything - clipped.
Block Mu005/VCC undriven or does not drive anything - clipped.
Block Mu005/GND undriven or does not drive anything - clipped.

                                    Page 3




Design:  mult8bit00                                    Date:  03/21/19  10:58:11

Removed logic (cont)
--------------------
Block Mu006/VCC undriven or does not drive anything - clipped.
Block Mu006/GND undriven or does not drive anything - clipped.
Block Mu014/VCC undriven or does not drive anything - clipped.
Block Mu014/GND undriven or does not drive anything - clipped.
Block Mu016/GND undriven or does not drive anything - clipped.
Block Mu016/VCC undriven or does not drive anything - clipped.
Block Mu016/FA01/GND undriven or does not drive anything - clipped.
Block Mu016/FA01/VCC undriven or does not drive anything - clipped.
Block Mu016/FA01/H00/GND undriven or does not drive anything - clipped.
Block Mu016/FA01/H00/VCC undriven or does not drive anything - clipped.
Block Mu016/FA01/H01/GND undriven or does not drive anything - clipped.
Block Mu016/FA01/H01/VCC undriven or does not drive anything - clipped.
Block Mu017/GND undriven or does not drive anything - clipped.
Block Mu017/VCC undriven or does not drive anything - clipped.
Block Mu017/FA00/GND undriven or does not drive anything - clipped.
Block Mu017/FA00/VCC undriven or does not drive anything - clipped.
Block Mu017/FA00/H00/GND undriven or does not drive anything - clipped.
Block Mu017/FA00/H00/VCC undriven or does not drive anything - clipped.
Block Mu017/FA02/GND undriven or does not drive anything - clipped.
Block Mu017/FA02/VCC undriven or does not drive anything - clipped.
Block Mu018/GND undriven or does not drive anything - clipped.
Block Mu018/VCC undriven or does not drive anything - clipped.
Block Mu018/FA00/GND undriven or does not drive anything - clipped.
Block Mu018/FA00/VCC undriven or does not drive anything - clipped.
Block Mu018/FA00/H00/VCC undriven or does not drive anything - clipped.
Block Mu018/FA00/H00/GND undriven or does not drive anything - clipped.
Block Mu018/FA01/GND undriven or does not drive anything - clipped.
Block Mu018/FA01/VCC undriven or does not drive anything - clipped.
Block Mu018/FA01/H00/GND undriven or does not drive anything - clipped.
Block Mu018/FA01/H00/VCC undriven or does not drive anything - clipped.
Block Mu018/FA01/H01/GND undriven or does not drive anything - clipped.
Block Mu018/FA01/H01/VCC undriven or does not drive anything - clipped.
Block Mu018/FA02/VCC undriven or does not drive anything - clipped.
Block Mu018/FA02/GND undriven or does not drive anything - clipped.
Block Mu019/GND undriven or does not drive anything - clipped.
Block Mu019/VCC undriven or does not drive anything - clipped.
Block Mu019/FA00/GND undriven or does not drive anything - clipped.
Block Mu019/FA00/VCC undriven or does not drive anything - clipped.
Block Mu019/FA00/H00/GND undriven or does not drive anything - clipped.
Block Mu019/FA00/H00/VCC undriven or does not drive anything - clipped.
Block Mu019/FA02/GND undriven or does not drive anything - clipped.
Block Mu019/FA02/VCC undriven or does not drive anything - clipped.
Block Mu020/GND undriven or does not drive anything - clipped.
Block Mu020/VCC undriven or does not drive anything - clipped.
Block Mu020/FA00/GND undriven or does not drive anything - clipped.
Block Mu020/FA00/VCC undriven or does not drive anything - clipped.
Block Mu020/FA00/H00/GND undriven or does not drive anything - clipped.
Block Mu020/FA00/H00/VCC undriven or does not drive anything - clipped.
Block Mu020/FA02/GND undriven or does not drive anything - clipped.
Block Mu020/FA02/VCC undriven or does not drive anything - clipped.
Block Mu021/GND undriven or does not drive anything - clipped.
Block Mu021/VCC undriven or does not drive anything - clipped.
Block Mu021/FA00/GND undriven or does not drive anything - clipped.
Block Mu021/FA00/VCC undriven or does not drive anything - clipped.
Block Mu021/FA00/H00/GND undriven or does not drive anything - clipped.
Block Mu021/FA00/H00/VCC undriven or does not drive anything - clipped.

                                    Page 4




Design:  mult8bit00                                    Date:  03/21/19  10:58:11

Removed logic (cont)
--------------------
Block Mu021/FA02/GND undriven or does not drive anything - clipped.
Block Mu021/FA02/VCC undriven or does not drive anything - clipped.
Block Mu022/GND undriven or does not drive anything - clipped.
Block Mu022/VCC undriven or does not drive anything - clipped.
Block Mu022/FA00/GND undriven or does not drive anything - clipped.
Block Mu022/FA00/VCC undriven or does not drive anything - clipped.
Block Mu022/FA00/H00/GND undriven or does not drive anything - clipped.
Block Mu022/FA00/H00/VCC undriven or does not drive anything - clipped.
Block Mu022/FA02/GND undriven or does not drive anything - clipped.
Block Mu022/FA02/VCC undriven or does not drive anything - clipped.
Block Mu023/GND undriven or does not drive anything - clipped.
Block Mu023/VCC undriven or does not drive anything - clipped.
Block Mu023/FA00/GND undriven or does not drive anything - clipped.
Block Mu023/FA00/VCC undriven or does not drive anything - clipped.
Block Mu023/FA00/H00/VCC undriven or does not drive anything - clipped.
Block Mu023/FA00/H00/GND undriven or does not drive anything - clipped.
Block Mu023/FA00/H01/VCC undriven or does not drive anything - clipped.
Block Mu023/FA00/H01/GND undriven or does not drive anything - clipped.
Block Mu032/GND undriven or does not drive anything - clipped.
Block Mu032/VCC undriven or does not drive anything - clipped.
Block Mu032/FA01/GND undriven or does not drive anything - clipped.
Block Mu032/FA01/VCC undriven or does not drive anything - clipped.
Block Mu032/FA01/H00/VCC undriven or does not drive anything - clipped.
Block Mu032/FA01/H00/GND undriven or does not drive anything - clipped.
Block Mu032/FA01/H01/VCC undriven or does not drive anything - clipped.
Block Mu032/FA01/H01/GND undriven or does not drive anything - clipped.
Block Mu033/GND undriven or does not drive anything - clipped.
Block Mu033/VCC undriven or does not drive anything - clipped.
Block Mu033/FA01/GND undriven or does not drive anything - clipped.
Block Mu033/FA01/VCC undriven or does not drive anything - clipped.
Block Mu033/FA01/H00/GND undriven or does not drive anything - clipped.
Block Mu033/FA01/H00/VCC undriven or does not drive anything - clipped.
Block Mu033/FA02/GND undriven or does not drive anything - clipped.
Block Mu033/FA02/VCC undriven or does not drive anything - clipped.
Block Mu034/GND undriven or does not drive anything - clipped.
Block Mu034/VCC undriven or does not drive anything - clipped.
Block Mu034/FA00/GND undriven or does not drive anything - clipped.
Block Mu034/FA00/VCC undriven or does not drive anything - clipped.
Block Mu034/FA00/H00/GND undriven or does not drive anything - clipped.
Block Mu034/FA00/H00/VCC undriven or does not drive anything - clipped.
Block Mu034/FA02/GND undriven or does not drive anything - clipped.
Block Mu034/FA02/VCC undriven or does not drive anything - clipped.
Block Mu035/GND undriven or does not drive anything - clipped.
Block Mu035/VCC undriven or does not drive anything - clipped.
Block Mu035/FA00/GND undriven or does not drive anything - clipped.
Block Mu035/FA00/VCC undriven or does not drive anything - clipped.
Block Mu035/FA00/H00/GND undriven or does not drive anything - clipped.
Block Mu035/FA00/H00/VCC undriven or does not drive anything - clipped.
Block Mu035/FA02/GND undriven or does not drive anything - clipped.
Block Mu035/FA02/VCC undriven or does not drive anything - clipped.
Block Mu036/GND undriven or does not drive anything - clipped.
Block Mu036/VCC undriven or does not drive anything - clipped.
Block Mu036/FA00/GND undriven or does not drive anything - clipped.
Block Mu036/FA00/VCC undriven or does not drive anything - clipped.
Block Mu036/FA00/H00/GND undriven or does not drive anything - clipped.
Block Mu036/FA00/H00/VCC undriven or does not drive anything - clipped.

                                    Page 5




Design:  mult8bit00                                    Date:  03/21/19  10:58:11

Removed logic (cont)
--------------------
Block Mu036/FA02/GND undriven or does not drive anything - clipped.
Block Mu036/FA02/VCC undriven or does not drive anything - clipped.
Block Mu037/GND undriven or does not drive anything - clipped.
Block Mu037/VCC undriven or does not drive anything - clipped.
Block Mu037/FA00/GND undriven or does not drive anything - clipped.
Block Mu037/FA00/VCC undriven or does not drive anything - clipped.
Block Mu037/FA00/H00/GND undriven or does not drive anything - clipped.
Block Mu037/FA00/H00/VCC undriven or does not drive anything - clipped.
Block Mu037/FA02/GND undriven or does not drive anything - clipped.
Block Mu037/FA02/VCC undriven or does not drive anything - clipped.
Block Mu038/GND undriven or does not drive anything - clipped.
Block Mu038/VCC undriven or does not drive anything - clipped.
Block Mu038/FA00/GND undriven or does not drive anything - clipped.
Block Mu038/FA00/VCC undriven or does not drive anything - clipped.
Block Mu038/FA00/H00/GND undriven or does not drive anything - clipped.
Block Mu038/FA00/H00/VCC undriven or does not drive anything - clipped.
Block Mu038/FA02/GND undriven or does not drive anything - clipped.
Block Mu038/FA02/VCC undriven or does not drive anything - clipped.
Block Mu039/GND undriven or does not drive anything - clipped.
Block Mu039/VCC undriven or does not drive anything - clipped.
Block Mu039/FA00/GND undriven or does not drive anything - clipped.
Block Mu039/FA00/VCC undriven or does not drive anything - clipped.
Block Mu039/FA00/H00/GND undriven or does not drive anything - clipped.
Block Mu039/FA00/H00/VCC undriven or does not drive anything - clipped.
Block Mu039/FA02/GND undriven or does not drive anything - clipped.
Block Mu039/FA02/VCC undriven or does not drive anything - clipped.
Block Mu048/GND undriven or does not drive anything - clipped.
Block Mu048/VCC undriven or does not drive anything - clipped.
Block Mu048/FA01/GND undriven or does not drive anything - clipped.
Block Mu048/FA01/VCC undriven or does not drive anything - clipped.
Block Mu048/FA01/H00/GND undriven or does not drive anything - clipped.
Block Mu048/FA01/H00/VCC undriven or does not drive anything - clipped.
Block Mu048/FA01/H01/GND undriven or does not drive anything - clipped.
Block Mu048/FA01/H01/VCC undriven or does not drive anything - clipped.
Block Mu049/GND undriven or does not drive anything - clipped.
Block Mu049/VCC undriven or does not drive anything - clipped.
Block Mu049/FA00/GND undriven or does not drive anything - clipped.
Block Mu049/FA00/VCC undriven or does not drive anything - clipped.
Block Mu049/FA00/H00/GND undriven or does not drive anything - clipped.
Block Mu049/FA00/H00/VCC undriven or does not drive anything - clipped.
Block Mu049/FA02/GND undriven or does not drive anything - clipped.
Block Mu049/FA02/VCC undriven or does not drive anything - clipped.
Block Mu050/GND undriven or does not drive anything - clipped.
Block Mu050/VCC undriven or does not drive anything - clipped.
Block Mu050/FA00/GND undriven or does not drive anything - clipped.
Block Mu050/FA00/VCC undriven or does not drive anything - clipped.
Block Mu050/FA00/H00/GND undriven or does not drive anything - clipped.
Block Mu050/FA00/H00/VCC undriven or does not drive anything - clipped.
Block Mu050/FA02/GND undriven or does not drive anything - clipped.
Block Mu050/FA02/VCC undriven or does not drive anything - clipped.
Block Mu051/GND undriven or does not drive anything - clipped.
Block Mu051/VCC undriven or does not drive anything - clipped.
Block Mu051/FA00/GND undriven or does not drive anything - clipped.
Block Mu051/FA00/VCC undriven or does not drive anything - clipped.
Block Mu051/FA00/H00/GND undriven or does not drive anything - clipped.
Block Mu051/FA00/H00/VCC undriven or does not drive anything - clipped.

                                    Page 6




Design:  mult8bit00                                    Date:  03/21/19  10:58:11

Removed logic (cont)
--------------------
Block Mu051/FA02/GND undriven or does not drive anything - clipped.
Block Mu051/FA02/VCC undriven or does not drive anything - clipped.
Block Mu052/GND undriven or does not drive anything - clipped.
Block Mu052/VCC undriven or does not drive anything - clipped.
Block Mu052/FA00/GND undriven or does not drive anything - clipped.
Block Mu052/FA00/VCC undriven or does not drive anything - clipped.
Block Mu052/FA00/H00/GND undriven or does not drive anything - clipped.
Block Mu052/FA00/H00/VCC undriven or does not drive anything - clipped.
Block Mu052/FA02/GND undriven or does not drive anything - clipped.
Block Mu052/FA02/VCC undriven or does not drive anything - clipped.
Block Mu053/GND undriven or does not drive anything - clipped.
Block Mu053/VCC undriven or does not drive anything - clipped.
Block Mu053/FA00/GND undriven or does not drive anything - clipped.
Block Mu053/FA00/VCC undriven or does not drive anything - clipped.
Block Mu053/FA00/H00/GND undriven or does not drive anything - clipped.
Block Mu053/FA00/H00/VCC undriven or does not drive anything - clipped.
Block Mu053/FA02/GND undriven or does not drive anything - clipped.
Block Mu053/FA02/VCC undriven or does not drive anything - clipped.
Block Mu054/GND undriven or does not drive anything - clipped.
Block Mu054/VCC undriven or does not drive anything - clipped.
Block Mu054/FA00/GND undriven or does not drive anything - clipped.
Block Mu054/FA00/VCC undriven or does not drive anything - clipped.
Block Mu054/FA00/H00/GND undriven or does not drive anything - clipped.
Block Mu054/FA00/H00/VCC undriven or does not drive anything - clipped.
Block Mu054/FA02/GND undriven or does not drive anything - clipped.
Block Mu054/FA02/VCC undriven or does not drive anything - clipped.
Block Mu055/GND undriven or does not drive anything - clipped.
Block Mu055/VCC undriven or does not drive anything - clipped.
Block Mu055/FA00/GND undriven or does not drive anything - clipped.
Block Mu055/FA00/VCC undriven or does not drive anything - clipped.
Block Mu055/FA00/H00/GND undriven or does not drive anything - clipped.
Block Mu055/FA00/H00/VCC undriven or does not drive anything - clipped.
Block Mu055/FA02/GND undriven or does not drive anything - clipped.
Block Mu055/FA02/VCC undriven or does not drive anything - clipped.
Block Mu064/GND undriven or does not drive anything - clipped.
Block Mu064/VCC undriven or does not drive anything - clipped.
Block Mu064/FA01/GND undriven or does not drive anything - clipped.
Block Mu064/FA01/VCC undriven or does not drive anything - clipped.
Block Mu064/FA01/H00/VCC undriven or does not drive anything - clipped.
Block Mu064/FA01/H00/GND undriven or does not drive anything - clipped.
Block Mu064/FA01/H01/VCC undriven or does not drive anything - clipped.
Block Mu064/FA01/H01/GND undriven or does not drive anything - clipped.
Block Mu065/GND undriven or does not drive anything - clipped.
Block Mu065/VCC undriven or does not drive anything - clipped.
Block Mu065/FA01/GND undriven or does not drive anything - clipped.
Block Mu065/FA01/VCC undriven or does not drive anything - clipped.
Block Mu065/FA01/H00/VCC undriven or does not drive anything - clipped.
Block Mu065/FA01/H00/GND undriven or does not drive anything - clipped.
Block Mu065/FA02/GND undriven or does not drive anything - clipped.
Block Mu065/FA02/VCC undriven or does not drive anything - clipped.
Block Mu066/GND undriven or does not drive anything - clipped.
Block Mu066/VCC undriven or does not drive anything - clipped.
Block Mu066/FA00/GND undriven or does not drive anything - clipped.
Block Mu066/FA00/VCC undriven or does not drive anything - clipped.
Block Mu066/FA00/H00/GND undriven or does not drive anything - clipped.
Block Mu066/FA00/H00/VCC undriven or does not drive anything - clipped.

                                    Page 7




Design:  mult8bit00                                    Date:  03/21/19  10:58:11

Removed logic (cont)
--------------------
Block Mu066/FA02/GND undriven or does not drive anything - clipped.
Block Mu066/FA02/VCC undriven or does not drive anything - clipped.
Block Mu067/GND undriven or does not drive anything - clipped.
Block Mu067/VCC undriven or does not drive anything - clipped.
Block Mu067/FA00/GND undriven or does not drive anything - clipped.
Block Mu067/FA00/VCC undriven or does not drive anything - clipped.
Block Mu067/FA00/H00/GND undriven or does not drive anything - clipped.
Block Mu067/FA00/H00/VCC undriven or does not drive anything - clipped.
Block Mu067/FA02/GND undriven or does not drive anything - clipped.
Block Mu067/FA02/VCC undriven or does not drive anything - clipped.
Block Mu068/GND undriven or does not drive anything - clipped.
Block Mu068/VCC undriven or does not drive anything - clipped.
Block Mu068/FA00/GND undriven or does not drive anything - clipped.
Block Mu068/FA00/VCC undriven or does not drive anything - clipped.
Block Mu068/FA00/H00/GND undriven or does not drive anything - clipped.
Block Mu068/FA00/H00/VCC undriven or does not drive anything - clipped.
Block Mu068/FA02/GND undriven or does not drive anything - clipped.
Block Mu068/FA02/VCC undriven or does not drive anything - clipped.
Block Mu069/GND undriven or does not drive anything - clipped.
Block Mu069/VCC undriven or does not drive anything - clipped.
Block Mu069/FA00/GND undriven or does not drive anything - clipped.
Block Mu069/FA00/VCC undriven or does not drive anything - clipped.
Block Mu069/FA00/H00/GND undriven or does not drive anything - clipped.
Block Mu069/FA00/H00/VCC undriven or does not drive anything - clipped.
Block Mu069/FA02/GND undriven or does not drive anything - clipped.
Block Mu069/FA02/VCC undriven or does not drive anything - clipped.
Block Mu070/GND undriven or does not drive anything - clipped.
Block Mu070/VCC undriven or does not drive anything - clipped.
Block Mu070/FA00/GND undriven or does not drive anything - clipped.
Block Mu070/FA00/VCC undriven or does not drive anything - clipped.
Block Mu070/FA00/H00/GND undriven or does not drive anything - clipped.
Block Mu070/FA00/H00/VCC undriven or does not drive anything - clipped.
Block Mu070/FA02/GND undriven or does not drive anything - clipped.
Block Mu070/FA02/VCC undriven or does not drive anything - clipped.
Block Mu071/GND undriven or does not drive anything - clipped.
Block Mu071/VCC undriven or does not drive anything - clipped.
Block Mu071/FA00/GND undriven or does not drive anything - clipped.
Block Mu071/FA00/VCC undriven or does not drive anything - clipped.
Block Mu071/FA00/H00/GND undriven or does not drive anything - clipped.
Block Mu071/FA00/H00/VCC undriven or does not drive anything - clipped.
Block Mu071/FA02/GND undriven or does not drive anything - clipped.
Block Mu071/FA02/VCC undriven or does not drive anything - clipped.
Block Mu080/GND undriven or does not drive anything - clipped.
Block Mu080/VCC undriven or does not drive anything - clipped.
Block Mu080/FA01/GND undriven or does not drive anything - clipped.
Block Mu080/FA01/VCC undriven or does not drive anything - clipped.
Block Mu080/FA01/H00/GND undriven or does not drive anything - clipped.
Block Mu080/FA01/H00/VCC undriven or does not drive anything - clipped.
Block Mu080/FA01/H01/GND undriven or does not drive anything - clipped.
Block Mu080/FA01/H01/VCC undriven or does not drive anything - clipped.
Block Mu081/GND undriven or does not drive anything - clipped.
Block Mu081/VCC undriven or does not drive anything - clipped.
Block Mu081/FA00/GND undriven or does not drive anything - clipped.
Block Mu081/FA00/VCC undriven or does not drive anything - clipped.
Block Mu081/FA00/H00/GND undriven or does not drive anything - clipped.
Block Mu081/FA00/H00/VCC undriven or does not drive anything - clipped.

                                    Page 8




Design:  mult8bit00                                    Date:  03/21/19  10:58:11

Removed logic (cont)
--------------------
Block Mu081/FA02/GND undriven or does not drive anything - clipped.
Block Mu081/FA02/VCC undriven or does not drive anything - clipped.
Block Mu082/GND undriven or does not drive anything - clipped.
Block Mu082/VCC undriven or does not drive anything - clipped.
Block Mu082/FA00/GND undriven or does not drive anything - clipped.
Block Mu082/FA00/VCC undriven or does not drive anything - clipped.
Block Mu082/FA00/H00/GND undriven or does not drive anything - clipped.
Block Mu082/FA00/H00/VCC undriven or does not drive anything - clipped.
Block Mu082/FA02/GND undriven or does not drive anything - clipped.
Block Mu082/FA02/VCC undriven or does not drive anything - clipped.
Block Mu083/GND undriven or does not drive anything - clipped.
Block Mu083/VCC undriven or does not drive anything - clipped.
Block Mu083/FA00/GND undriven or does not drive anything - clipped.
Block Mu083/FA00/VCC undriven or does not drive anything - clipped.
Block Mu083/FA00/H00/GND undriven or does not drive anything - clipped.
Block Mu083/FA00/H00/VCC undriven or does not drive anything - clipped.
Block Mu083/FA02/GND undriven or does not drive anything - clipped.
Block Mu083/FA02/VCC undriven or does not drive anything - clipped.
Block Mu084/GND undriven or does not drive anything - clipped.
Block Mu084/VCC undriven or does not drive anything - clipped.
Block Mu084/FA00/GND undriven or does not drive anything - clipped.
Block Mu084/FA00/VCC undriven or does not drive anything - clipped.
Block Mu084/FA00/H00/GND undriven or does not drive anything - clipped.
Block Mu084/FA00/H00/VCC undriven or does not drive anything - clipped.
Block Mu084/FA02/GND undriven or does not drive anything - clipped.
Block Mu084/FA02/VCC undriven or does not drive anything - clipped.
Block Mu085/GND undriven or does not drive anything - clipped.
Block Mu085/VCC undriven or does not drive anything - clipped.
Block Mu085/FA01/GND undriven or does not drive anything - clipped.
Block Mu085/FA01/VCC undriven or does not drive anything - clipped.
Block Mu085/FA01/H00/VCC undriven or does not drive anything - clipped.
Block Mu085/FA01/H00/GND undriven or does not drive anything - clipped.
Block Mu085/FA02/GND undriven or does not drive anything - clipped.
Block Mu085/FA02/VCC undriven or does not drive anything - clipped.
Block Mu086/GND undriven or does not drive anything - clipped.
Block Mu086/VCC undriven or does not drive anything - clipped.
Block Mu086/FA01/GND undriven or does not drive anything - clipped.
Block Mu086/FA01/VCC undriven or does not drive anything - clipped.
Block Mu086/FA01/H00/VCC undriven or does not drive anything - clipped.
Block Mu086/FA01/H00/GND undriven or does not drive anything - clipped.
Block Mu086/FA02/GND undriven or does not drive anything - clipped.
Block Mu086/FA02/VCC undriven or does not drive anything - clipped.
Block Mu087/GND undriven or does not drive anything - clipped.
Block Mu087/VCC undriven or does not drive anything - clipped.
Block Mu087/FA00/GND undriven or does not drive anything - clipped.
Block Mu087/FA00/VCC undriven or does not drive anything - clipped.
Block Mu087/FA00/H00/GND undriven or does not drive anything - clipped.
Block Mu087/FA00/H00/VCC undriven or does not drive anything - clipped.
Block Mu087/FA02/GND undriven or does not drive anything - clipped.
Block Mu087/FA02/VCC undriven or does not drive anything - clipped.
Block Mu092/VCC undriven or does not drive anything - clipped.
Block Mu092/GND undriven or does not drive anything - clipped.
Block Mu093/VCC undriven or does not drive anything - clipped.
Block Mu093/GND undriven or does not drive anything - clipped.
Block Mu096/GND undriven or does not drive anything - clipped.
Block Mu096/VCC undriven or does not drive anything - clipped.

                                    Page 9




Design:  mult8bit00                                    Date:  03/21/19  10:58:11

Removed logic (cont)
--------------------
Block Mu096/FA01/GND undriven or does not drive anything - clipped.
Block Mu096/FA01/VCC undriven or does not drive anything - clipped.
Block Mu096/FA01/H00/VCC undriven or does not drive anything - clipped.
Block Mu096/FA01/H00/GND undriven or does not drive anything - clipped.
Block Mu096/FA01/H01/VCC undriven or does not drive anything - clipped.
Block Mu096/FA01/H01/GND undriven or does not drive anything - clipped.
Block Mu097/GND undriven or does not drive anything - clipped.
Block Mu097/VCC undriven or does not drive anything - clipped.
Block Mu097/FA01/GND undriven or does not drive anything - clipped.
Block Mu097/FA01/VCC undriven or does not drive anything - clipped.
Block Mu097/FA01/H00/VCC undriven or does not drive anything - clipped.
Block Mu097/FA01/H00/GND undriven or does not drive anything - clipped.
Block Mu097/FA02/GND undriven or does not drive anything - clipped.
Block Mu097/FA02/VCC undriven or does not drive anything - clipped.
Block Mu098/GND undriven or does not drive anything - clipped.
Block Mu098/VCC undriven or does not drive anything - clipped.
Block Mu098/FA01/GND undriven or does not drive anything - clipped.
Block Mu098/FA01/VCC undriven or does not drive anything - clipped.
Block Mu098/FA01/H00/VCC undriven or does not drive anything - clipped.
Block Mu098/FA01/H00/GND undriven or does not drive anything - clipped.
Block Mu098/FA02/GND undriven or does not drive anything - clipped.
Block Mu098/FA02/VCC undriven or does not drive anything - clipped.
Block Mu099/GND undriven or does not drive anything - clipped.
Block Mu099/VCC undriven or does not drive anything - clipped.
Block Mu099/FA00/GND undriven or does not drive anything - clipped.
Block Mu099/FA00/VCC undriven or does not drive anything - clipped.
Block Mu099/FA00/H00/GND undriven or does not drive anything - clipped.
Block Mu099/FA00/H00/VCC undriven or does not drive anything - clipped.
Block Mu099/FA02/GND undriven or does not drive anything - clipped.
Block Mu099/FA02/VCC undriven or does not drive anything - clipped.
Block Mu100/GND undriven or does not drive anything - clipped.
Block Mu100/VCC undriven or does not drive anything - clipped.
Block Mu100/FA00/GND undriven or does not drive anything - clipped.
Block Mu100/FA00/VCC undriven or does not drive anything - clipped.
Block Mu100/FA00/H00/GND undriven or does not drive anything - clipped.
Block Mu100/FA00/H00/VCC undriven or does not drive anything - clipped.
Block Mu100/FA02/GND undriven or does not drive anything - clipped.
Block Mu100/FA02/VCC undriven or does not drive anything - clipped.
Block Mu101/GND undriven or does not drive anything - clipped.
Block Mu101/VCC undriven or does not drive anything - clipped.
Block Mu101/FA01/GND undriven or does not drive anything - clipped.
Block Mu101/FA01/VCC undriven or does not drive anything - clipped.
Block Mu101/FA01/H00/GND undriven or does not drive anything - clipped.
Block Mu101/FA01/H00/VCC undriven or does not drive anything - clipped.
Block Mu101/FA02/GND undriven or does not drive anything - clipped.
Block Mu101/FA02/VCC undriven or does not drive anything - clipped.
Block Mu102/GND undriven or does not drive anything - clipped.
Block Mu102/VCC undriven or does not drive anything - clipped.
Block Mu102/FA00/GND undriven or does not drive anything - clipped.
Block Mu102/FA00/VCC undriven or does not drive anything - clipped.
Block Mu102/FA00/H00/GND undriven or does not drive anything - clipped.
Block Mu102/FA00/H00/VCC undriven or does not drive anything - clipped.
Block Mu102/FA02/GND undriven or does not drive anything - clipped.
Block Mu102/FA02/VCC undriven or does not drive anything - clipped.
Block Mu103/GND undriven or does not drive anything - clipped.
Block Mu103/VCC undriven or does not drive anything - clipped.

                                   Page 10




Design:  mult8bit00                                    Date:  03/21/19  10:58:11

Removed logic (cont)
--------------------
Block Mu103/FA01/GND undriven or does not drive anything - clipped.
Block Mu103/FA01/VCC undriven or does not drive anything - clipped.
Block Mu103/FA01/H00/VCC undriven or does not drive anything - clipped.
Block Mu103/FA01/H00/GND undriven or does not drive anything - clipped.
Block Mu103/FA02/GND undriven or does not drive anything - clipped.
Block Mu103/FA02/VCC undriven or does not drive anything - clipped.
Block Mu105/VCC undriven or does not drive anything - clipped.
Block Mu105/GND undriven or does not drive anything - clipped.
Block Mu108/VCC undriven or does not drive anything - clipped.
Block Mu108/GND undriven or does not drive anything - clipped.
Block Mu112/GND undriven or does not drive anything - clipped.
Block Mu112/VCC undriven or does not drive anything - clipped.
Block Mu112/FA01/GND undriven or does not drive anything - clipped.
Block Mu112/FA01/VCC undriven or does not drive anything - clipped.
Block Mu112/FA01/H00/GND undriven or does not drive anything - clipped.
Block Mu112/FA01/H00/VCC undriven or does not drive anything - clipped.
Block Mu112/FA01/H01/GND undriven or does not drive anything - clipped.
Block Mu112/FA01/H01/VCC undriven or does not drive anything - clipped.
Block Mu113/GND undriven or does not drive anything - clipped.
Block Mu113/VCC undriven or does not drive anything - clipped.
Block Mu113/FA00/GND undriven or does not drive anything - clipped.
Block Mu113/FA00/VCC undriven or does not drive anything - clipped.
Block Mu113/FA00/H00/GND undriven or does not drive anything - clipped.
Block Mu113/FA00/H00/VCC undriven or does not drive anything - clipped.
Block Mu113/FA02/GND undriven or does not drive anything - clipped.
Block Mu113/FA02/VCC undriven or does not drive anything - clipped.
Block Mu114/GND undriven or does not drive anything - clipped.
Block Mu114/VCC undriven or does not drive anything - clipped.
Block Mu114/FA00/GND undriven or does not drive anything - clipped.
Block Mu114/FA00/VCC undriven or does not drive anything - clipped.
Block Mu114/FA00/H00/GND undriven or does not drive anything - clipped.
Block Mu114/FA00/H00/VCC undriven or does not drive anything - clipped.
Block Mu114/FA02/GND undriven or does not drive anything - clipped.
Block Mu114/FA02/VCC undriven or does not drive anything - clipped.
Block Mu115/GND undriven or does not drive anything - clipped.
Block Mu115/VCC undriven or does not drive anything - clipped.
Block Mu115/FA00/GND undriven or does not drive anything - clipped.
Block Mu115/FA00/VCC undriven or does not drive anything - clipped.
Block Mu115/FA00/H00/GND undriven or does not drive anything - clipped.
Block Mu115/FA00/H00/VCC undriven or does not drive anything - clipped.
Block Mu115/FA02/GND undriven or does not drive anything - clipped.
Block Mu115/FA02/VCC undriven or does not drive anything - clipped.
Block Mu116/GND undriven or does not drive anything - clipped.
Block Mu116/VCC undriven or does not drive anything - clipped.
Block Mu116/FA00/GND undriven or does not drive anything - clipped.
Block Mu116/FA00/VCC undriven or does not drive anything - clipped.
Block Mu116/FA00/H00/GND undriven or does not drive anything - clipped.
Block Mu116/FA00/H00/VCC undriven or does not drive anything - clipped.
Block Mu116/FA02/GND undriven or does not drive anything - clipped.
Block Mu116/FA02/VCC undriven or does not drive anything - clipped.
Block Mu117/GND undriven or does not drive anything - clipped.
Block Mu117/VCC undriven or does not drive anything - clipped.
Block Mu117/FA00/GND undriven or does not drive anything - clipped.
Block Mu117/FA00/VCC undriven or does not drive anything - clipped.
Block Mu117/FA00/H00/GND undriven or does not drive anything - clipped.
Block Mu117/FA00/H00/VCC undriven or does not drive anything - clipped.

                                   Page 11




Design:  mult8bit00                                    Date:  03/21/19  10:58:11

Removed logic (cont)
--------------------
Block Mu117/FA02/GND undriven or does not drive anything - clipped.
Block Mu117/FA02/VCC undriven or does not drive anything - clipped.
Block Mu118/GND undriven or does not drive anything - clipped.
Block Mu118/VCC undriven or does not drive anything - clipped.
Block Mu118/FA00/GND undriven or does not drive anything - clipped.
Block Mu118/FA00/VCC undriven or does not drive anything - clipped.
Block Mu118/FA00/H00/VCC undriven or does not drive anything - clipped.
Block Mu118/FA00/H00/GND undriven or does not drive anything - clipped.
Block Mu118/FA02/GND undriven or does not drive anything - clipped.
Block Mu118/FA02/VCC undriven or does not drive anything - clipped.
Block Mu119/GND undriven or does not drive anything - clipped.
Block Mu119/VCC undriven or does not drive anything - clipped.
Block Mu119/FA00/GND undriven or does not drive anything - clipped.
Block Mu119/FA00/VCC undriven or does not drive anything - clipped.
Block Mu119/FA00/H00/GND undriven or does not drive anything - clipped.
Block Mu119/FA00/H00/VCC undriven or does not drive anything - clipped.
Block Mu119/FA02/GND undriven or does not drive anything - clipped.
Block Mu119/FA02/VCC undriven or does not drive anything - clipped.
Signal VCC undriven or does not drive anything - clipped.

Memory Usage
------------


     

Run Time and Memory Usage
-------------------------

   Total CPU Time: 0 secs  
   Total REAL Time: 3 secs  
   Peak Memory Usage: 36 MB
        
























                                   Page 12


Copyright (c) 1991-1994 by NeoCAD Inc. All rights reserved.
     Copyright (c) 1995 AT&T Corp.   All rights reserved.
     Copyright (c) 1995-2001 Lucent Technologies Inc.  All rights reserved.
     Copyright (c) 2001 Agere Systems   All rights reserved.
     Copyright (c) 2002-2017 Lattice Semiconductor Corporation,  All rights
     reserved.
