Running in Lattice mode

Starting:    C:\lscc\diamond\3.10_x64\synpbase\bin64\mbin\synbatch.exe
Install:     C:\lscc\diamond\3.10_x64\synpbase
Hostname:    LAPTOP-VIKJBT0U
Date:        Thu Mar 21 10:57:33 2019
Version:     M-2017.03L-SP1-1

Arguments:   -product synplify_pro -batch mult8bit00_mult8bit0_synplify.tcl
ProductType: synplify_pro




log file: "C:\Users\Mario\Desktop\Semestre 9\Arquitectura de Computadoras\Practicas\mult8bit\mult8bit0\mult8bit00_mult8bit0.srr"
Running: hdl_info_gen in foreground

Generating HDL info...

hdl_info_gen completed
# Thu Mar 21 10:57:38 2019

Return Code: 0
Run Time:00h:00m:04s
log file: "C:\Users\Mario\Desktop\Semestre 9\Arquitectura de Computadoras\Practicas\mult8bit\mult8bit0\mult8bit00_mult8bit0.srr"
Running: mult8bit0 in foreground

Running proj_1|mult8bit0

Running: compile (Compile) on proj_1|mult8bit0
# Thu Mar 21 10:57:38 2019

Running: compile_flow (Compile Process) on proj_1|mult8bit0
# Thu Mar 21 10:57:38 2019

Running: compiler (Compile Input) on proj_1|mult8bit0
# Thu Mar 21 10:57:38 2019
Copied C:\Users\Mario\Desktop\Semestre 9\Arquitectura de Computadoras\Practicas\mult8bit\mult8bit0\synwork\mult8bit00_mult8bit0_comp.srs to C:\Users\Mario\Desktop\Semestre 9\Arquitectura de Computadoras\Practicas\mult8bit\mult8bit0\mult8bit00_mult8bit0.srs

compiler completed
# Thu Mar 21 10:57:43 2019

Return Code: 0
Run Time:00h:00m:05s

Running: multi_srs_gen (Multi-srs Generator) on proj_1|mult8bit0
# Thu Mar 21 10:57:44 2019

multi_srs_gen completed
# Thu Mar 21 10:57:44 2019

Return Code: 0
Run Time:00h:00m:00s
Copied C:\Users\Mario\Desktop\Semestre 9\Arquitectura de Computadoras\Practicas\mult8bit\mult8bit0\synwork\mult8bit00_mult8bit0_mult.srs to C:\Users\Mario\Desktop\Semestre 9\Arquitectura de Computadoras\Practicas\mult8bit\mult8bit0\mult8bit00_mult8bit0.srs
Copied C:\Users\Mario\Desktop\Semestre 9\Arquitectura de Computadoras\Practicas\mult8bit\mult8bit0\mult8bit00_mult8bit0.srr to C:\Users\Mario\Desktop\Semestre 9\Arquitectura de Computadoras\Practicas\mult8bit\mult8bit0\mult8bit00_mult8bit0.srf
Complete: Compile Process on proj_1|mult8bit0

Running: premap (Pre-mapping) on proj_1|mult8bit0
# Thu Mar 21 10:57:44 2019

premap completed
# Thu Mar 21 10:57:50 2019

Return Code: 0
Run Time:00h:00m:06s
Complete: Compile on proj_1|mult8bit0

Running: map (Map) on proj_1|mult8bit0
# Thu Mar 21 10:57:50 2019
License granted for 4 parallel jobs

Running: fpga_mapper (Map & Optimize) on proj_1|mult8bit0
# Thu Mar 21 10:57:50 2019
Copied C:\Users\Mario\Desktop\Semestre 9\Arquitectura de Computadoras\Practicas\mult8bit\mult8bit0\synwork\mult8bit00_mult8bit0_m.srm to C:\Users\Mario\Desktop\Semestre 9\Arquitectura de Computadoras\Practicas\mult8bit\mult8bit0\mult8bit00_mult8bit0.srm

fpga_mapper completed
# Thu Mar 21 10:58:03 2019

Return Code: 0
Run Time:00h:00m:13s
Complete: Map on proj_1|mult8bit0
Copied C:\Users\Mario\Desktop\Semestre 9\Arquitectura de Computadoras\Practicas\mult8bit\mult8bit0\mult8bit00_mult8bit0.srr to C:\Users\Mario\Desktop\Semestre 9\Arquitectura de Computadoras\Practicas\mult8bit\mult8bit0\mult8bit00_mult8bit0.srf
Complete: Logic Synthesis on proj_1|mult8bit0
TCL script complete: "mult8bit00_mult8bit0_synplify.tcl"
exit status=0
exit status=0
Save changes for project:
C:\Users\Mario\Desktop\Semestre 9\Arquitectura de Computadoras\Practicas\mult8bit\mult8bit0\proj_1.prj
batch mode default:no
