Running in Lattice mode

Starting:    C:\lscc\diamond\3.10_x64\synpbase\bin64\mbin\synbatch.exe
Install:     C:\lscc\diamond\3.10_x64\synpbase
Hostname:    LAPTOP-VIKJBT0U
Date:        Thu Aug 22 11:14:12 2019
Version:     M-2017.03L-SP1-1

Arguments:   -product synplify_pro -batch adder4bit00_adder4bit0_synplify.tcl
ProductType: synplify_pro




Copied C:\Users\Mario\Desktop\Semestre 10\Arquitectura de Computadoras\Practicas\PrimerParcial\Practica7\adder4bit00\adder4bit0\adder4bit00_adder4bit0.srr to C:\Users\Mario\Desktop\Semestre 10\Arquitectura de Computadoras\Practicas\PrimerParcial\Practica7\adder4bit00\adder4bit0\backup\adder4bit00_adder4bit0.srr
log file: "C:\Users\Mario\Desktop\Semestre 10\Arquitectura de Computadoras\Practicas\PrimerParcial\Practica7\adder4bit00\adder4bit0\adder4bit00_adder4bit0.srr"
Running: hdl_info_gen in foreground

Generating HDL info...

hdl_info_gen completed
# Thu Aug 22 11:14:13 2019

Return Code: 0
Run Time:00h:00m:01s
Copied C:\Users\Mario\Desktop\Semestre 10\Arquitectura de Computadoras\Practicas\PrimerParcial\Practica7\adder4bit00\adder4bit0\adder4bit00_adder4bit0.srr to C:\Users\Mario\Desktop\Semestre 10\Arquitectura de Computadoras\Practicas\PrimerParcial\Practica7\adder4bit00\adder4bit0\adder4bit00_adder4bit0.srf
log file: "C:\Users\Mario\Desktop\Semestre 10\Arquitectura de Computadoras\Practicas\PrimerParcial\Practica7\adder4bit00\adder4bit0\adder4bit00_adder4bit0.srr"
Running: adder4bit0 in foreground

Running proj_1|adder4bit0

Running: compile (Compile) on proj_1|adder4bit0
# Thu Aug 22 11:14:13 2019

Running: compile_flow (Compile Process) on proj_1|adder4bit0
# Thu Aug 22 11:14:13 2019

Running: compiler (Compile Input) on proj_1|adder4bit0
# Thu Aug 22 11:14:13 2019
Copied C:\Users\Mario\Desktop\Semestre 10\Arquitectura de Computadoras\Practicas\PrimerParcial\Practica7\adder4bit00\adder4bit0\synwork\adder4bit00_adder4bit0_comp.srs to C:\Users\Mario\Desktop\Semestre 10\Arquitectura de Computadoras\Practicas\PrimerParcial\Practica7\adder4bit00\adder4bit0\adder4bit00_adder4bit0.srs

compiler completed
# Thu Aug 22 11:14:16 2019

Return Code: 0
Run Time:00h:00m:03s

Running: multi_srs_gen (Multi-srs Generator) on proj_1|adder4bit0
# Thu Aug 22 11:14:16 2019

multi_srs_gen completed
# Thu Aug 22 11:14:17 2019

Return Code: 0
Run Time:00h:00m:01s
Copied C:\Users\Mario\Desktop\Semestre 10\Arquitectura de Computadoras\Practicas\PrimerParcial\Practica7\adder4bit00\adder4bit0\synwork\adder4bit00_adder4bit0_mult.srs to C:\Users\Mario\Desktop\Semestre 10\Arquitectura de Computadoras\Practicas\PrimerParcial\Practica7\adder4bit00\adder4bit0\adder4bit00_adder4bit0.srs
Copied C:\Users\Mario\Desktop\Semestre 10\Arquitectura de Computadoras\Practicas\PrimerParcial\Practica7\adder4bit00\adder4bit0\adder4bit00_adder4bit0.srr to C:\Users\Mario\Desktop\Semestre 10\Arquitectura de Computadoras\Practicas\PrimerParcial\Practica7\adder4bit00\adder4bit0\adder4bit00_adder4bit0.srf
Complete: Compile Process on proj_1|adder4bit0

Running: premap (Pre-mapping) on proj_1|adder4bit0
# Thu Aug 22 11:14:17 2019

premap completed
# Thu Aug 22 11:14:19 2019

Return Code: 0
Run Time:00h:00m:02s
Complete: Compile on proj_1|adder4bit0

Running: map (Map) on proj_1|adder4bit0
# Thu Aug 22 11:14:19 2019
License granted for 4 parallel jobs

Running: fpga_mapper (Map & Optimize) on proj_1|adder4bit0
# Thu Aug 22 11:14:19 2019
Copied C:\Users\Mario\Desktop\Semestre 10\Arquitectura de Computadoras\Practicas\PrimerParcial\Practica7\adder4bit00\adder4bit0\synwork\adder4bit00_adder4bit0_m.srm to C:\Users\Mario\Desktop\Semestre 10\Arquitectura de Computadoras\Practicas\PrimerParcial\Practica7\adder4bit00\adder4bit0\adder4bit00_adder4bit0.srm

fpga_mapper completed
# Thu Aug 22 11:14:23 2019

Return Code: 0
Run Time:00h:00m:04s
Complete: Map on proj_1|adder4bit0
Copied C:\Users\Mario\Desktop\Semestre 10\Arquitectura de Computadoras\Practicas\PrimerParcial\Practica7\adder4bit00\adder4bit0\adder4bit00_adder4bit0.srr to C:\Users\Mario\Desktop\Semestre 10\Arquitectura de Computadoras\Practicas\PrimerParcial\Practica7\adder4bit00\adder4bit0\adder4bit00_adder4bit0.srf
Complete: Logic Synthesis on proj_1|adder4bit0
TCL script complete: "adder4bit00_adder4bit0_synplify.tcl"
exit status=0
exit status=0
Save changes for project:
C:\Users\Mario\Desktop\Semestre 10\Arquitectura de Computadoras\Practicas\PrimerParcial\Practica7\adder4bit00\adder4bit0\proj_1.prj
batch mode default:no
