Running in Lattice mode

Starting:    C:\lscc\diamond\3.10_x64\synpbase\bin64\mbin\synbatch.exe
Install:     C:\lscc\diamond\3.10_x64\synpbase
Hostname:    LAPTOP-VIKJBT0U
Date:        Tue Mar 19 08:46:51 2019
Version:     M-2017.03L-SP1-1

Arguments:   -product synplify_pro -batch adder8bit00_adder8bit0_synplify.tcl
ProductType: synplify_pro




log file: "C:\Users\Mario\Desktop\Semestre 9\Arquitectura de Computadoras\Practicas\SumadorRestador8\adder8bit0\adder8bit00_adder8bit0.srr"
Running: hdl_info_gen in foreground

Generating HDL info...

hdl_info_gen completed
# Tue Mar 19 08:46:55 2019

Return Code: 0
Run Time:00h:00m:02s
log file: "C:\Users\Mario\Desktop\Semestre 9\Arquitectura de Computadoras\Practicas\SumadorRestador8\adder8bit0\adder8bit00_adder8bit0.srr"
Running: adder8bit0 in foreground

Running proj_1|adder8bit0

Running: compile (Compile) on proj_1|adder8bit0
# Tue Mar 19 08:46:55 2019

Running: compile_flow (Compile Process) on proj_1|adder8bit0
# Tue Mar 19 08:46:55 2019

Running: compiler (Compile Input) on proj_1|adder8bit0
# Tue Mar 19 08:46:55 2019
Copied C:\Users\Mario\Desktop\Semestre 9\Arquitectura de Computadoras\Practicas\SumadorRestador8\adder8bit0\synwork\adder8bit00_adder8bit0_comp.srs to C:\Users\Mario\Desktop\Semestre 9\Arquitectura de Computadoras\Practicas\SumadorRestador8\adder8bit0\adder8bit00_adder8bit0.srs

compiler completed
# Tue Mar 19 08:47:00 2019

Return Code: 0
Run Time:00h:00m:05s

Running: multi_srs_gen (Multi-srs Generator) on proj_1|adder8bit0
# Tue Mar 19 08:47:00 2019

multi_srs_gen completed
# Tue Mar 19 08:47:01 2019

Return Code: 0
Run Time:00h:00m:01s
Copied C:\Users\Mario\Desktop\Semestre 9\Arquitectura de Computadoras\Practicas\SumadorRestador8\adder8bit0\synwork\adder8bit00_adder8bit0_mult.srs to C:\Users\Mario\Desktop\Semestre 9\Arquitectura de Computadoras\Practicas\SumadorRestador8\adder8bit0\adder8bit00_adder8bit0.srs
Copied C:\Users\Mario\Desktop\Semestre 9\Arquitectura de Computadoras\Practicas\SumadorRestador8\adder8bit0\adder8bit00_adder8bit0.srr to C:\Users\Mario\Desktop\Semestre 9\Arquitectura de Computadoras\Practicas\SumadorRestador8\adder8bit0\adder8bit00_adder8bit0.srf
Complete: Compile Process on proj_1|adder8bit0

Running: premap (Pre-mapping) on proj_1|adder8bit0
# Tue Mar 19 08:47:01 2019

premap completed
# Tue Mar 19 08:47:06 2019

Return Code: 0
Run Time:00h:00m:05s
Complete: Compile on proj_1|adder8bit0

Running: map (Map) on proj_1|adder8bit0
# Tue Mar 19 08:47:06 2019
License granted for 4 parallel jobs

Running: fpga_mapper (Map & Optimize) on proj_1|adder8bit0
# Tue Mar 19 08:47:06 2019
Copied C:\Users\Mario\Desktop\Semestre 9\Arquitectura de Computadoras\Practicas\SumadorRestador8\adder8bit0\synwork\adder8bit00_adder8bit0_m.srm to C:\Users\Mario\Desktop\Semestre 9\Arquitectura de Computadoras\Practicas\SumadorRestador8\adder8bit0\adder8bit00_adder8bit0.srm

fpga_mapper completed
# Tue Mar 19 08:47:12 2019

Return Code: 0
Run Time:00h:00m:06s
Complete: Map on proj_1|adder8bit0
Copied C:\Users\Mario\Desktop\Semestre 9\Arquitectura de Computadoras\Practicas\SumadorRestador8\adder8bit0\adder8bit00_adder8bit0.srr to C:\Users\Mario\Desktop\Semestre 9\Arquitectura de Computadoras\Practicas\SumadorRestador8\adder8bit0\adder8bit00_adder8bit0.srf
Complete: Logic Synthesis on proj_1|adder8bit0
TCL script complete: "adder8bit00_adder8bit0_synplify.tcl"
exit status=0
exit status=0
Save changes for project:
C:\Users\Mario\Desktop\Semestre 9\Arquitectura de Computadoras\Practicas\SumadorRestador8\adder8bit0\proj_1.prj
batch mode default:no
