Running in Lattice mode

Starting:    C:\CursoArqui\lscc\diamond\3.10_x64\synpbase\bin64\mbin\synbatch.exe
Install:     C:\CursoArqui\lscc\diamond\3.10_x64\synpbase
Hostname:    LENOVO-PC
Date:        Mon Sep 24 09:21:28 2018
Version:     M-2017.03L-SP1-1

Arguments:   -product synplify_pro -batch mult8_mult8_synplify.tcl
ProductType: synplify_pro




log file: "C:\CursoArqui\multiplicador8bit\mult8\mult8_mult8.srr"
Running: hdl_info_gen in foreground

Generating HDL info...

hdl_info_gen completed
# Mon Sep 24 09:21:28 2018

Return Code: 0
Run Time:00h:00m:00s
log file: "C:\CursoArqui\multiplicador8bit\mult8\mult8_mult8.srr"
Running: mult8 in foreground

Running proj_1|mult8

Running: compile (Compile) on proj_1|mult8
# Mon Sep 24 09:21:29 2018

Running: compile_flow (Compile Process) on proj_1|mult8
# Mon Sep 24 09:21:29 2018

Running: compiler (Compile Input) on proj_1|mult8
# Mon Sep 24 09:21:29 2018
Copied C:\CursoArqui\multiplicador8bit\mult8\synwork\mult8_mult8_comp.srs to C:\CursoArqui\multiplicador8bit\mult8\mult8_mult8.srs

compiler completed
# Mon Sep 24 09:21:31 2018

Return Code: 0
Run Time:00h:00m:02s

Running: multi_srs_gen (Multi-srs Generator) on proj_1|mult8
# Mon Sep 24 09:21:31 2018

multi_srs_gen completed
# Mon Sep 24 09:21:31 2018

Return Code: 0
Run Time:00h:00m:00s
Copied C:\CursoArqui\multiplicador8bit\mult8\synwork\mult8_mult8_mult.srs to C:\CursoArqui\multiplicador8bit\mult8\mult8_mult8.srs
Copied C:\CursoArqui\multiplicador8bit\mult8\mult8_mult8.srr to C:\CursoArqui\multiplicador8bit\mult8\mult8_mult8.srf
Complete: Compile Process on proj_1|mult8

Running: premap (Pre-mapping) on proj_1|mult8
# Mon Sep 24 09:21:31 2018

premap completed
# Mon Sep 24 09:21:33 2018

Return Code: 0
Run Time:00h:00m:02s
Complete: Compile on proj_1|mult8

Running: map (Map) on proj_1|mult8
# Mon Sep 24 09:21:33 2018
License granted for 4 parallel jobs

Running: fpga_mapper (Map & Optimize) on proj_1|mult8
# Mon Sep 24 09:21:33 2018
Copied C:\CursoArqui\multiplicador8bit\mult8\synwork\mult8_mult8_m.srm to C:\CursoArqui\multiplicador8bit\mult8\mult8_mult8.srm

fpga_mapper completed
# Mon Sep 24 09:21:36 2018

Return Code: 0
Run Time:00h:00m:03s
Complete: Map on proj_1|mult8
Copied C:\CursoArqui\multiplicador8bit\mult8\mult8_mult8.srr to C:\CursoArqui\multiplicador8bit\mult8\mult8_mult8.srf
Complete: Logic Synthesis on proj_1|mult8
TCL script complete: "mult8_mult8_synplify.tcl"
exit status=0
exit status=0
Save changes for project:
C:\CursoArqui\multiplicador8bit\mult8\proj_1.prj
batch mode default:no
