Running in Lattice mode

Starting:    C:\lscc\diamond\3.10_x64\synpbase\bin64\mbin\synbatch.exe
Install:     C:\lscc\diamond\3.10_x64\synpbase
Hostname:    LAPTOP-VIKJBT0U
Date:        Thu Apr 11 11:12:29 2019
Version:     M-2017.03L-SP1-1

Arguments:   -product synplify_pro -batch mult4b_mult4b_synplify.tcl
ProductType: synplify_pro




Copied C:\Users\Mario\Desktop\Primer parcial\multiplicador4bit\mult4b\mult4b_mult4b.srr to C:\Users\Mario\Desktop\Primer parcial\multiplicador4bit\mult4b\backup\mult4b_mult4b.srr
log file: "C:\Users\Mario\Desktop\Primer parcial\multiplicador4bit\mult4b\mult4b_mult4b.srr"
Running: hdl_info_gen in foreground

Generating HDL info...

hdl_info_gen completed
# Thu Apr 11 11:12:33 2019

Return Code: 0
Run Time:00h:00m:02s
Copied C:\Users\Mario\Desktop\Primer parcial\multiplicador4bit\mult4b\mult4b_mult4b.srr to C:\Users\Mario\Desktop\Primer parcial\multiplicador4bit\mult4b\mult4b_mult4b.srf
log file: "C:\Users\Mario\Desktop\Primer parcial\multiplicador4bit\mult4b\mult4b_mult4b.srr"
Running: mult4b in foreground

Running proj_1|mult4b

Running: compile (Compile) on proj_1|mult4b
# Thu Apr 11 11:12:33 2019

Running: compile_flow (Compile Process) on proj_1|mult4b
# Thu Apr 11 11:12:33 2019

Running: compiler (Compile Input) on proj_1|mult4b
# Thu Apr 11 11:12:33 2019
Copied C:\Users\Mario\Desktop\Primer parcial\multiplicador4bit\mult4b\synwork\mult4b_mult4b_comp.srs to C:\Users\Mario\Desktop\Primer parcial\multiplicador4bit\mult4b\mult4b_mult4b.srs

compiler completed
# Thu Apr 11 11:12:37 2019

Return Code: 0
Run Time:00h:00m:04s

Running: multi_srs_gen (Multi-srs Generator) on proj_1|mult4b
# Thu Apr 11 11:12:37 2019

multi_srs_gen completed
# Thu Apr 11 11:12:38 2019

Return Code: 0
Run Time:00h:00m:01s
Copied C:\Users\Mario\Desktop\Primer parcial\multiplicador4bit\mult4b\synwork\mult4b_mult4b_mult.srs to C:\Users\Mario\Desktop\Primer parcial\multiplicador4bit\mult4b\mult4b_mult4b.srs
Copied C:\Users\Mario\Desktop\Primer parcial\multiplicador4bit\mult4b\mult4b_mult4b.srr to C:\Users\Mario\Desktop\Primer parcial\multiplicador4bit\mult4b\mult4b_mult4b.srf
Complete: Compile Process on proj_1|mult4b

Running: premap (Pre-mapping) on proj_1|mult4b
# Thu Apr 11 11:12:38 2019

premap completed
# Thu Apr 11 11:12:42 2019

Return Code: 0
Run Time:00h:00m:04s
Complete: Compile on proj_1|mult4b

Running: map (Map) on proj_1|mult4b
# Thu Apr 11 11:12:42 2019
License granted for 4 parallel jobs

Running: fpga_mapper (Map & Optimize) on proj_1|mult4b
# Thu Apr 11 11:12:42 2019
Copied C:\Users\Mario\Desktop\Primer parcial\multiplicador4bit\mult4b\synwork\mult4b_mult4b_m.srm to C:\Users\Mario\Desktop\Primer parcial\multiplicador4bit\mult4b\mult4b_mult4b.srm

fpga_mapper completed
# Thu Apr 11 11:12:47 2019

Return Code: 0
Run Time:00h:00m:05s
Complete: Map on proj_1|mult4b
Copied C:\Users\Mario\Desktop\Primer parcial\multiplicador4bit\mult4b\mult4b_mult4b.srr to C:\Users\Mario\Desktop\Primer parcial\multiplicador4bit\mult4b\mult4b_mult4b.srf
Complete: Logic Synthesis on proj_1|mult4b
TCL script complete: "mult4b_mult4b_synplify.tcl"
exit status=0
exit status=0
Save changes for project:
C:\Users\Mario\Desktop\Primer parcial\multiplicador4bit\mult4b\proj_1.prj
batch mode default:no
