
           Lattice Mapping Report File for Design Module 'toplcd00'


Design Information
------------------

Command line:   map -a MachXO2 -p LCMXO2-7000HE -t TQFP144 -s 5 -oc Commercial
     lcd00_projectLCD00.ngd -o lcd00_projectLCD00_map.ncd -pr
     lcd00_projectLCD00.prf -mp lcd00_projectLCD00.mrp -lpf
     C:/Users/Mario/Desktop/Semestre 9/Arquitectura de Computadoras/Practicas/mu
     lt8bit/projectLCD00/lcd00_projectLCD00_synplify.lpf -lpf
     C:/Users/Mario/Desktop/Semestre 9/Arquitectura de
     Computadoras/Practicas/mult8bit/lcd00.lpf -c 0 -gui -msgset
     C:/Users/Mario/Desktop/Semestre 9/Arquitectura de
     Computadoras/Practicas/mult8bit/promote.xml 
Target Vendor:  LATTICE
Target Device:  LCMXO2-7000HETQFP144
Target Performance:   5
Mapper:  xo2c00,  version:  Diamond (64-bit) 3.10.3.144
Mapped on:  04/01/19  11:53:38

Design Summary
--------------

   Number of registers:     50 out of  7209 (1%)
      PFU registers:           49 out of  6864 (1%)
      PIO registers:            1 out of   345 (0%)
   Number of SLICEs:        63 out of  3432 (2%)
      SLICEs as Logic/ROM:     63 out of  3432 (2%)
      SLICEs as RAM:            0 out of  2574 (0%)
      SLICEs as Carry:         11 out of  3432 (0%)
   Number of LUT4s:        126 out of  6864 (2%)
      Number used as logic LUTs:        104
      Number used as distributed RAM:     0
      Number used as ripple logic:       22
      Number used as shift registers:     0
   Number of PIO sites used: 43 + 4(JTAG) out of 115 (41%)
   Number of block RAMs:  0 out of 26 (0%)
   Number of GSRs:  0 out of 1 (0%)
   EFB used :       No
   JTAG used :      No
   Readback used :  No
   Oscillator used :  Yes
   Startup used :   No
   POR :            On
   Bandgap :        On
   Number of Power Controller:  0 out of 1 (0%)
   Number of Dynamic Bank Controller (BCINRD):  0 out of 6 (0%)
   Number of Dynamic Bank Controller (BCLVDSO):  0 out of 1 (0%)
   Number of DCCA:  0 out of 8 (0%)
   Number of DCMA:  0 out of 2 (0%)
   Number of PLLs:  0 out of 2 (0%)
   Number of DQSDLLs:  0 out of 2 (0%)
   Number of CLKDIVC:  0 out of 4 (0%)
   Number of ECLKSYNCA:  0 out of 4 (0%)
   Number of ECLKBRIDGECS:  0 out of 2 (0%)
   Notes:-
      1. Total number of LUT4s = (Number of logic LUT4s) + 2*(Number of
     distributed RAMs) + 2*(Number of ripple logic)
      2. Number of logic LUT4s does not include count of distributed RAM and
     ripple logic.

                                    Page 1




Design:  toplcd00                                      Date:  04/01/19  11:53:38

Design Summary (cont)
---------------------
   Number of clocks:  1
     Net LC00.sclk_0: 30 loads, 30 rising, 0 falling (Driver: LC00/OS00/OSCInst0
     )
   Number of Clock Enables:  5
     Net ENc_cnv: 2 loads, 1 LSLICEs
     Net G_3: 6 loads, 6 LSLICEs
     Net LC04/outWordd_1_cnv[0]: 4 loads, 4 LSLICEs
     Net LC03/outFlagcd_RNO: 1 loads, 1 LSLICEs
     Net LC02/un1_outcommandc12_RNI63O91: 4 loads, 4 LSLICEs
   Number of LSRs:  3
     Net outFlagc_RNIB0OA1: 3 loads, 3 LSLICEs
     Net G_15: 4 loads, 4 LSLICEs
     Net LC00/OS01/un1_sdiv61_RNI23DL: 11 loads, 11 LSLICEs
   Number of nets driven by tri-state buffers:  0
   Top 10 highest fanout non-clock nets:
     Net outcontcc0_c[2]: 21 loads
     Net outcontcc0_c[3]: 19 loads
     Net reset0_c: 17 loads
     Net outcontcc0_c[1]: 16 loads
     Net outFlagc0_c: 14 loads
     Net G_3: 13 loads
     Net outcontcc0_c[0]: 13 loads
     Net LC00/OS01/un1_sdiv61_RNI23DL: 11 loads
     Net outcontcc0_c[4]: 11 loads
     Net LC03.pcd.outcontcd17: 8 loads




   Number of warnings:  0
   Number of errors:    0
     

Design Errors/Warnings
----------------------

   No errors or warnings present.

IO (PIO) Attributes
-------------------

+---------------------+-----------+-----------+------------+
| IO Name             | Direction | Levelmode | IO         |
|                     |           |  IO_TYPE  | Register   |
+---------------------+-----------+-----------+------------+
| clk00               | OUTPUT    | LVCMOS25  |            |
+---------------------+-----------+-----------+------------+
| cdiv00[0]           | INPUT     | LVCMOS25  |            |
+---------------------+-----------+-----------+------------+
| outENLED0           | OUTPUT    | LVCMOS25  |            |
+---------------------+-----------+-----------+------------+
| outRSLED0           | OUTPUT    | LVCMOS25  |            |
+---------------------+-----------+-----------+------------+
| outRWLED0           | OUTPUT    | LVCMOS25  |            |
+---------------------+-----------+-----------+------------+
| outENLCD0           | OUTPUT    | LVCMOS25  |            |

                                    Page 2




Design:  toplcd00                                      Date:  04/01/19  11:53:38

IO (PIO) Attributes (cont)
--------------------------
+---------------------+-----------+-----------+------------+
| outRSLCD0           | OUTPUT    | LVCMOS25  |            |
+---------------------+-----------+-----------+------------+
| outRWLCD0           | OUTPUT    | LVCMOS25  |            |
+---------------------+-----------+-----------+------------+
| outwordLED0[7]      | OUTPUT    | LVCMOS25  |            |
+---------------------+-----------+-----------+------------+
| outwordLED0[6]      | OUTPUT    | LVCMOS25  |            |
+---------------------+-----------+-----------+------------+
| outwordLED0[5]      | OUTPUT    | LVCMOS25  |            |
+---------------------+-----------+-----------+------------+
| outwordLED0[4]      | OUTPUT    | LVCMOS25  |            |
+---------------------+-----------+-----------+------------+
| outwordLED0[3]      | OUTPUT    | LVCMOS25  |            |
+---------------------+-----------+-----------+------------+
| outwordLED0[2]      | OUTPUT    | LVCMOS25  |            |
+---------------------+-----------+-----------+------------+
| outwordLED0[1]      | OUTPUT    | LVCMOS25  |            |
+---------------------+-----------+-----------+------------+
| outwordLED0[0]      | OUTPUT    | LVCMOS25  |            |
+---------------------+-----------+-----------+------------+
| outwordLCD0[7]      | OUTPUT    | LVCMOS25  |            |
+---------------------+-----------+-----------+------------+
| outwordLCD0[6]      | OUTPUT    | LVCMOS25  |            |
+---------------------+-----------+-----------+------------+
| outwordLCD0[5]      | OUTPUT    | LVCMOS25  |            |
+---------------------+-----------+-----------+------------+
| outwordLCD0[4]      | OUTPUT    | LVCMOS25  |            |
+---------------------+-----------+-----------+------------+
| outwordLCD0[3]      | OUTPUT    | LVCMOS25  |            |
+---------------------+-----------+-----------+------------+
| outwordLCD0[2]      | OUTPUT    | LVCMOS25  |            |
+---------------------+-----------+-----------+------------+
| outwordLCD0[1]      | OUTPUT    | LVCMOS25  |            |
+---------------------+-----------+-----------+------------+
| outwordLCD0[0]      | OUTPUT    | LVCMOS25  |            |
+---------------------+-----------+-----------+------------+
| outcontcd0[4]       | OUTPUT    | LVCMOS25  |            |
+---------------------+-----------+-----------+------------+
| outcontcd0[3]       | OUTPUT    | LVCMOS25  |            |
+---------------------+-----------+-----------+------------+
| outcontcd0[2]       | OUTPUT    | LVCMOS25  |            |
+---------------------+-----------+-----------+------------+
| outcontcd0[1]       | OUTPUT    | LVCMOS25  |            |
+---------------------+-----------+-----------+------------+
| outcontcd0[0]       | OUTPUT    | LVCMOS25  |            |
+---------------------+-----------+-----------+------------+
| outcontcc0[4]       | OUTPUT    | LVCMOS25  |            |
+---------------------+-----------+-----------+------------+
| outcontcc0[3]       | OUTPUT    | LVCMOS25  |            |
+---------------------+-----------+-----------+------------+
| outcontcc0[2]       | OUTPUT    | LVCMOS25  |            |
+---------------------+-----------+-----------+------------+
| outcontcc0[1]       | OUTPUT    | LVCMOS25  |            |
+---------------------+-----------+-----------+------------+
| outcontcc0[0]       | OUTPUT    | LVCMOS25  |            |

                                    Page 3




Design:  toplcd00                                      Date:  04/01/19  11:53:38

IO (PIO) Attributes (cont)
--------------------------
+---------------------+-----------+-----------+------------+
| outFlagd0           | OUTPUT    | LVCMOS25  | OUT        |
+---------------------+-----------+-----------+------------+
| outFlagcd0          | OUTPUT    | LVCMOS25  |            |
+---------------------+-----------+-----------+------------+
| outFlagc0           | OUTPUT    | LVCMOS25  |            |
+---------------------+-----------+-----------+------------+
| outFlagcc0          | OUTPUT    | LVCMOS25  |            |
+---------------------+-----------+-----------+------------+
| reset0              | INPUT     | LVCMOS25  |            |
+---------------------+-----------+-----------+------------+
| cdiv00[4]           | INPUT     | LVCMOS25  |            |
+---------------------+-----------+-----------+------------+
| cdiv00[3]           | INPUT     | LVCMOS25  |            |
+---------------------+-----------+-----------+------------+
| cdiv00[2]           | INPUT     | LVCMOS25  |            |
+---------------------+-----------+-----------+------------+
| cdiv00[1]           | INPUT     | LVCMOS25  |            |
+---------------------+-----------+-----------+------------+

Removed logic
-------------

Block VCC undriven or does not drive anything - clipped.
Block GSR_INST undriven or does not drive anything - clipped.
Block LC00/GND undriven or does not drive anything - clipped.
Block LC00/VCC undriven or does not drive anything - clipped.
Block LC00/OS00/VCC undriven or does not drive anything - clipped.
Block LC00/OS01/VCC undriven or does not drive anything - clipped.
Block LC01/GND undriven or does not drive anything - clipped.
Block LC01/VCC undriven or does not drive anything - clipped.
Block LC02/VCC undriven or does not drive anything - clipped.
Block LC02/GND undriven or does not drive anything - clipped.
Block LC03/VCC undriven or does not drive anything - clipped.
Block LC03/GND undriven or does not drive anything - clipped.
Block LC04/VCC undriven or does not drive anything - clipped.
Block LC04/GND undriven or does not drive anything - clipped.
Block LC05/VCC undriven or does not drive anything - clipped.
Block LC05/GND undriven or does not drive anything - clipped.
Signal LC00/OS00/GND undriven or does not drive anything - clipped.
Signal LC00/OS01/GND undriven or does not drive anything - clipped.
Signal VCC undriven or does not drive anything - clipped.
Signal LC00/OS00/OSCInst0_SEDSTDBY undriven or does not drive anything -
     clipped.
Signal LC00/OS01/un1_sdiv_cry_19_0_COUT undriven or does not drive anything -
     clipped.
Signal LC00/OS01/un1_sdiv_cry_0_0_S0 undriven or does not drive anything -
     clipped.
Signal LC00/OS01/N_1 undriven or does not drive anything - clipped.
Block LC00/OS00/GND was optimized away.
Block LC00/OS01/GND was optimized away.

Memory Usage
------------



                                    Page 4




Design:  toplcd00                                      Date:  04/01/19  11:53:38

Memory Usage (cont)
-------------------
     

OSC Summary
-----------

OSC 1:                                     Pin/Node Value
  OSC Instance Name:                                LC00/OS00/OSCInst0
  OSC Type:                                         OSCH
  STDBY Input:                                      NONE
  OSC Output:                              NODE     LC00.sclk_0
  OSC Nominal Frequency (MHz):                      2.08

ASIC Components
---------------

Instance Name: LC00/OS00/OSCInst0
         Type: OSCH

Run Time and Memory Usage
-------------------------

   Total CPU Time: 1 secs  
   Total REAL Time: 2 secs  
   Peak Memory Usage: 58 MB
        
































                                    Page 5


Copyright (c) 1991-1994 by NeoCAD Inc. All rights reserved.
     Copyright (c) 1995 AT&T Corp.   All rights reserved.
     Copyright (c) 1995-2001 Lucent Technologies Inc.  All rights reserved.
     Copyright (c) 2001 Agere Systems   All rights reserved.
     Copyright (c) 2002-2017 Lattice Semiconductor Corporation,  All rights
     reserved.
