Running in Lattice mode

Starting:    C:\lscc\diamond\3.10_x64\synpbase\bin64\mbin\synbatch.exe
Install:     C:\lscc\diamond\3.10_x64\synpbase
Hostname:    WIN-EMSL2UK4DFL
Date:        Tue Sep 10 15:38:43 2019
Version:     M-2017.03L-SP1-1

Arguments:   -product synplify_pro -batch barrelfull00_barrelfull0_synplify.tcl
ProductType: synplify_pro




log file: "C:\Users\Ariadna Gracida\Desktop\barrelfull\barrelfull0\barrelfull00_barrelfull0.srr"
Running: hdl_info_gen in foreground

Generating HDL info...

hdl_info_gen completed
# Tue Sep 10 15:38:43 2019

Return Code: 0
Run Time:00h:00m:00s
Copied C:\Users\Ariadna Gracida\Desktop\barrelfull\barrelfull0\barrelfull00_barrelfull0.srr to C:\Users\Ariadna Gracida\Desktop\barrelfull\barrelfull0\barrelfull00_barrelfull0.srf
log file: "C:\Users\Ariadna Gracida\Desktop\barrelfull\barrelfull0\barrelfull00_barrelfull0.srr"
Running: barrelfull0 in foreground

Running proj_1|barrelfull0

Running: compile (Compile) on proj_1|barrelfull0
# Tue Sep 10 15:38:44 2019

Running: compile_flow (Compile Process) on proj_1|barrelfull0
# Tue Sep 10 15:38:44 2019

Running: compiler (Compile Input) on proj_1|barrelfull0
# Tue Sep 10 15:38:44 2019
Copied C:\Users\Ariadna Gracida\Desktop\barrelfull\barrelfull0\synwork\barrelfull00_barrelfull0_comp.srs to C:\Users\Ariadna Gracida\Desktop\barrelfull\barrelfull0\barrelfull00_barrelfull0.srs

compiler completed
# Tue Sep 10 15:38:45 2019

Return Code: 0
Run Time:00h:00m:01s

Running: multi_srs_gen (Multi-srs Generator) on proj_1|barrelfull0
# Tue Sep 10 15:38:45 2019

multi_srs_gen completed
# Tue Sep 10 15:38:45 2019

Return Code: 0
Run Time:00h:00m:00s
Copied C:\Users\Ariadna Gracida\Desktop\barrelfull\barrelfull0\synwork\barrelfull00_barrelfull0_mult.srs to C:\Users\Ariadna Gracida\Desktop\barrelfull\barrelfull0\barrelfull00_barrelfull0.srs
Copied C:\Users\Ariadna Gracida\Desktop\barrelfull\barrelfull0\barrelfull00_barrelfull0.srr to C:\Users\Ariadna Gracida\Desktop\barrelfull\barrelfull0\barrelfull00_barrelfull0.srf
Complete: Compile Process on proj_1|barrelfull0

Running: premap (Pre-mapping) on proj_1|barrelfull0
# Tue Sep 10 15:38:45 2019

premap completed with warnings
# Tue Sep 10 15:38:46 2019

Return Code: 1
Run Time:00h:00m:01s
Complete: Compile on proj_1|barrelfull0

Running: map (Map) on proj_1|barrelfull0
# Tue Sep 10 15:38:46 2019
License granted for 4 parallel jobs

Running: fpga_mapper (Map & Optimize) on proj_1|barrelfull0
# Tue Sep 10 15:38:46 2019
Copied C:\Users\Ariadna Gracida\Desktop\barrelfull\barrelfull0\synwork\barrelfull00_barrelfull0_m.srm to C:\Users\Ariadna Gracida\Desktop\barrelfull\barrelfull0\barrelfull00_barrelfull0.srm

fpga_mapper completed with warnings
# Tue Sep 10 15:38:49 2019

Return Code: 1
Run Time:00h:00m:03s
Complete: Map on proj_1|barrelfull0
Copied C:\Users\Ariadna Gracida\Desktop\barrelfull\barrelfull0\barrelfull00_barrelfull0.srr to C:\Users\Ariadna Gracida\Desktop\barrelfull\barrelfull0\barrelfull00_barrelfull0.srf
Complete: Logic Synthesis on proj_1|barrelfull0
TCL script complete: "barrelfull00_barrelfull0_synplify.tcl"
exit status=0
exit status=0
Save changes for project:
C:\Users\Ariadna Gracida\Desktop\barrelfull\barrelfull0\proj_1.prj
batch mode default:no
